python@DIYmEROa@2: 9k8PA36nFyx70upawCmZsgUzfrQ1tTJi
python@DIYmEROa@3: o3j79dQMxqrTAbGachZpEyYSPC4f6KBL
python@DIYmEROa@4: B3TzoYcRgW5Kn61aA7djtXZFklNhCxuM
python@DIYmEROa@5: CdUt6xAhM4BYoNLpcyT9SgklwiuqPzHD
python@DIYmEROa@6: lYdHF1NIwco07Qnj5vKt4sWhGrSDxgaT
python@DIYmEROa@7: B2RWp7ofzF9kn1mvjXgi4QPqYleE6CrZ
python@DIYmEROa@8: AclxMGh02VwYi1PNboDCFI47QOXvt6Ra
python@DIYmEROa@9: Vr6mk8wnAB7IcR3PWYSyGNK1MehUobzH
python@DIYmEROa@10: tuH6TwaOJUQ9sryRcAgEepk3Gd45nml7
python@DIYmEROa@11: PD3VEpiBt80lTba4HLAnZJMNfmuSWQ2y
python@DIYmEROa@12: 5CkRlxcsFXY0gHmnhPKSvwzZoDb9qJOB
python@DIYmEROa@13: tef12Jr3yD4jscQ0KHgPkwdZzWFiOoCl
python@DIYmEROa@14: jbfXd7JQ6vhetRCIN3TKgazB9GWyASPL
python@DIYmEROa@15: KHgRWN3Jd1PLzM5lsaVxbiecT4GD0tmv
python@DIYmEROa@16: PgHI7LbvWTnJ2mGtE1yoRcVzrSeCd4aK
python@DIYmEROa@17: toI5a16D3sO4SNZbxRmcHFYuWqjUMhLC
php@cb15f698@0: d12b8e55ce8a461521744056b3b6f305
python@DIYmEROa@18: QTX4MaB7Npzh3bGZSRfnj8PdJol190qU
python@DIYmEROa@19: 9bhKoGMgwzOTy57nRrqmZ3csiv1PI0Bj
php@cb15f698@1: 166c68079019fd9f0df6d891e982c682
python@DIYmEROa@20: lhHZkA3INQy9nSOcosgLapWeTqwr7Rzj
php@cb15f698@2: 6f370403ddccd600f29af1c763fb513c
python@DIYmEROa@21: 5ek6UpxBKPwfmhQ9XuVziDvENT2rWAjI
php@cb15f698@3: ce2474319367bd5d65a7c4a47e3f421f
python@DIYmEROa@22: uK1dfJsGqW0vx9ncVPrARB3LljgIZYHy
php@cb15f698@4: d3803f75dfece8a75d0993068a62a6a7
python@DIYmEROa@23: WoyzLDnh2pQMUuwAXJHiPEmTtqKgas7Y
php@cb15f698@5: 2d6171b6db3317017a755e72effa029f
python@DIYmEROa@24: 04VkqOz5tT3slZJwgMb8hSyaICYfmGA1
python@DIYmEROa@25: dPyL3Ja8Am9K2VHjlekObpq7ostSB06v
php@cb15f698@6: 567308483427c24c1beb2e5f0e9a0895
python@DIYmEROa@26: 0uZr2nzFIHaWSmOwoT4EbUA1pDReiN5c
php@cb15f698@7: fdd088f7ec2061ad7cf7f5103b4b18b7
python@DIYmEROa@27: a5vAIEoHX4BrDlLQeCZsh3GxMkiJKcqw
python@DIYmEROa@28: ZRkyBeU0h7J2p6CPr4LQ9DKcNVItlbgu
php@cb15f698@8: 4dcbe51174f549e2e56a8ea8dea76345
python@DIYmEROa@29: ibJ1wkZz6gqLWchEjKtAB3HDrp8TudeY
php@cb15f698@9: a0f03e22b99bddc8c29d95fb318a5ac0
python@DIYmEROa@30: qJG1afZPLivkUcoTC4Bgz9KXOMn57DmY
python@DIYmEROa@31: yW148hpiKOGSxHPzeQ5w27Z9tYfLbnsE
php@cb15f698@10: b74f7ae1c091d3dca32e29428a4a9035
python@DIYmEROa@32: 4gwZrizJKnftR9l3FYhIOSGaWd6UE1Ay
php@cb15f698@11: 8c9cbde779d3b8b1f06cb0569e8928fd
php@cb15f698@12: 13fa5ab32d40898794efa3addf847928
php@cb15f698@13: 3e9679e20f1f1edc4f47150e540ae23a
python@DIYmEROa@33: shjrnXvN50imy4YozQPCZMwOeEUGxDkB
php@cb15f698@14: 8bee87e0f44b754a81c56f01506c3417
python@DIYmEROa@34: fyUrVuPlKqHeGMJ36CnWzh9k4io8FOva
php@cb15f698@15: 9764072df3c3e1a856d2efc581c31c82
python@DIYmEROa@35: yE1QABa3sNm9VOxS4Hq7trXFnlfRZGpg
php@cb15f698@16: 748874e143449588bd574b7cf4301ad1
python@DIYmEROa@36: aF0zQmT4kSos1JuIEpU9XCy8fKVt5i3P
python@DIYmEROa@37: 4GdeCAKzENkMaPorHquxD5XbcjFLyIYt
php@cb15f698@17: d922688120875f9a358cd5bf6592cf42
python@DIYmEROa@38: UbR2BJsXrza3xwID6pYKeMT854ncLCVf
php@cb15f698@18: d4daf664d1296ee09347241220753edb
python@DIYmEROa@39: pHoya48AfVSCxRvW0NmqkgFzZ95lGBhQ
python@DIYmEROa@40: ow81SFEkTl5OrNDJePAGbBZ3Kx6W0UsC
php@724a7975@0: 3652511bf467f0b3fa962f3075d6c29d
python@DIYmEROa@41: qEKRb0p5j68iCkDMYnJZ9wBh372OLxFX
php@724a7975@1: 46bd497240cd29380aa5a0dfe4593e27
php@724a7975@2: 842383343f7f5d3d0169e5793a0981a6
python@DIYmEROa@42: mjnvREK6rw8MoufYNbIS1HhVGB3PkLJq
php@724a7975@3: 39c69d636c6d3c31a3796219c65a64c1
python@DIYmEROa@43: RVvPbW0JM2uYg784SyZ6q319TIGBrias
python@DIYmEROa@44: KlupERxH3M4UDJvziT2hYfVOQ5eZs0Pw
php@724a7975@4: ea76a7c5686356b7f4eb2b9649634b00
php@724a7975@5: a1e48c6f37a99c997a7dfed9186f5934
python@DIYmEROa@45: 0xj2RTAUcqIQ7n1ZHoKs6DPCNJ8kVwMr
python@DIYmEROa@46: 6mViyb4YC201oaLeGvjZck3xIDQEPXgq
php@724a7975@6: be1777908cb22f13044f22879dda6d52
php@724a7975@7: 1783b9d822c231eace8984863ca0c6ac
php@724a7975@8: 892c328c8b3ff3499a803c61eb0e75cc
python@DIYmEROa@47: boFtpuQB4jrM8TYWy5wizH1KVagZLenh
php@724a7975@9: abd3e7e1eb4a3dcd8546c0c5f32bd75e
php@724a7975@10: abc681b55334db33fa6d825caae5599c
python@DIYmEROa@48: EL1NfZOXmvQx3CYnVgJer8uUDRakysoH
php@724a7975@11: 7db4c14fcecc8a1393e984cc302e147a
python@DIYmEROa@49: zeu0kqiUEtrOpBG2nDZaXgY4AKlmPy5Q
python@DIYmEROa@50: BVzvGRsyg0t1xnj8J63Wlk4mhAEUKDdY
php@724a7975@12: ed5da92b352129bf1554da6eb540331b
python@DIYmEROa@51: S7ERD0jzCKLhOpBYdxMrw2qbXcW8HIis
php@724a7975@13: 933fb6818bee6a1881abde0af63642df
php@724a7975@14: b7c874e1dccf660a35ed33a769d096f0
python@DIYmEROa@52: YL1Ps6iq0ncgpuQUlajryBK87Dokhbtz
php@724a7975@15: 97fb421cd84175290b0380b479b578c8
python@DIYmEROa@53: ElD4TRoyImS39LqJO0wja2z85VtB1Hsp
php@724a7975@16: ad765b6c2e39178d6145abd64663eb8d
python@DIYmEROa@54: NP5BEA2xTl6ry47pUbksVmDLY3Wegt0o
python@DIYmEROa@55: MLe4J0a7RoifmDNpAsEcnXlUdurCGyTQ
php@724a7975@17: 520b522f5b52eeef0a9217c30f14dab9
python@DIYmEROa@56: s30uH4VWjocSTnZ7hPwUOtmbEqJpNzxA
python@DIYmEROa@57: R6kSIJB4PUy5HznMEfpDegoK7X9Y0sWF
php@724a7975@18: 09c0904e0b8e7cc8059002453d05d526
python@DIYmEROa@58: zpYycT1Su30oM926E5JUiHW4ODvIKB8a
php@724a7975@19: cfdbda219ce570ebf89eed9c75e54882
python@DIYmEROa@59: wCmI6MN17viH2XSdOj4EVhBApaD5etfq
php@724a7975@20: b33fd50762eaee654dfeb3225cb2dc71
python@DIYmEROa@60: R5Ba47uQriTpSk0veqxlwyb8NcYXMJgI
python@DIYmEROa@61: HWpdFavmgsX38RnjwNi6rZUey4SV7ko5
python@DIYmEROa@62: PEdC3ZauXf15cDo9p0ASkHw8MnsyR4Yt
php@724a7975@21: abbb1a7a8d21a9add71b88cb14a466cf
python@DIYmEROa@63: 4LIkg9PdRvsZ86Jec52FutnzA1YmC3oU
php@724a7975@22: 9d9e1fedf5ed028c3c6a31ca0ef5e894
python@DIYmEROa@64: gNI7ZMc4R2ak95S6sJlWnY3LtQvOowAP
php@724a7975@23: c017c12fe647986a550e110dea9d2733
python@DIYmEROa@65: 3lyV0cGKoRINSqHd2sWBFPTvMDQYw7eC
php@724a7975@24: 20d8355ff7a708b52f6a8dd2934c427b
python@DIYmEROa@66: anHquTv6M5t1Jw3R0UDICyYdSFmeZVgp
php@724a7975@25: 5ebdabbd7409d1605dfea8e082c5ea77
python@DIYmEROa@67: RskIhNdzP6gnVq4jLwOiFA5CYbQXGfJ3
php@724a7975@26: ed933ead1fcc432a28ad170470375113
php@724a7975@27: cd46d94f4fb3e61a3f3ce6cac386e1ad
python@DIYmEROa@68: wkmWtUeCJ0DB5Onj48y9xzvEfMXZPIQ6
php@724a7975@28: 0dd76fca5de54bcaf712f665c8adda6b
python@DIYmEROa@69: QGWrAcyUS6xkRgD79o5L34JPpejTqzvd
php@724a7975@29: 56c3e8fff06cc491c9336565cd83dc9d
python@DIYmEROa@70: XQlRhvEuJdNKw4BzPIeg7q8C6HxtW5ij
php@724a7975@30: ad36bf706c99a2b7fc382e2a269ed84b
python@DIYmEROa@71: LhfSN7TCa1jByVUEXoFDPW5RzO8drJ0I
php@724a7975@31: 07ea55f82316dd25d38610669e238bee
python@DIYmEROa@72: c7yFaubz3KU1nSABtiTWQhoVs6ONkMC8
python@DIYmEROa@73: lDPGodApr4yCOXEcg1wte6sS3kWIHMNb
python@DIYmEROa@74: r6RLG9Hnu5edUPwpBD8tlSzbXhJAsxIq
php@724a7975@32: 144da668c5b99a8109001f9dbb8a7603
php@724a7975@33: c4b12758f52818b428a0456acc5a28aa
python@DIYmEROa@75: EgvHynCqkDxZAUe1O35rRtl8d2uB6cJF
php@724a7975@34: cf8d5366ec839475cb4a7e21b319472b
python@DIYmEROa@76: Kt7Jz6QvbWcqeOAp38UlZ1xYPy5djLBG
php@724a7975@35: 40f9857586feb392432b505e3ed5b117
python@DIYmEROa@77: pkQnqIgosmv3dDeAxEj1GNZPf794wMK2
php@724a7975@36: 92a17f5dada0eef0bc07342231de1802
php@724a7975@37: 0bcf34e4490e744251201966029ede11
python@DIYmEROa@78: YQKAk7cDNslovnqCVPXzReZ8dhu6r4WE
python@DIYmEROa@79: qObSsLWt6pTCoB0geklxzuRyI3f9Z2Ec
php@724a7975@38: 8c1e6613a1ff9a652d1cc1bf5b3e3b29
python@DIYmEROa@80: RvwPyWQjAX9FGrVbps5mEIUgoYNHS8Kf
python@DIYmEROa@81: tEWQ4erBbL6dxN8UzmVPuypSJsokjO7H
php@724a7975@39: d29268b8b28dff946b4b6f6e3492217a
python@DIYmEROa@82: HDxo9JTnywSN3hQicsv4rjYF6MzK1gpU
php@724a7975@40: 3846032a210a1d10c5c5f241f9e7e70b
php@724a7975@41: 928a9498d1023cc506eb37c41feb546e
python@DIYmEROa@83: SnLaAMpv0zeX5qdosfWtZbOQPBjCTm2g
php@724a7975@42: 6f33dd211870d4c662a37904c4adda4c
php@724a7975@43: ec966cea15f52ee98accdcce39548690
python@DIYmEROa@84: bnUBYruL2e9TxDNRKk80wFypvMldAEo4
python@DIYmEROa@85: TkIDg03miUlZ51RPvzu8FhatMrWAseqC
php@724a7975@44: 744496bcf1f11a39149d4461a21be31d
python@DIYmEROa@86: LGaIXcdjZ8rWk7HJbmQ0hNyStBY1ED95
php@724a7975@45: 8c6b614ea6d34c78f2f113ca838d90c6
python@DIYmEROa@87: xJLbDH0QampFCWGk9Aduwts2YogiU3E5
python@DIYmEROa@88: EUGsLJQTcanCjfx3b1prW40YdOZiNgwm
php@724a7975@46: f690e2301a0c7765151f5ee2151c9e9e
python@DIYmEROa@89: 8T6BctWZAO4MXqhnNzFmudeS3krRDplx
php@724a7975@47: aeca136c3b3bb74be9e273adbb01912f
python@DIYmEROa@90: 7bzacutg3s9EHAyYQWUnjJhXN5pVKDOk
python@DIYmEROa@91: ZrLEaKSCYRmft6J7NBeTVlyozOFin35x
php@724a7975@48: e2eb56a7c84c2a336f539b164b816d3e
python@DIYmEROa@92: nuVQfdXap5JvUwHYC6Ob2tEGgsIWBP30
python@DIYmEROa@93: n7vLMhFDdt3JZrbs6Gi4P0fNT1wmYOp5
php@724a7975@49: 7e03d21e495755cdff296f14f7574b5d
python@DIYmEROa@94: EGgtmJU4ZNx53duM9yrcF0fDWehbQo6K
python@DIYmEROa@95: 7MqsEU1YJKljG2mZDoftrdwTy6bVzxP3
php@724a7975@50: 0b967d385c00973f013e5f752807080a
python@DIYmEROa@96: maTlc0ueUWdK7SB14PZNpRkt6G8w329E
php@724a7975@51: 517a340bcee8567a8eb04af8e805dd31
python@DIYmEROa@97: HNEKehzIgMDXuw9vl3FdnAkmT0t54UOJ
php@724a7975@52: 8f101939ea31e56d9b3191143ad40ce2
python@DIYmEROa@98: FARiZ1OGJVmsTk6dwhqQLYrHW0KnIlfb
php@724a7975@53: 51a0ba38898cc8b884c7321c4ea33343
python@DIYmEROa@99: Y9ef4vXzNE7rOQkWUq0oPKxAG2glVnmi
python@DIYmEROa@100: w1kPme53bRduqATrcsBofjnDOKzL4ZhH
php@724a7975@54: 8581830ddb34e14b87e1e631f3026e3d
php@724a7975@55: 4dcedbaff448380835d5d9f2899d5630
python@DIYmEROa@101: ckWqbKgVethi3DTp5HuyxdJQaXwFlSBU
python@DIYmEROa@102: v9qK2cbTa7zYegpdXAHSnfODlxECF8By
php@724a7975@56: 30ee8fd48fd409e0e1c1aa5170c337eb
python@DIYmEROa@103: cmxl0E8V6GMrzR4sObth1YwQfCSKFPna
php@724a7975@57: 187f47c2d423f01d40163caaaefb7614
python@DIYmEROa@104: keVo8GFs9fy4AH2imtjXZ16YIrL7qWbT
php@724a7975@58: d3f85af2d7c6b8792da06d44255da3c5
php@724a7975@59: 3ec2a3a59255eaec468c1e63db4c3534
php@724a7975@60: 01cb8bdf6155068d0c8a27f6492c2275
python@DIYmEROa@105: YnRGP18dfAXUvEBLMbIhwiSZ4FOzQrk2
python@DIYmEROa@106: xrsyJRTvD8SjVEKYozcwtfleZkM0WqLX
python@DIYmEROa@107: 1MZQoAGWqyf2JmzIb9R0SpxthrDOLlga
php@724a7975@61: 816d85d772065beb50d835c7ee17ddbe
php@724a7975@62: 87a65dfb393d50d7359333a48494d5e7
python@DIYmEROa@108: 2tfLuVCiBd5rUM4S39pev7WNgcskoAJ8
php@724a7975@63: eca965e0fff7980cc8d148708716b6e8
python@DIYmEROa@109: rjyizAXeYqLHTgCIJZf253sl0U6MSDRK
php@724a7975@64: 22dfce2b06b7c15840910912ad77fea7
php@724a7975@65: a65c0b8845f0b2ebcc1ef09d5845f5a2
php@724a7975@66: 1e59aaf3147a90088ef1fa08b52efe07
python@DIYmEROa@110: fB0iS7pa6y9QJNKEqVzZXbUThGAInwr8
php@724a7975@67: 47f06ba3b11c10dd275a079ff9dbad80
python@DIYmEROa@111: 73HcPmyxOGbC0QuL2YAvwZIfgFznlR9k
php@724a7975@68: c9352bfa0eef2b3c9f5c79bca8f28dae
python@DIYmEROa@112: ALE4sk3v2UGJMHtur7CmclxeOiQj81XV
python@DIYmEROa@113: U3iWTKLGrpDXmBYcoQMZa8JsdO1hlRN9
python@DIYmEROa@114: QCViyuFJojXdx3kW9E5m2eD6alP1c78Y
php@724a7975@69: 26b435c5ac0ec3d32d5193acda9098de
python@DIYmEROa@115: Q9dFM86GjO7RYtw1bnUCWNoHzyeAqT2x
php@724a7975@70: a1f5e38210148355e4fde14936c15bca
python@DIYmEROa@116: S13ZwVGBK8ao7lTpFiyOUEvHcN5bLRdA
php@724a7975@71: 9e68698a4acd6b634a62a4b66c61449e
php@724a7975@72: 716d78ac48074483e7ec1a91433ce479
python@DIYmEROa@117: fkcbWgm0qHVw3ueSjIBt7yC8KZ2nD9sF
python@DIYmEROa@118: TtjWQaKYMnuyiHhmwLx1cECpk2ov0dV3
php@724a7975@73: 6e1e5d2d170c696eacca3ac685c46ab9
python@DIYmEROa@119: fyiQ0IruNK6L8dzFtA1DB3CkvOPYaSjn
python@DIYmEROa@120: UzHXB1APNg5K0sInrGjLEOiVpweRb6C7
php@724a7975@74: 4ad333a5915dfa938fe070c07cf4bafa
python@DIYmEROa@121: KijcTrmft2xledpOPuNMz0SFUo4QLkI1
php@724a7975@75: 19713e9b1b8cc7bd95172a1e10e48147
python@DIYmEROa@122: 4oXULikS6BmrPDFsnNg5fGAKhMz8yZju
php@724a7975@76: 56530fe8e37e1cdf3dddf9a983f0c1f0
python@DIYmEROa@123: RwJdzC0rmxScav8OV2UMIAo6g3kNq1f4
php@724a7975@77: 61f3fee5e4282a5519952e137988c638
php@724a7975@78: bff99f5dbf6638ced49ff819e0d24b16
php@724a7975@79: 4332dab746e9bae2163756ac4df9e293
python@DIYmEROa@124: zOYSD9VyqPAirmnIBRfQ12UkXNw68uvL
python@DIYmEROa@125: dhkeH5yFv9GWbc6PfISrB1ZszoQOD2pA
php@724a7975@80: 1ef7414aa881c01b7bd6c2180917e16a
python@DIYmEROa@126: 4NBdoc5fFXMtxuLTEI3yYZJzvW7ehqwP
php@724a7975@81: 5bf93ffd46f798126a24e15937ea19eb
php@724a7975@82: 875a2f5824d18bc8f7794969dde7c13a
python@DIYmEROa@127: 0OgDCvE6aRcP9w4GIHlsBoM1bnLxu2hm
php@724a7975@83: dc2e0b117694a376a9f4387e8ef27b32
php@724a7975@84: 615aea3f38536ca6ccc94c3aec86e724
python@DIYmEROa@128: JXBeDMzhOx7C1boAckH648v9RL0QYWfl
php@724a7975@85: d4428dc90000b974a664e49a8d750840
python@DIYmEROa@129: J4bG1CVX0LIlYgm9DkEQicWfyhqvFdAs
php@724a7975@86: 2dfba958e01a29cc8ca9e3087c34887a
python@DIYmEROa@130: 4m0gBtQSe61j9fPYcbOpu83oHwxIksvz
php@724a7975@87: 801aae2f9b6492059d5c2f28df5fd43d
python@DIYmEROa@131: I7LjnJewBvZHf6mX0kxgsoutb8FiMQVD
php@724a7975@88: 500d1f10a125c0722da4df0996f82bd2
python@DIYmEROa@132: U6ZAIbfROGpeK2jSW0aBdMvJhL4xN5FV
php@724a7975@89: 750ff3c094f608cd53375fbe7c134f92
python@DIYmEROa@133: vSdq16hDomAxtUIL3Mrf0yWg5Qw9nGbZ
php@724a7975@90: ec75ed3894559b05caf6d7ced589b1d2
python@DIYmEROa@134: JY7qd1V4xStrTAm9eyzFPscLB6K5R3jf
python@DIYmEROa@135: Xj4mxnE1IOzCbL5lhHtS0qcUMueJaQ2W
python@DIYmEROa@136: 9cYgK1iFGTlPBUSz3DAIr57HqufvQXak
php@724a7975@91: d6b01a9622b8a934e4c71311852460c8
php@724a7975@92: 50f8c483c8c60d73a265589b45eb65c7
python@DIYmEROa@137: HMzDapQ5bkwIjo98UNFm6lAsnWORXC2V
php@724a7975@93: 9e44bca76aafac03356e7ce6d998d987
php@724a7975@94: 6c6abc0fdb452db6207a1a4cff4f4308
python@DIYmEROa@138: 2D4rgWU0mLaB9dMjI8ZYvqbs15CkVXyP
php@724a7975@95: 5fdb46e92b5c058530f6263d0488202d
python@DIYmEROa@139: uWVdp41joBIqe6NCiD0sFXaKORAhnHty
php@724a7975@96: 6de267cff5a1ea3a74093b08438be5a9
php@724a7975@97: d2b3b78185518c5cacfb44c93aaeeb47
python@DIYmEROa@140: 9J8WF4IftScDN16wOr2enLVjKaTBbMlC
php@724a7975@98: 28e5a4177e4c6a39aa84d5f87b12d44e
python@DIYmEROa@141: 4hBJwdLSP7up0OazRlbMeU6Hnc5xiYVW
php@724a7975@99: 4726855f2a0025c4946dc44c7fe13923
python@DIYmEROa@142: 2lSqOTYFQNiyd4MmZ8GkLbhs5VPBtepU
python@DIYmEROa@143: mFpj5bTR1EMoQ4SPDOfyUt0ugWXrn2IG
php@724a7975@100: 5ec8b44eb892fb6ce95922c05cce208d
php@724a7975@101: 541573485db2ec394f1a54a6bcd698f5
python@DIYmEROa@144: RLjInd3UcyAsS40FJ5W8VbzemwaoqiDt
python@DIYmEROa@145: PbZR3SlWa4LwUd2uoFqh6YGvc8NBQsXM
php@724a7975@102: 1cdf627e1e7aeddd5abd02977e57aaae
python@DIYmEROa@146: DtuIzclP27phed4RQ3XZBn9Ga8FiO60S
php@724a7975@103: 8998eed763231ffb9ea712bf7e982457
python@DIYmEROa@147: v1YCFsALZEgBpxW0cathjVkz4IfrdleG
python@DIYmEROa@148: zuQj6ilX4gCvYsmHDEf27AtrLFS0G3eR
php@724a7975@104: 353a152d3c3c9958ab45e277c8e8c0f8
python@DIYmEROa@149: lXZpNDTjRBYgkfyib3M1F0U2S7LnPGro
php@724a7975@105: 4990255dc6aa8acfcad177851f7fadfd
python@DIYmEROa@150: moStFLie3wIfhUnJx8clq1C2pAukTHK0
php@724a7975@106: 677adc737f4df8b3127c20d71a55d75b
php@724a7975@107: 50d14dca4d1bd2954d9bc85c82f8d179
python@DIYmEROa@151: 5p8CVNkbelBYfzHh10uWtRjJSDAaPyEO
php@724a7975@108: 1faf5f35422ecd09eef41d6a2c869a2b
python@DIYmEROa@152: AxmNVd4ZCEu6QjHMFofqecD2aJPhYigR
php@724a7975@109: 9e080648f406c97c27159911a832d8cd
python@DIYmEROa@153: 4QWyghVXl3CnKexuJDw1qTEzf7bGkLcY
php@724a7975@110: dbe1446dd3d4f8effc0a9e20417d009b
python@DIYmEROa@154: Ao2xct6ds4yqZXQRlMSaLFBHj7EWniG3
php@724a7975@111: f6c2325f1244e2978ca7f96ae5a24e51
python@DIYmEROa@155: gdQD0eG3oN4LqZF2XMUC5AOyRuWHcSsn
php@724a7975@112: 46f576a88c08ca231592fdaa56f2d132
python@DIYmEROa@156: 4YRvafUismhDrCb35e09uzHTpWBMjKnQ
python@DIYmEROa@157: SnDIUsPrxJpjiYO57R0Q6CVXEhylBwmf
php@724a7975@113: 441be1e75abe09f64358b2d6a4a209cd
php@724a7975@114: 0a53e33c65e76711ff17b57d97ec8325
python@DIYmEROa@158: eTDf4KYtbHBg2mR7sZpuCwSM5JQl9NrL
php@724a7975@115: d4bed1e308df4c702981db92fb1f8dfe
python@DIYmEROa@159: I4piAjHvmRFCwnQU5dZc1oNbYzqaf8J7
php@724a7975@116: ab0767da02821fb7bf82089e0a9bebd8
php@724a7975@117: a2b9b000d47d5b4b94d4d4f93d6bfc54
php@724a7975@118: d5c02a9bf3bca351a0060a803156e691
python@DIYmEROa@160: cU703KIquXl89b6ktPVizGJS4AWnZFfR
php@724a7975@119: b4ae59edbc43e3b58848c2156c840258
python@DIYmEROa@161: OXlpmiokPKJN0ubZ6IjSt17TxgyC4Gdr
php@724a7975@120: 25b924258e7898cacfcf45f7e7beeda9
php@724a7975@121: 877cd77d724cc779919043e487f5b2c0
python@DIYmEROa@162: xHu0vUZMze1kXgyK8ptGWIBfjiqcNEFm
php@724a7975@122: a45ac47cd07c988194bd49863c4a160b
python@DIYmEROa@163: sfg8TLjeFIa6KUDrPEwC23vpRydV5uZN
python@DIYmEROa@164: CQEHl8ydSXeTk79RaMAh4g5jOuwf36Ws
php@724a7975@123: e03791838e883824e5c21ded449341a7
php@724a7975@124: 905dd53be1d97dfb269698aa59c57238
python@DIYmEROa@165: zn1vMI8eZB7T4W0NrXGhAyEOUfHQbSpa
python@DIYmEROa@166: V9yPnRkQLqGKOi6hFX5wUodW0gs8l7xj
php@724a7975@125: 0cc86dde1ef0bf279495333f1acc0c97
python@DIYmEROa@167: IMWLFhXp70erqto5lj2Zuw9yGKCcSYkJ
php@724a7975@126: b2b2fc48c52ea4e83886af9b5320a933
python@DIYmEROa@168: KwuzfWEiaALO81xCMZlG2qtkTY6Pry9h
php@724a7975@127: 3c3412ea2f39ebc8466ede57a37acd10
python@DIYmEROa@169: zhoCrRucfQp1L2JBDeVWFiaN6PSYlqOE
php@724a7975@128: f18cd1896217fba5c555d74cf7c08233
python@DIYmEROa@170: zvdQAox3RgLMSVbNfPIHljaE8BuCmsTc
php@724a7975@129: 440dd122f6544b80d2fd7f67ffd6805f
php@724a7975@130: bee6c9d890d945566b08c8ea3c845eac
python@DIYmEROa@171: i1yY5hAsqP3exlGanI9gOom80WN4L7RZ
php@724a7975@131: 77cd2206b628051ad00db5f79d32ef42
python@DIYmEROa@172: RUSzfD1T4mbipg8BCtqdAh2G50o7r9LX
php@724a7975@132: 83a4af1ea5c3ffce342266edaa6d7827
php@724a7975@133: 46f8b212b5819dc4821ef8ff8f461c51
python@DIYmEROa@173: 825UV9FDvmguKMWyne4xHkh0BJTsjNA1
php@724a7975@134: e13090801d275efddae02355118fe20e
python@DIYmEROa@174: BIpv6s0cRNUPX2qAgk8xbH3L7OVy5eQ9
php@724a7975@135: 9e87a34b6b77745999e2640ec88b4637
php@724a7975@136: b4165279d4639a10d272033fd38a01bf
php@724a7975@137: e51ccc30e8ce5155a47546312bd58b90
python@DIYmEROa@175: vsdTx3oMSkJegyz9ODYVpKct8IX4BZNn
php@724a7975@138: 6436a9af1e17575ff2f414db0c0b399b
python@DIYmEROa@176: lDAJiwoTP06VaynFe5Mh2WHOptKs8xfd
php@724a7975@139: 033d78d44ff8c2c7b97988ac9c744d82
python@DIYmEROa@177: BxoF1ANRhLHZJ93a8VkCjm7MdPnQEXGO
php@724a7975@140: 9f33b0d9c25e865cac9743df45aaf601
python@DIYmEROa@178: oi8IH1Tq5Dgks2rMUKn6ZFYAJexVdcEh
php@724a7975@141: 97907e0a4cca35b29b31f256818bc818
python@DIYmEROa@179: 8tIRirJ4TFLO2al37YAMsZbE5dVWzu9X
php@724a7975@142: 76709ccbf132345ee77f394d1d2f64ce
python@DIYmEROa@180: CV8OQirojUKB9gPu6WLlTSYxE2DmXskd
php@724a7975@143: 771eba9b220b9e3cb8c6ee7dbdfb448a
python@DIYmEROa@181: r7MAxQR3oTHzOWZ5YJXpqaKGmgLBDfPc
php@724a7975@144: 52ba381be65511275ef8cd979d90527a
python@DIYmEROa@182: jIQsoLwpEJybGMgB36NUfWzH1Y5DVAcr
php@724a7975@145: 4126b5975e5d8847a972154ce4a04f07
python@DIYmEROa@183: v2fVyUMCeRtWYJPh97FOKB56rijsdzHZ
php@724a7975@146: 2ae1676fb8d76b1d8d741fe203b7bbf2
php@724a7975@147: e93dbd3c7c809d61a62a6905608ede24
python@DIYmEROa@184: gnWh6ce9rsjHz0kPXNdi4SIUZ7ywTLKG
php@724a7975@148: e8543afa1ad6dc144efb14a628b29fcb
python@DIYmEROa@185: 0Hg6vkEKQrwhp2OuZbtdzai8YFW1MnBq
python@DIYmEROa@186: W2gHo7GYt09l3PbnOShsi8VC5aAERILc
php@724a7975@149: 8c4d1899f351c81b6b660dd2931b73c7
php@724a7975@150: c58b9ea5edeb687672c1a4262f3628ba
python@DIYmEROa@187: DmacTIqet8WzfAX1dEM7PvYixyRSVbpF
php@724a7975@151: d58b98f1b6b7e4dc322cbb954cfb402c
python@DIYmEROa@188: LWrDKauzbNHQB2xwC7F4UG1R906PJidY
python@DIYmEROa@189: eSMOzv4uIfNjDWQL8dqgZx2PnJK5TE7s
php@724a7975@152: f95164c57b8cc0a2d0eaade2eaaeb9b4
python@DIYmEROa@190: YiOaqkbuS5Cmhy8dUG73wAjIxXpZPTWv
php@724a7975@153: 7ae92ab0430bbc32562b416875232341
python@DIYmEROa@191: TBYqpOh6r9XHsNA12gt7bwK4yEivSoQ8
python@DIYmEROa@192: Tpreq0MbiE3XS7Rw8on6PzU4c9kIHFm2
python@DIYmEROa@193: CA3wpVI8M5Rxsevd6zWiTYrub1ojkDU2
php@724a7975@154: 2544750d639df9a7fc09c62afe1f4189
python@DIYmEROa@194: rQacOqh3KDNJ42B6pMiYzZdvUT51Lnmg
python@DIYmEROa@195: 2bcKTrBGpFL6uUtqhzH0AJxsEeyjiPfN
php@724a7975@155: 6c471fa5e14d79fd73beccd62b23e5af
python@DIYmEROa@196: b6iMozyLCNdTl852fnFhEYcRBSesvHmD
php@724a7975@156: bf09af80d35a28ce76b00bc8c39c16f3
python@DIYmEROa@197: WaCGEPfrgTbcZtoKOQ5Ne2wk7R1SjlFU
php@724a7975@157: 480881b52dfa367e4a42d09105d24ce2
php@724a7975@158: 361a7aedf142ccffb3e4f48128e77aa7
python@DIYmEROa@198: 8B2HDzsd4lwroWG3TRStA7YQNZCOckE1
php@724a7975@159: 20f8c8dcf107986175f07ddc6c93df83
python@DIYmEROa@199: mX4aoyC2PcQnejxhLJZNdEWHqb1R5Kw3
php@724a7975@160: 42e94784491969d42744ad2387fb5479
php@724a7975@161: 7820966c69fc5ca94452aa4572804aa2
python@DIYmEROa@200: sGpxwtBkLUjTfbzXCrH6O7u9dJ01ca4m
php@724a7975@162: 2833e3c4c0db25f26569721ec3e4988b
php@724a7975@163: 44171c9d0ddc18d60b17d0e1a3fea944
python@DIYmEROa@201: BuEm7xpX1yqzANkHQ0wjGi8I9OaU5MDK
php@724a7975@164: 52cfa86cdbaa97a60092e6d05ee1c0f8
python@DIYmEROa@202: m7iWIYwZndylbM3ATxq9Erv2FsDOLHCX
python@DIYmEROa@203: mLS2sRVlhkT4dgNvtOX5o71GFY3r6IwA
php@724a7975@165: 009816cf363ede69df0bacf675c4c63b
python@DIYmEROa@204: rBZb7wOapH4xSyuUtM5Aol1EnRv9DPmd
php@724a7975@166: 5ed1e5378b45dfd7da140e355308637f
python@DIYmEROa@205: TISnjuZCkfx3PUlR8dzpo5ymXgMKObwi
python@DIYmEROa@206: B1V5nHyDt9Y7p0gGz3rRKdMWkjcm6LaZ
php@724a7975@167: f03a886e5dcce96a918806c551920693
python@DIYmEROa@207: 4a6TLiIdyZGY9USRNFuDWnpxMsze5P7f
python@DIYmEROa@208: j5IF0ZE9rdin2ygmBMX6CscVDRGQ4twN
php@724a7975@168: f6cb96afad7f9b432a58341aefa5311e
python@DIYmEROa@209: 4iez5RWAdbP3GKlTq9YvBS1f2DHZymwV
php@724a7975@169: 788c74f90666a50461cf0907a3fb98f2
php@724a7975@170: 9bc985b39ba38faf5bcd4b723432422b
python@DIYmEROa@210: Ka8wUWjpbh3DTJoY4BHeGN9gu0Zc5LsC
python@DIYmEROa@211: UuPhzVclQDeFBq7bNawfiW6L8T3Z2Ht5
php@724a7975@171: b007f5ca79b15f0dbb832c8c17eb2d1a
python@DIYmEROa@212: w6q2FQdlIRGaSjnN5DxubtKPWpTz1mO9
python@DIYmEROa@213: 64yrFe2PWUdN5ab3twTHQ1ouspOAKfcC
php@724a7975@172: ed9a6a4fe86a2a7ffbc059a8c162c243
python@DIYmEROa@214: bLD5eYArBKnUa9wuWpmPHjcOdXMF4SqG
php@724a7975@173: 4d691455b9b60d68720a7b2fe8e33d37
php@724a7975@174: 2a0283752edf1a400ba7c207e4f7dc58
python@DIYmEROa@215: QtWfwosKrXhAxL2nq9l67PUEaF4NuOji
python@DIYmEROa@216: KCM9Q6ViJ7Ygyuc5E3NSTWZfm1Dlr8Pb
php@724a7975@175: 7d005cf70e679826c66be73ea9a4bac6
python@DIYmEROa@217: OAR01zQHnwXlZgytqIrYoPLbGeFm6DKM
python@DIYmEROa@218: gk5BKnFjrGylxu7DfPs064tzHEmdQOh2
php@724a7975@176: adfbf6128fedad6b50d4e5fb615bd963
python@DIYmEROa@219: 6G3DHmVQzpPrliJeAqncg9h87jIxNvaU
php@724a7975@177: a1a777aa4a931f63c1802b21ee09ce7f
php@724a7975@178: 2f660ad4e5add763fbd6d63b110e8e62
python@DIYmEROa@220: zT7hFweB9dE164uRScsC5IG2PNyLbYXf
php@724a7975@179: 0fc2700fe0f239dcea7dac33f586ba88
php@724a7975@180: 0eb3a6146fa0488b4a0183f8c4b8bd47
python@DIYmEROa@221: OsbYUtajTVFckpRQrIKeNGMCuAE3mnlP
php@724a7975@181: 7bc23fe0c1eff5c4e648877033847a9d
python@DIYmEROa@222: PIubQ6CRd9entq2GYNXJ7jLUczxyBopZ
php@724a7975@182: b2c9bb48c106cfda21ac54f4f2c5b000
php@724a7975@183: 8a867e4014a8b5b2f71e0a0751c2426e
python@DIYmEROa@223: 5oahqcOBXLpev6TnxmZ3zdCMRH9KjUtE
php@724a7975@184: 85243d3a2d76f95690f1e24f56e28bf5
python@DIYmEROa@224: F483Ei7sTLgJNtoMIWKQven6PCkula5q
php@724a7975@185: 0cc361e80046c44fa263f323f489bcef
python@DIYmEROa@225: 8vPQWdyADLpfRtF6j4CKBbrXZVelEacT
python@DIYmEROa@226: 0jLv6m3MGYADH4PtF1fnJpO5KyaVCqlS
php@724a7975@186: dcede906edf969c103dcf79e23a23ddd
php@724a7975@187: 1c31f2387c0807db2d8dab6da349359a
python@DIYmEROa@227: GaINEP85w4CKkMJ1ucOSTrtvxmdne3oy
php@724a7975@188: 7f3aa02f34cca79c3762c0d2917061b1
python@DIYmEROa@228: 9l4bdGJyhMNnc5AsoDCWpO2B07gUfRXw
python@DIYmEROa@229: shApWLQb26FeoqMy5P8DKrSdjZRC4EfJ
php@724a7975@189: 33a90f38471525a797614833e41fafc7
python@DIYmEROa@230: yodMLAerV9I0px4DvK6CZSWHmts2G3jB
php@724a7975@190: 6604eaa75b5ec6bdee949822b49f660c
python@DIYmEROa@231: 69t2A4EpfDqMVyobcUevkgnCudROPThw
python@DIYmEROa@232: y926TubAm7lNa5ts0z81Qr3UixdfjInp
php@724a7975@191: c6db2a1b18e919ed27d31c07ed107fb9
python@DIYmEROa@233: FQRh1ozNSkm4vTWXtZEUAsDx8Ygijce3
python@DIYmEROa@234: 6Tm8dObYC2RktWLXsxg7AUeBJ9vnl0rN
php@724a7975@192: b332c0115872f39c2865f604358e7547
python@DIYmEROa@235: ersbwO3CHAIF1RYWj2cxJfty6aVLmhuz
python@DIYmEROa@236: som7PbNG9Fjiu6tJKXeS084hLYTBQf2z
php@724a7975@193: 3b78cb524d93a89f6895b841a41f428a
php@724a7975@194: 0a239fc6d5032ad94869588de9a68257
php@724a7975@195: f7ecc5152cf462046bca7dd323c47855
python@DIYmEROa@237: zv8E0q7dj2gpauhSHxMscm6JCNIFRf4Q
php@724a7975@196: b6c1d8c832b8845d0041863d86c46001
python@DIYmEROa@238: eH6zhuj1iXYcO7vTCb3JtBgxmGyfUADN
python@DIYmEROa@239: RyForldeNXvWDwun5TKiYA3H0xf81CSI
php@724a7975@197: cdd18dca3d4e403bd4ef978524057c49
php@724a7975@198: 9e864963b407657e28a06838d7886ac2
python@DIYmEROa@240: BcmLyGo8fQ3u7p6vzZj1PxdIAi2SMHwD
php@724a7975@199: 6da421c8ef79a44040bfb729a5e1496f
python@DIYmEROa@241: nlsTgQUpMvHi4mJ69kGjBqEzIL0XaAZW
php@724a7975@200: a4f1b745c47eed203e78759afaf7807b
php@724a7975@201: a7942b3132cf8d12541531789fd01cd0
php@724a7975@202: 77cd7720a4ce0351abdeaae9a90b3153
python@DIYmEROa@242: OkLrHQaogxuFpBbVmDjhEvIl7TA3Sy64
php@724a7975@203: e382adbb2336810c21d15af03a921972
php@724a7975@204: 5e29762d6f205fc583db5305adc1341e
python@DIYmEROa@243: rXF3Hg4nBJ5jZN1uSRtOLEzbo9v2KQpd
php@724a7975@205: 3235b9ff369acd39d6028fbda24db939
python@DIYmEROa@244: LFfBMNhrKJzW9ye0Qn5EvXxSA3HjDOm1
python@DIYmEROa@245: 5yMHWKrNfJVCqs2SDnApBlikXO4dhE7e
php@724a7975@206: 88f184759f1498cc9a8dd0ec9a016921
php@724a7975@207: 886b7ea9dda9f00625da4815cd5a573f
python@DIYmEROa@246: MpDAh4iSbrXWwGe0aNzjCo1qBQdnx3Ut
python@DIYmEROa@247: r2GvfismpwhkNjtu8yIMcUJoqLgHVCzF
php@724a7975@208: 60b53830d060470c27b9dc81504d6086
php@724a7975@209: a09ec95fb363d8debbae564263dffddb
php@724a7975@210: 99dda06bcc65f8c6065beb1fe0d6d60a
python@DIYmEROa@248: oEkIq7JQGxUc3f0SiRvbKr28WgVn6Hdl
php@724a7975@211: adc96005f2dac99d41edae58cc69b696
python@DIYmEROa@249: 4KFpZae9hoqbBnTUkv7JfwS8YLPNjM3C
php@724a7975@212: 1558395fd3632ef40ba0b40fa22358a9
python@DIYmEROa@250: gXNjoDEis7yQlL29ekacS05KYz8BxVAb
php@724a7975@213: 92b5286f7200648ede7576ead8a7dae1
php@724a7975@214: 88d86144f3d9e3ceab5f39027c0b1ad8
python@DIYmEROa@251: TF6OMUGf7SXd0EBkgRCxmIZNJqK1lj4i
php@724a7975@215: c105c884cb42fb1f12e1d7712f011022
php@724a7975@216: b07c826a6bd1c96201e794e2dac0ae55
python@DIYmEROa@252: jacnWzEhZ5YsqFK3NGyp41IPUvSolueA
php@724a7975@217: 2aee2fbd8ef96e22144f4db64a0aaa0b
python@DIYmEROa@253: WPq0HUQMmy4C8fnhYIu7VJrGAogjw3x9
php@724a7975@218: d12dba01639c0c831bb9847127d43509
python@DIYmEROa@254: kNla7O1PyK0wXE2vzGD5xWboRghsQL3t
php@724a7975@219: 4fd553232ed322805cb680e456e5f45d
python@DIYmEROa@255: qBPwco30yG6svELMur5VnFizQNhbad89
python@DIYmEROa@256: Lw50td7kyjFIq2KMzEsS9RgGW6AOpN1i
php@724a7975@220: 0eea9f8878215a7015b9ebb8bcf0a2da
php@724a7975@221: 57b145a7f3eeb7161dfaa8c681c52820
php@724a7975@222: b525c6795bd524067dd11e0a44f8a492
python@DIYmEROa@257: M9EYtDLXzuk4Wvx8nAPbHTmSRB5a7Ci2
php@724a7975@223: 93c0ce470825d8fa7b0da04cfcf38e60
python@DIYmEROa@258: sZUiNgMXycqYkKopn9zf3mtlQOGbBREV
python@DIYmEROa@259: 5bNOCwEyVF0S2Ip7nmB3AehsULqTx4ui
php@724a7975@224: 91bfa5b43468c0e519d6efbc47229aea
php@724a7975@225: f2190ea3a57b492e17bfeb4a2079fb02
python@DIYmEROa@260: JlVu0O6KpS1c9Zrk34N2MgPFGILvdA5j
php@724a7975@226: f0c517f73f8d130944346039cc7fb4c4
python@DIYmEROa@261: 3w7J9hknmrMFQp81sT25xc4KHfNRqUPB
python@DIYmEROa@262: NSOBoIy4AeELP7UlkacJz0RmT2KZXCqj
php@724a7975@227: 8f39677aa7a166e297962d65d8ec4884
php@724a7975@228: f368d953396c6b2991dfe717f6399b19
php@724a7975@229: 5994f822a57b13606ad1f1d3ac418508
php@724a7975@230: b4ef4174a543799c1c047b6e9adbe74a
python@DIYmEROa@265: SvOi7QMlcwKkPsATaL6IWXeyYCHRu5jt
python@DIYmEROa@267: TWNMVJqkjr61aYyuDtiAHSdlZIXme9pQ
python@DIYmEROa@268: Oc8g6VeS1sPhrdpmtQiRuHqBGvLC794T
php@724a7975@233: 6af6e4a60abcf4b3f47ec69ae971d059
php@724a7975@234: f79383723be2df4f5dd9bd36b2a602d4
php@724a7975@235: 2393e9e2338239996e39217e4a00914f
php@724a7975@236: 8990da32b8e9472ea82f6461c9f5e6a8
php@724a7975@237: 96bec4a4baf91ad2723a9a26ad79d972
python@DIYmEROa@274: zGgbWuIDmKrktO2MZlC18RFTB6AYJESa
php@724a7975@239: 25d9d5d4a724288152bb71a95e68fe07
python@DIYmEROa@277: HCKu0XEYrpl7igmzqhwSyTaO3MjdW4JD
php@724a7975@241: 11053b352ae1b0e9a2c1e64f1e4d7d79
php@724a7975@242: 67bbecef5f66a81cf055f38330c1e55d
python@DIYmEROa@279: ElmVny6NkG0Xc8FrQRoqM5W7Abjx23UT
python@DIYmEROa@280: MViIBKqE1pDP8d5f9aclxbuJzwj7nQ4U
python@DIYmEROa@281: 0ZFKMQWXhU1Am2o7IOTdsjDeRzxNHCtb
python@DIYmEROa@282: AbMsNvpUG1Soz4eIdFVinfkKZ5jYuPcD
python@DIYmEROa@283: 4q01CVFJ5nNAcd9TsgSYbQEv6mkp3Dew
python@DIYmEROa@284: ctLjDpKCe8kbr2SPBh91RinWY5vTAFa6
php@724a7975@249: d140be7d4ce55d36593de33a3975a122
python@DIYmEROa@286: DLiZOW0k3lPJxrjqy9avnRI2f4tuzTdg
php@724a7975@251: 9d51238c5dc689c6f672ebfdfd57ea82
python@DIYmEROa@289: 95KyCSuPD4WgGzvaUm7ipIEtLMrdZfYe
python@DIYmEROa@290: 8LKcuRq7N2kPG1aZbdCQwpxzHFTB6fhy
php@724a7975@253: 14b8ecac519bcc155dae7fab74a9d802
php@724a7975@254: 49cf3cde573b9fdd003d910c0c000ab3
php@724a7975@255: 79a992e8656b4ac8b0799e55d2590f54
python@DIYmEROa@295: sNV0cxeYqXUwKFfPWDuhaQ1dTzm74ZOr
python@DIYmEROa@296: GUKxatyM0b3vmqzWBCIdlDQir8uow6P5
php@724a7975@257: ce1dbf806c6cd306c27fd5cc6af515dd
php@724a7975@258: 4867d2d031953265b805a3db1ed39ae5
php@724a7975@259: 6fcd46b7dac489d09430d12be1f8b2f5
php@724a7975@260: be61acb7ce6b7306686850b88a57b75b
python@DIYmEROa@301: zaqDA874J3QwOPBE9vGXu5lUKICtdkVg
php@724a7975@264: d0a7964d030c54abb7c9fa58662c6ec4
php@724a7975@266: 6bbbd1aad19646bd1bdc933e04e0c744
python@DIYmEROa@304: l9nkVu1PNtMJFi2o53b7pZAWE4g6BXDx
php@724a7975@267: f0773862bbf806f975dda15ca6d7da46
python@DIYmEROa@305: VSu0Up8ZHkDxIirFoTBzv4OAWJY2Qmbd
php@724a7975@268: 64a7d036dc2c710fcd0c81450468dd9a
python@DIYmEROa@306: gelHKucE37MAFDnI95PorNmiSkW1pJVf
php@724a7975@269: 0358e889e36fc596519491f685dcd446
python@DIYmEROa@307: wxfZV8m9WO0bh6FSLuDKpI4TnUtlYyzP
python@DIYmEROa@308: f7pvVNib90gKtFurdBD68SmMRk3hjUna
php@724a7975@270: 43fde0d25aaadff49b093c0c4e22f460
php@724a7975@271: de03f2b3f771a3336a253e4fa0a04c81
php@724a7975@272: 35d877713d28c23b8598ff5e39208919
python@DIYmEROa@309: z9QuU0K2ZNvxPw5IMaHnWmpl3EDcXeBb
python@DIYmEROa@310: FyBOnJcPxNksYUztvSfHqrMeu3E4lGT1
php@724a7975@273: c4fb1ea7f7bade08e0529daaa4d22577
python@DIYmEROa@311: uUb1RDK2m3NXS9LtgICPol8fMOeHkxzV
php@724a7975@274: 9ff207aa72a39aca80c4205de557c7a8
php@724a7975@275: 2051015c3a6deb854984d940ba8119f4
python@DIYmEROa@312: W9qaHU8k7NuK12Py05d3hFVicZgAtSBG
php@724a7975@276: 7bbc19971af5299f79e0e7b1a77b1b31
python@DIYmEROa@313: 4Msouw9QCB5Ov0m6ixH3bZTYF1SKpyhE
php@724a7975@277: 13649c993afebb0610c6b45134f39cc0
python@DIYmEROa@314: DlEthJk5sz6IVy0MXOc4ZxHqgP8reKSN
php@724a7975@278: 03832418b9da27dc9454833b5b9fbb0f
php@724a7975@279: c9d3b2e5c6be31f2d98f419a3d0b518a
python@DIYmEROa@315: Lgs7jtEWcPrzQYhkFvyN3DAbRT59COwo
php@724a7975@280: fd21ee54eb74b1da9865588817626256
php@724a7975@281: f3c5c77f870f3f4fc197f2a189fb361b
python@DIYmEROa@316: KN8vmDjgyYhCdz0nOtI27eaPwRBxXcT1
python@DIYmEROa@317: FMkIQzhlqutHYGjDXRScwarPC79AxLE1
php@724a7975@282: da5f50f0e8d679a39fa4fa141cc07ec3
python@DIYmEROa@318: Aox9tG3buBkYhmy4Rq2TSZQMjUdEeXWL
php@724a7975@283: e4760779e2c8a6563114c9df7573d1a1
php@724a7975@284: 15c3b511e6717b6cc027acc9185eefa9
php@724a7975@285: fdf9403096c1d31664905ad1ba892b37
php@724a7975@287: 0b24fa8d4737e351499bed682e8cae21
php@724a7975@288: 1f750bdb6464f5b12101692d0a5642dd
php@724a7975@289: eec9b412ab56618bacbf596fddcb7e11
python@DIYmEROa@324: 58wfcptDJoTgAz9QLPlvqMrjNEisx2Vn
python@DIYmEROa@325: bm4E9eLJVitOkcfa7r8NxFwh0QySzKB2
python@DIYmEROa@326: ykDUWopi9FzSLgNT75RfuXP0wQGAnjM8
php@724a7975@293: 49805bb42609eb34d5fd51723fdb79e4
python@DIYmEROa@327: P5X0MlOkrqJmo6exC8Ahs1UvgjY7EFdb
python@DIYmEROa@329: QNCPHsOLkjrASRJwqv7p5X62o0i8Ducf
php@724a7975@295: 3e0f52280c434fdd177ad12e935b068b
php@724a7975@296: 864e09538d56e1321e38375f15e586c2
python@DIYmEROa@333: qQHnACt9hKecYRsdUNBFuZmbP5pV4jok
php@724a7975@298: 2ce77ecddcde1977f112acc3d73137ca
php@724a7975@299: bb51c0458e28587af43da3d6d66988d1
python@DIYmEROa@335: WGLmkC3phqF9BeI4lEsKAajinXfT6uw7
python@DIYmEROa@336: qIWK5eNHvp26EJXYZlFGU3SDh10ouwda
php@724a7975@303: 44ceaab749b06c6cf6b7fe494b9b8916
php@724a7975@304: 385399aab0c14257590d8dad4d99190d
python@DIYmEROa@338: i8JtLU9IMwgrb6AmWK7YfEpGsouHTBRk
python@DIYmEROa@339: 7TJIUkVp8jMn1C2qPWXfYEaR9Zz05HSK
php@724a7975@308: 07bbb22e5e35bbedbf491e5053fddfa6
php@724a7975@309: af79fd10da46ad12ecce7538d2e1aab3
php@724a7975@310: 7ee4eceee325cf8e5d95328e3f0ca320
python@DIYmEROa@342: zeq2IjT7LtbOipdUNKCJVEYr6muxklH4
python@DIYmEROa@343: krRmTjts5JcYS0lUHaFgef98NQybKMoE
python@DIYmEROa@344: ycawPdBYXW2gjOGL0o4l5F1qt3fmvTSu
python@DIYmEROa@345: y90K7CHQO4fFmGsLYe6ojrqxAknctSVR
python@DIYmEROa@346: zTgLfaF2WIKwv1uoYqrtV9QX6cHMyd40
php@724a7975@317: bb9af981746adb1ef543b77262679d07
php@724a7975@318: cd77c59cdc2c816572c16fbc9b095a51
php@724a7975@319: 34ac0efd8a83fb34d1f52a111a6a6c2f
php@724a7975@320: 3de76658c271ac1402d7f819815be308
php@724a7975@322: bb7b26e1503cc3b106a2233923635316
php@724a7975@323: 9597bb3a813b6ce31b7c4ebe316022cf
python@DIYmEROa@352: mnpi8wQDxAqE2saP7YJ4gW6SUd3KBukj
php@724a7975@325: 404643aab6bb07d65819277e950c2dee
php@724a7975@326: 893afce7c706c0b06149197b1bf84006
python@DIYmEROa@354: ObUwVlCDIpsqB0dZ1zLtYfnGAv3gekH9
python@DIYmEROa@355: rvz5yPakdpYN17Jgo6XBwKLGiAU9tmln
php@724a7975@329: 8ed3916e312fcce46072c09270f7b0ae
python@DIYmEROa@357: 1gj2BQTM8HeZxK7pUksiy9FICYhX3vOS
python@DIYmEROa@358: ZYvzrTqKtf5DmgA9osyi7LUaWpCkPdje
python@DIYmEROa@359: GJ3k5AmbMu6qeaIRxs1ElUFwoNZ78tKW
php@724a7975@334: e719e537a1f1c55869f2e872fdc8763e
python@DIYmEROa@361: OI9DiM17sWacypzG3gLbBjxFnV2TvfQJ
python@DIYmEROa@362: UVuv7aRTOir4Q9SXfednBqk12lAzK8wJ
python@DIYmEROa@363: InHZtWwMLUcDBOk3p1fmTJYQNSyVarAE
python@DIYmEROa@364: royqA52KflngWm7UEIvuZ1kdT8HRjp49
python@DIYmEROa@365: Htqbgjfk1ZNmA0zTYdp6Xu9ISUsxnc8B
php@724a7975@339: fb867903935ad97c9b26470a833db8a1
python@DIYmEROa@367: tkoTD6HSrWmLvu3PBXFhY2ldMKQ18Ccp
php@724a7975@341: fce66574b04a21fb6012a59558a8368f
php@724a7975@343: 750dd32f4b45f643d2daf50ce79c7f3b
php@724a7975@344: ca0f6468b9b08abcee307e3f1f49825f
php@724a7975@345: 7aaf515a3a6b4102f86e84a0655c64a9
php@724a7975@347: 87190f6578518a08bc424aff722d669b
python@DIYmEROa@372: rN5o7YuOndMVeETJX0FD8hlsRpkGcBy9
python@DIYmEROa@373: C5KRtxp9v81cFgrmPdIwEDZBQiJWzY7V
php@724a7975@349: c7772c469806a7f019cb721b7893785f
python@DIYmEROa@375: 8noxLcEB2PNuCbq9i0dfRDhSWjK6eUIM
php@724a7975@351: 1e3d51d744d027684f8c5a1ab237335c
php@724a7975@352: b0a77235181a91a8cc1e289180d2d651
php@724a7975@353: 5acb83e718e0d2a0241faf51ba6a12f6
php@724a7975@354: 8a5e2a40cdbe5e6e717e346f4251d025
php@724a7975@355: 6434ff6aa884aa5c0bbf3ce6becf0ba7
python@DIYmEROa@381: 5d9nzmrKlp2XMaA0PU76oq4EcxygYFuD
php@724a7975@358: d954cb5202726e653a60a296c94d4c57
php@724a7975@359: e8cdef2f4f92ac0b9b420880e8ce59f0
python@DIYmEROa@383: BLHblCxPwZ94Rh6gcJmsotYW7KMuE51Q
python@DIYmEROa@385: UprvinRyWKx0S5qeOcLP2QgTDNGl6zuj
php@724a7975@362: 892e3f7b807dc91ea25a3f32a88cb4e3
python@DIYmEROa@387: MhY9aeBZytvnr8WmRuCidNO1jsQ4xXw7
python@DIYmEROa@388: pX9ROaMNH0vsuDT7J21V3w4gqnbkeyrt
python@DIYmEROa@389: QpuUzSPlcYEWVKdve2Za8ht0x13R9o5D
python@DIYmEROa@390: tXBxAfLhkRTiGKFoYWwnpOE3UNm19y6c
python@DIYmEROa@391: PdKepZCX4mSzIQF8HTsYLDn0ftW6VgUB
php@724a7975@368: 40612dc610d21273131c35b8025ee3f9
python@DIYmEROa@392: bjoSr2PlzqZWchTiXutNGM10QDCKdkna
python@DIYmEROa@394: y3RzVouQAwkFrc2SIHOE01s8YdxWJ9mn
php@724a7975@371: 3f6d56279a700b0cf3122b7b024cf4c1
python@DIYmEROa@395: ilFc3KmtERr2UsGn5JhdH9ke8jSAZLVw
python@DIYmEROa@396: muJ8UYRHtVCxdzlW0cq3iDjEnT6FkayM
python@DIYmEROa@397: zpaelim14BLZOPk7QtMqrgFhnvHyWX2V
python@DIYmEROa@398: 1LknIGACRNEVazx2W9yJwj08SsubiUK3
python@DIYmEROa@399: 6m78MqNFxzblCIhoT4E09wZc2g1pKJQG
python@DIYmEROa@400: qZs8zdJjukvtrn9UY5aAofwTDpMRK6hi
python@DIYmEROa@401: 8wrWov0jyMAgEuU71Z5hc6l43Q2FqVSn
python@DIYmEROa@402: MI0cSRrdlqhDQab43n9FfwoEsZxygO75
php@724a7975@381: 14fc26023852d828812c9399cfedacc1
python@DIYmEROa@404: whkcAajFEpSW3YeIK5vLlq91bxX2QHsJ
python@DIYmEROa@405: 4cQzvdTpXOwoMrEDWfyFCJL1P7mYxnSZ
python@DIYmEROa@406: 4WP3o2BRN5XOYuFkZQd6fJeiLSVmbIE9
python@DIYmEROa@407: uEUywF2AGYi5Vql6tkWKxdc78gJSmaZ4
python@DIYmEROa@408: dTm4veKZap2U1RDHcVYI3oPNj6yAgsJ7
python@DIYmEROa@409: KfQtXBen61ADbG8FZaycNYIJd9oMulgi
python@DIYmEROa@411: hAQ3pTPWD6ulgbtGCXZJEeyvj52I0aKU
python@DIYmEROa@412: Id3nQ4vlTxbLyYfCuJokwp6St5a8BHGK
python@DIYmEROa@413: 5xuvBqJby2nc1EQ7UmoMlFSVXjYIdwgP
php@724a7975@389: 6ce0c0d1ece1fc9abc856902325b52b5
php@724a7975@391: af9bfb7ae821864fa20ae1508da599e7
python@DIYmEROa@415: 7D8ibzLk4IUmQgcuS3wVJKEj6RPFMYvs
python@DIYmEROa@416: xB1EtCoJ9UgeVlWH5cyvpwd4NZP3L2n7
php@724a7975@395: 223d6f522986404d2bf1debf56141c2a
python@DIYmEROa@418: c7tjyNCgszKSPDrAhknZMpTYiWUI23Fq
python@DIYmEROa@419: YjHPc02Ve8w6dAGOUopBZNElagfQhyFk
python@DIYmEROa@420: M9rKDT26Jvl5Lhb0cnpSQ4s3yfOHYzFN
python@DIYmEROa@421: i4UMBdKGf7ngAwVa6vpueLWqy80OoEFD
php@724a7975@399: 66b1033b73ce58ff5dc5e345734af7c3
python@DIYmEROa@424: t57p0GiZdexkgPYhTJ4bBu1DqfF6z8aC
php@724a7975@401: eb2ba820a2c1d71dd141f313cf6c9205
php@724a7975@402: 990e8c9d65fe8ad4d0d55f805d2f6fb4
php@724a7975@403: e04d27e3b52f150ff95204cf6b8b4ecd
php@724a7975@404: 1776f28433c28440fddaedb7e6c55265
python@DIYmEROa@428: TmwVdgC51kZGJY6aSs4cyMr7qXUnuA3L
php@724a7975@407: b562ee50a6af26cefdb4beb19d7c02e2
python@DIYmEROa@430: fNJTzB6nyS12hd3Xk4OuaplPWsbIC9to
python@DIYmEROa@431: tBDEGMqJPakpjL0lQzVxR2hSov5KiZ4s
python@DIYmEROa@432: OgILcoftkVT5KeMwQvupmN2XlqF4DRaE
python@DIYmEROa@434: jZ7c4wqk5QtAPMrunEl2y68iHUGDezJF
python@DIYmEROa@435: ElR1wyrBdmgjWtHMY4VFcpNqCoJx58hL
python@DIYmEROa@437: voBK0ik2xrc4LlWAb716V9GhU3DMZqjT
php@724a7975@412: 1af0d7c4aa382028dcd7b82a4a0eeea5
python@DIYmEROa@439: bmKOBNJdinspvaUrhVQLMICYeq3owP29
python@DIYmEROa@440: 3bu9DjQoJ2VFXsAWvOPcZqiTEKtLMfGp
python@DIYmEROa@441: SmPtbIqLYJ9jH1K276iM4VkEQZrvuBh3
python@DIYmEROa@442: RTkY168fzKHiSuBc5vyO0agZtUne47Md
php@724a7975@416: 35ea2694917c5061d83a45dc1ec91720
php@724a7975@417: 91bffcfbed50b02c3a3c1bc250580af7
python@DIYmEROa@446: NVm09bYHOEIsArqZ2TRCQXox5jF4JG6y
php@724a7975@419: b43910752df9e81c1948c06b4ec677b4
php@724a7975@420: 48e08e9923741a38a21047dd30029a62
php@724a7975@421: f1bb2d9d2bd5d8a1a936543d6b3b516a
python@DIYmEROa@449: tC3y6i0BkmUfxnT7RFVKPs4gDQGXhdlH
php@724a7975@424: dfe898f1f822840661b1d33ff19a86a5
php@724a7975@426: 172f331caa4668f8bcb6b4b53e88ca2a
php@724a7975@427: 6c381d0fbe78f301020a2cc46d4eebe9
python@DIYmEROa@451: XKbawpvoBtjPEQRrIUHZ4M7325VkyJfD
php@724a7975@430: 1c1d23cd893aa8fde0530b52f70cb46e
python@DIYmEROa@453: mEbIokLvYCDTHiSzu4071xefJrANw8WZ
php@724a7975@431: eaacda58d4cb81e47e7938a79b2ae333
php@724a7975@432: 9772398e9c829d180f7947aff9b9d64b
python@DIYmEROa@456: j8mupUdXcKHBtRvOiS4Wb19LDNoZATxl
python@DIYmEROa@457: 6MTPvNI47Oo38hjr1wBHnq5DAZFX09KC
python@DIYmEROa@458: BGaS9Z4b7CFQpuIxUHRcMVn83DXlPtYj
php@724a7975@437: 0fb2148dd67ce3399ee00d199f8d0d3d
python@DIYmEROa@460: PO7s4jeYQpVNTcUn1MALRKS8g5bH0Dmw
php@724a7975@439: c6ccb174f4c6accfbd276ca60118988e
php@724a7975@441: 0ce0ab85667f7557a1065f681b72ffb1
php@724a7975@442: f49b566a25000a6294c81f9298ffce0e
php@724a7975@443: bd596f43b3cc7a4408e1ad3187ac9d85
php@724a7975@444: 9c50988c151d0baf25b9db2132646931
php@724a7975@446: f813e74107e9ef141c7eba525137f8f2
php@724a7975@447: 7b839ade410565c4dbc3bf970aab7443
php@724a7975@448: 64bff31162af99b265863970dbd8686e
python@DIYmEROa@467: PeDT2r4kZuhst8YNIGwOp60VAdHEXmCg
python@DIYmEROa@468: go2m8dqbfh9tBYFpyRUHnNSkKDjOrE36
php@724a7975@451: dd4d5ee1a1980df017c90ff0bc5e3100
python@DIYmEROa@470: Vq4HJ59aBnKFO7RULSgdf2lyoEM63YhX
python@DIYmEROa@471: ZOLq28NIKdbkFTAPCGruBcw0henSoQ5H
python@DIYmEROa@472: CV570Jqnx1vdc6MyNALEfXlig8pzWYsm
python@DIYmEROa@474: spEHUKhx8odnfIBO02WmZavwS3XAcVCJ
php@724a7975@455: 2d63d56f19e78811fd1f16a8105f7ec2
php@724a7975@456: bb8067d32693cc4c15b6bf418ff23b76
php@724a7975@457: 172c1f9ad38ff04228daab26ed759a31
php@724a7975@458: c81b4f51bef047933801d0d1f624080a
python@DIYmEROa@479: t7qxFfd3eL8XCplzKO0Y25Try4gaoPJM
php@724a7975@460: 9e94b5d6fb635fee893d13d1705b7794
php@724a7975@462: c442b4674abe40015e2590014378f1d6
python@DIYmEROa@481: BJvs98IFAK4QEuLqi30SkzpHcnlZD2wP
python@DIYmEROa@482: 71Bspvu098JFy5bMQNnqDklg3TwfiOco
php@724a7975@464: cc123658dea37085f2c3bb4e5cc86360
python@DIYmEROa@484: 5D8kGm4pustqjZ6Fgwz2lxEY0SfVJCQy
php@724a7975@466: 5cd0ee609cf00f129bf36165a9ff4883
php@724a7975@467: a2469e78ea83d7281b69e2448b5ee2df
php@724a7975@468: a1b158ec14eccb9d9d6956c1966a6765
php@724a7975@469: 6f93537ecda30e919da2513de6b506d8
php@724a7975@470: 70f8401a12e5e1ad23e78a8558229880
python@DIYmEROa@490: JjCvkRfuFKQ5HWwzr1M9yYGASoB4edci
python@DIYmEROa@491: XIOcMawTY7u4tx2hLURf3Je58B6dD1zs
python@DIYmEROa@492: SntMVI0EqbDxJuOsC6zGmFP45eh9yKfc
php@724a7975@475: d9a5fabf3e958e336c90c1cc77d4ee42
php@724a7975@476: 839251b32ee9ee5dd9b412eb044e091a
python@DIYmEROa@495: PUBdm4z6I7u1NMR290OjnQweWZEafChc
php@724a7975@478: 094f12eb8b2e68efbb91ce4fc4b6a8d2
python@DIYmEROa@497: XP8r4kp2S6MehKTdfygVuiY15xzvDEWC
python@DIYmEROa@498: eJdbPzxhfIs2No6YaqF4LKE8QODXZ3cw
python@DIYmEROa@499: M3iv1GwlDxUPjd7aNurF5sAmJ0Lf6VzB
php@724a7975@482: cebd8f765e4299ab67b940563fbe2f71
python@DIYmEROa@500: 9ceRYIXa43hQ6wu0xoVztCvsBpmF1GbH
python@DIYmEROa@501: wM973dtbKn5oxuqcgfyCzSmZOhFUR2Br
python@DIYmEROa@502: MwQEiNJrkZcm76aK1sxyRqLVX0jvP8zl
python@DIYmEROa@503: bdWFX3YsqoiOC1xwHGhJnczLTZmNrKB8
python@DIYmEROa@505: F7QaRyGBi4xuTN6Krt59Lm1vpWPlkIAs
php@724a7975@488: 337f407ccb7b1adbced9fb4ddb1d4a3f
php@724a7975@489: 87e942e04e4d28ba8b1a68f02d3d0a61
php@724a7975@490: e052099edc555c51d1ca0433ebabdb99
python@DIYmEROa@508: BxCKUM0PqiHkupldOzEj95n4YoJWQXZ2
php@724a7975@493: 599f02fda846b01f0a72a6ec0490465f
python@DIYmEROa@510: busympzHStoWXIFw7g9VBCqLYDM8x4r1
php@724a7975@494: 19cbc2633c0cee713fda972121223d73
php@724a7975@496: bf11b4488abfad4956acdc6602aea919
php@724a7975@497: 530e76ea95d983d2d76b202148b483f2
php@724a7975@498: 3855825e7f9509f84611376264057d24
python@DIYmEROa@514: lmdSWrQekUsEYv6KocDjn4aGBf0p5y3V
python@DIYmEROa@515: r9qJDUtoC487eNLsSmcTVfMYZxjg5uPn
php@724a7975@501: cfc0bf706d7f415dfe14817fb425562a
php@724a7975@502: 998189ef29ab12261703cb2250605e5d
php@724a7975@503: 0f2564e69f3d628a2c17b58bfe66ac59
php@724a7975@504: 8f5740346d7622fb1ea2c7e7f14b113f
php@724a7975@505: 43a53e2a96d12670c19d7e4770f17544
php@724a7975@506: c9476e1a2cbebf3dbd3b261aae0d8e10
php@724a7975@507: c83a7e0d2099ca90e2d9234538c406a5
php@724a7975@508: 1fa9e1cff254cd2978f9f3f418675565
php@724a7975@509: 0dc5db0ae148917e575d7aece7927595
python@DIYmEROa@526: gKQij3NEAmtwIz0k25hJ8CrBoUV4Du97
python@DIYmEROa@527: vNRx4a7bGEmqeT1DyQJoCfAFg9nrHtW5
python@DIYmEROa@528: H1a6KlDIsy8htfi9JBOGZNALg0Mw5VpS
python@DIYmEROa@529: wTGKfLuCszq4mnve0MXV82WDhNpEa7yF
php@724a7975@514: 9581ecf8e0c7116bfc1650223e629578
python@DIYmEROa@531: Zbz5siL30T8o9FKe7ndMgDUC4uwqEJHQ
python@DIYmEROa@532: PNxdfE1K6Cbsj3yQYiu0TRqt7w4SpH2L
python@DIYmEROa@533: fVLCl9D5XQKqBsWik2vgIG86ob7NuPRy
python@DIYmEROa@534: v6mopKVwRL0USNlBQMtWkfYJZa21cDFe
php@724a7975@519: 3b5a7d80b81088bd7d24f79e76d3168a
python@DIYmEROa@536: 6EIZiQnaTNKsgDklH5m0cbo2uLvPxeMY
php@724a7975@520: 0a8b71292acad9b68a3d0ba868c92dab
python@DIYmEROa@539: jGEv8h4PUaBNkY35KwLdbWZcxmliu7gV
python@DIYmEROa@540: DsNyV1wYIZXrpT8h9RudLfiGv24UWgCl
python@DIYmEROa@541: c6Ht3xyiz4Eegf5pwqNZDaFTKnuoLdSs
python@DIYmEROa@542: QkPLKwiby8j7TGDOflEXgNSZvUJFR5zu
python@DIYmEROa@543: pLjzNbwPVkY5IdOUtsqXFmHRyC7J6iDr
python@DIYmEROa@544: mUhTJrR5MvZ1CHtcwil0IVb94WnuYpBK
python@DIYmEROa@545: xX8Dqr1OlVZdGn3t7IAjLU4J6mPTo5EQ
python@DIYmEROa@546: 4Y1znUZOGAbTkxvltP3WBwh97sCDcjIV
php@724a7975@528: ea355c231b1ac589d8b6a1a0a47876a7
python@DIYmEROa@548: 2mA3RGt6iwYaxWNH0cbEukQspPUo7JV9
php@724a7975@531: 1cce7cc4455c709722bf15c8b578a40b
python@DIYmEROa@549: Hg91YPTucQ83Dbp4KIJGok2wLshd0CqU
python@DIYmEROa@550: suLhDU9er4HNzx5ilBGMnZYmjckwJAgP
python@DIYmEROa@551: ZUPaNjbBkATFp1uWMVwQSDX9nycC0voi
php@724a7975@535: 3669c34a3c50934c14ddea7f90e1c4e2
php@724a7975@536: f6a1c00f471eb5571bdc02f7251dd786
php@724a7975@537: 2a3bf5ca56be6d3eeebafb91ddbb24c5
php@724a7975@538: e91eb5c022aceb2cdb916c26b70d751c
php@724a7975@539: 0d3eff9cdc72c0d7139cacb6db6bdf7a
php@724a7975@540: 8797dfedee1005339065b869c95c5022
php@724a7975@541: 4c29101bdfd7a1dcd58496e140185474
python@DIYmEROa@559: WSFTzYyhDA5N49LC7elqkdOPgRcVf2vb
python@DIYmEROa@560: sxltajOhXY9wzK5NZQMyD0Pm6eEnSHGA
python@DIYmEROa@562: wn7LoEtam3K4z6GW2p9D0sHUPyOSQZBr
python@DIYmEROa@563: 7tmAlxGDvriVbBkXcuJzSHQeE3aU6WCy
python@DIYmEROa@564: 0DJbFiZOeYwd7WAQqnfIER1Pk2X9gLm5
python@DIYmEROa@565: Hbxu29n16lqMfc4BZRAkjJEoDIPeC0K5
php@724a7975@547: fdd4dc573155cbb71ea4df751c26f32e
php@724a7975@548: 9b2780a13d960301b7db51fd4b6f1e8c
python@DIYmEROa@569: W7Tf4RhJxpCs5nEyerQGLmXbuv9KDUlB
python@DIYmEROa@570: C0ZT6wRxiqKoapyM7Fu1DmGPf8jtk5Nr
python@DIYmEROa@571: T1Vl6D4rUEAbIKRf82cnxXPQzkZLvu75
php@724a7975@552: 6d99c01df0e3c0f60de5ee0312a7f2e4
php@724a7975@553: 564117ed8f820d7578044e2d9910ebce
php@724a7975@554: 24874caa17657f11985c856201b4a74d
php@724a7975@555: e6a27ffca1d9cb531e1dae1833826971
python@DIYmEROa@575: Uh12mvrzJx9sOofjEpZyBgwblLtaIeGH
php@724a7975@558: c665cbbe6e094f10119c74458f6cb47b
python@DIYmEROa@577: 4QZGL5ztRhXT6mf0xg3u1AiwYbVIlkFe
php@724a7975@559: 9b33e495fd05e43ba577feb907894a5c
python@DIYmEROa@579: qdcBlQg3VhJXkCHev46p1yOw7jazM0tS
php@724a7975@561: 8a09e42ab2a897c94a70aa2ca433d069
php@724a7975@562: 2b5c5b1578a0b88c73e78590c6b99f17
python@DIYmEROa@583: 45uOT3UqclZBQvi9rtxWk6nYaybMsomR
php@724a7975@564: 6d8979cca69ac0867e21c6cbc91c7a50
php@724a7975@565: 3af593b552d98fa279167282f65673fa
php@724a7975@566: 895765c83c1b0a5caf72a12ca2c5ea4c
python@DIYmEROa@586: ocK9ADXMYGr3ZWV6UaidLeqBnJQCgzbS
python@DIYmEROa@587: TZYnkdKl2IPMB03VXfbFLwhm5y8Ng4v9
php@724a7975@569: 0756aed22b3df52182e8f7d455b60d58
php@724a7975@570: 7e584e7e36552ef39db3c3dd841a8f82
php@724a7975@571: 9942260224f105110062ba84ed05c010
python@DIYmEROa@592: XaF2fNZpxznUeLulKisG7V5wQT8RD6tb
php@724a7975@572: a3fd729811902143c1686effc8bc8e3f
php@724a7975@573: 44fcb73eb73f04798118e5bdecc98dec
php@724a7975@574: f39fb5667625fe5f51b56b4d7d23b548
python@DIYmEROa@597: 4Vp5niJscYW9mhydtfIKx8vFeDNoOakw
python@DIYmEROa@598: 4bK0rPEoUatNXdqV6OlYH5s9vniLTDBI
python@DIYmEROa@599: Y9HpKXsdiIzFfRGh46lr51DSOyvmPCgw
php@724a7975@577: 93e81f2b45338a3f57f5252290861232
php@724a7975@578: 7ca43273056a19dd5e700de4f06c8fe2
php@724a7975@580: 3e1e7c11fbf5904616db9c06f60ab70b
python@DIYmEROa@603: iYJfE75ATtuC6qakbV0NnD2cwGSvljp4
python@DIYmEROa@604: nkXvfIPa5FjMoiVKtZLghxOHE18z4Ucw
python@DIYmEROa@605: BorlpZkyRFL6XWj8UfMJqxSC4s2eHumc
php@724a7975@583: 94c68a7a90064f3af805b31392ef50d1
php@724a7975@584: edf7a62dfa66bf45ea8892229a694859
python@DIYmEROa@608: pz1CA3HT9eiJFY4rmtULbangEI7MDGKV
python@DIYmEROa@610: tcRfN2lDIz8vVFyreXC6ZqnYP07AjE4J
php@724a7975@586: 05097251669f5dffba8f066146b55f02
php@724a7975@587: 0346e7491ce1b8cb7c3773603125a113
php@724a7975@589: a9599ebcf32149e4a8b4f4a791d89c41
php@724a7975@590: a078dfd56d814f8b202434aa735991fe
python@DIYmEROa@614: BwyIp4DZouAMhYHWgm5xScX81PaJlQ7L
python@DIYmEROa@615: wET0PC8k2hSJAZfteQcp4oFnL1uKBmIW
php@724a7975@593: 6f08e0baafd4a80dabaea570bdd63c97
php@724a7975@594: 78b976a0bd19267ef2c80c9102efc042
php@724a7975@595: 63308a03c1e4ac63f8050fb206fe5cfb
php@724a7975@596: 028a6c66488d9b7eafefe2ba57cbf7fd
python@DIYmEROa@620: BAwN5hfbHkt7YcapdlqSeGREi0Igx6m3
python@DIYmEROa@621: Bd5pQAec1KTNJODY6nVqo7y8zRWShiFH
python@DIYmEROa@623: IZ79JoGL4DySzW5cmXkxBiwYslnQr2uN
python@DIYmEROa@624: UGPo4h3H5kxe7vFCZf1qdMVIWiLnzR86
python@DIYmEROa@625: C5vBUEzJK0mQNilbsdkPtyMSp816ALIT
python@DIYmEROa@626: FMmkY4ldqAXEPnSaKQ6Hb1t9hBWwfuZ0
php@724a7975@602: 6a4cb605f254812ef6742398b1d7f463
php@724a7975@603: 292d25ad693f5b1c5816b7a37031984c
php@724a7975@604: dd0820aa2332c727d5d912cae4c380c9
python@DIYmEROa@630: jfYNPt5DSRsQLcuJZhqv7FA8TwpGb1V3
php@724a7975@606: 213643a06a9d6ab9527a0e60a22122b7
php@724a7975@607: c9b3622b79ffe5c013c343723c4e4d79
php@724a7975@608: 7850b1fd68ca1f25196db4ad82da3066
php@724a7975@609: f2b4e6aa88afd1726af463067ee6a6c5
php@724a7975@610: 1aa7f3ed8bf8413c3089826092416c29
python@DIYmEROa@637: LxG4XdZHykwc6hqpg0F98mjRSus1refz
python@DIYmEROa@638: flrYdQkW2jt6sFwAMxbVBpR4acqGULDh
php@724a7975@612: c2aeaf9f22f93d1fbaa159475289b843
python@DIYmEROa@641: W8Sr5zkLNHuYlZeMBcV9oGOi6I2Uj03Q
python@DIYmEROa@642: 0e3nuKgN2Cjv7wUZAPhDl4ozmcyisOF5
python@DIYmEROa@643: YvjiMrzqCbo8D1tc2fa5xOndpKSZm7lX
python@DIYmEROa@644: IiCnEdPyRDB69GMlXZaVvcxeWuqAfgU1
php@724a7975@616: 0bdf76b3d4175127c7872c915ac0b32e
php@724a7975@617: 60d724090265b19dcfea8198680e40d7
python@DIYmEROa@648: 86XWlefGrYMJ3j4pi1KEHbakCZU7hxTd
python@DIYmEROa@649: PZ4wfDVCx8in5qTjY9K2NMtrLld1zGhb
php@724a7975@619: 39496dba1db4c0f1c9a96cd54ec7a3d2
php@724a7975@621: b4625361c4eaeb92805e44774156ffce
python@DIYmEROa@652: LkE4miGuJ0TnelMh8pzPct2YO9oqS1wQ
python@DIYmEROa@653: eqxnibaMsdLucA9DowRGZ6r3C14WkVIK
python@DIYmEROa@654: vgfKuHWi7o1taIFG6w58XAnUxyTMlPDV
python@DIYmEROa@655: BafHFi78dvwAMOyqVh40JYT3ngxpPCjb
python@DIYmEROa@656: lGnJhIPexgi60abQzKj8RH2UTCOmw941
php@724a7975@626: 8586f5341383c073b0a32c3092e8daab
php@724a7975@627: 1e80970ad9517b955114f3185e6a23a2
python@DIYmEROa@659: vB10w5fNc4rLiSxlOIjUduKZo3PqJVpY
php@724a7975@629: 9f369317746601e082b48e1bf773d451
php@724a7975@630: 581810f5708095fb17d4e8265d9b54e0
python@DIYmEROa@663: qsLR4TubnfZCcABKPjGdl7tvgxFW20zp
python@DIYmEROa@664: YmMa4zH1Pj7FCZhKrInq6GdixXk9RuSo
python@DIYmEROa@665: 467kvbn09ycNPVx5hHMsgAUujJIi3mQ2
python@DIYmEROa@666: f9o6I1CWSg0TOPil2JRbAxvBKeUMmDwc
php@724a7975@634: 2b5bc6df8d8d006cbdfe57653df06e24
python@DIYmEROa@668: iT7sGLvUOI4EthFZprez1NjKBlHkYPqM
python@DIYmEROa@669: eDkzQ0IESpvwBniyKPaAl6jxXfd1rRHG
php@724a7975@637: 8f698a1db46f10d40b81bd7161c55547
php@724a7975@638: 2a4c9fe956e439f21263c4af049eb73a
php@724a7975@640: 29b145db33f96616923280196bf7fcbd
python@DIYmEROa@673: dQ74uNHpT5bUclY2AhIwKz3vDZ9fBogx
python@DIYmEROa@674: Su02fy85LIwBzP7G3TFsnRkblMAedhv9
php@724a7975@643: 9d40a38ce1e8425e546292cb24b4dac2
python@DIYmEROa@675: 7bCz5IJdr9w16NkpE8caV2D0WsoqM4BA
python@DIYmEROa@676: UghSQzuxFMHaBPj6Wr9pX1V5oiLlOwZA
php@724a7975@646: 7c1b8392f4d63d9ba866cfa0692fb00e
php@724a7975@648: 3d4f0f074fe3d91292342645a035260b
php@724a7975@649: fb6ad4ef0e74b1577aef1a8849e0f7d8
php@724a7975@650: ef855a9bde38dd159382e4df4b290662
python@DIYmEROa@680: n6OGdWHLsxFAu0Ev51cNbfC8Tgh72QMp
python@DIYmEROa@681: ongxDQVhP23uTdW4iftRAmp9OMYzcqCr
php@724a7975@653: 79f1123a00a7d2e094c7dcd4cc61c81e
php@724a7975@654: 5744c721672ceee975d481c416ac887e
php@724a7975@655: 8257c10e2d08c8621d8a8e27fc0a3cef
python@DIYmEROa@686: uyz4TDx6GOr7jAegh1fK5BZoUakvpdt0
php@724a7975@657: e313a567fc1c42299b1aeb7fb13aee32
python@DIYmEROa@687: THerSOf0c3bPmDFt2Q6jxJd74MgKqVEu
python@DIYmEROa@688: KS8wLQX7lf4WEoMcp5r1V6AqHURNItjh
php@724a7975@661: 48e89b7e1bfa748b59561ec2d5bbc578
php@724a7975@662: 073cf63ea6cb63600fb29ecec14332c7
php@724a7975@663: 279c4ed9a64ce708c8cce2cc1f95c583
php@724a7975@664: 58f228b41779a5eb1b4c2b4a561f6cfc
php@724a7975@665: aba9867183a00349e887c1874bd920a2
python@DIYmEROa@694: PfJ0YKdNtCAXGODxQpnoEsSkh9wHUgM5
python@DIYmEROa@695: 2qoDNFMdTunkPxyJ8btLVWYG15CXEsHU
python@DIYmEROa@696: TEAQkj1CU0z2ZWo4SuDdxbXGsefpKn7r
python@DIYmEROa@697: b3trT5MBCqAfuaiJmSFkQRIDcy2PpKHn
php@724a7975@669: 72b788686cb7d63838c8d4f0332f6032
python@DIYmEROa@699: rwinuAW0fMsP2mzhIxj1N9V4c3yJbSYo
python@DIYmEROa@700: o83nNC7yARYFm0fLWBkgTOUMDdwjVhbu
python@DIYmEROa@701: OMNbPd9es4wzSjtFLHVoDIEvRmGfxaXc
php@724a7975@674: 22f84eda6de2bf0e1e0ac1b9932cacbb
php@724a7975@675: 6118262df5732122782168c2f3120aac
php@724a7975@676: 44e9b0ac2fb852bf5b4257958f7bfa88
python@DIYmEROa@705: wSF5XdCiczBu10oHYse8yGxW6bvhnQkt
python@DIYmEROa@706: PHUYiWJ37aTjFfw5qr81Cp4mQeIn6dsE
php@724a7975@678: c1935e5c30716ffd4bccbe08c15982a0
python@DIYmEROa@709: WQb68NRUh4rnMfBs3oldT0FLxJD9PvqE
python@DIYmEROa@710: jS9NtpxAbPVMfZJBoekFz4ymrqY7Kh8D
php@724a7975@681: 3d734c2ec1f8e6ce97ccaaabe61ef145
php@724a7975@682: 7be2bb2af63893ddb8fafea0162f20f9
python@DIYmEROa@713: 1xLsU3XaeZ7f2FcJHQ9qEzSMKmTopGWV
python@DIYmEROa@714: 0eBP1gbdzQoLnWfqAv7wKha4tckN5yEM
python@DIYmEROa@715: tpu87MBVeHw2Ja9XyTU4v6mKbZESc0fA
php@724a7975@685: d8888eff57e3cd2ebdcb003162e1bc24
python@DIYmEROa@717: cvKg5lS8V6TsinyE2YdCL3UHahmfZ9tR
php@724a7975@687: 6e08aa831d34658054ebfffdd26714b8
php@724a7975@688: 58d305014e07bbc91ad49d9e486170e6
python@DIYmEROa@720: MsEHUfwpjGlhvoODSR2c98tbQ0myqYZN
python@DIYmEROa@721: IUuzHo897lSLKXrx4c0wbDJvmgWGaPEk
python@DIYmEROa@723: aRif4mn2zHtqxUL6dAlyZsYVPeb9Ccv0
php@724a7975@692: c0662364477f23ee0694c58861a3d551
python@DIYmEROa@725: SlPzcyo7WKsqa58gxwJQ0fMRtAZjL9nU
php@724a7975@694: ea69f2b670eb8be84d6d144193b04749
python@DIYmEROa@726: E2PByQKNAqH3pXUvVbwhd9gOTDz6I7sF
php@724a7975@696: cdee7375f5d30e126bec193867849de4
php@724a7975@697: 7b2fcc71c327b43e435c50a62c1fcc26
php@724a7975@698: ed187ad44828c805212a11551213fe29
php@724a7975@699: acf11befbb9b3adb193ddf9e6a59665e
php@724a7975@700: e2e06225e0ffb48f9f49e9b438226d37
python@DIYmEROa@733: Tm3jMwGyHYcU8igrpIaJlktPLS5QDsXN
php@724a7975@702: 31f4cc7de286fc8f11d28970662130e0
php@724a7975@703: d0785c57b1424544a78c38e4fc423fec
python@DIYmEROa@736: KpDfVntr9i4Q8SWwUYlkbLPudsIOXgay
php@724a7975@705: 8ae412cfbc0c983641170a2c44d377fe
php@724a7975@706: 8529241c26c2e4325df3e1ded0e44dd8
php@724a7975@707: 38edb82ccc7787e58df8fcc8dacec201
php@724a7975@708: d8fe93694b4209ad8499bbef198109b0
python@DIYmEROa@741: rB3wC5dZ42q1YPG9ctVEkUXhMyb6HuJT
python@DIYmEROa@742: B16q8Pfk9jI0LchogZ72FmHe4MzlKxVt
php@724a7975@710: df64f99dcead1e81e9bb69d80d10d62d
php@724a7975@711: 7325b450fdc1da039158bbd98fe381e4
php@724a7975@712: 29c5fce200fa87889f0c5bc3882826d7
python@DIYmEROa@747: VBprd0v8ZzsWSP6I5yJifRuEkL7C4X3o
php@724a7975@714: 86b65cad8b79b99d4289bad757bf826b
python@DIYmEROa@748: WDZEsgKnNm1GQPMh3V5rfwb079TlzyLa
python@DIYmEROa@749: EY3qBLk8XIAx0jSocUfJReKu6CT2ntz1
python@DIYmEROa@751: w5hHN6e1n9fydxi2YVEGFsSmkqpuT87o
php@724a7975@718: 0d4730c10dba8edad5914fb84061c420
python@DIYmEROa@753: IepWodqBKsfh5mJ1SD6cr4a8Cyg7Gzkt
python@DIYmEROa@755: oBVuAimyZFatgJjUkCdGw2OxS9KRMQDH
python@DIYmEROa@756: QhCfjbrOcXWI593ePLpwsSKoa8FuTiJx
php@724a7975@720: 9979a3c538b7384602906a90695c53ea
python@DIYmEROa@758: 82sxuclkFQpbTyLXiajOdZCPM93BwAeD
python@DIYmEROa@759: QSuFYDIVUk9416AxtqCvLXenlO53jaEJ
python@DIYmEROa@760: N9iEjtYaGvIczWf70gLAr25FedXyOB1w
python@DIYmEROa@762: lAFGfPBUX9nD5SiyE0Ww147czL6CaTH8
python@DIYmEROa@763: GPCwxyKNmtksVU2aQh1j4FznDlfL8g5p
python@DIYmEROa@764: HKGDZuznS0rXhTx5dFmANobLlV1qQC9e
python@DIYmEROa@765: dg3oHVDO2b8U9jpy5ktNQarE0hRFWJul
python@DIYmEROa@767: PFjdHQnxeVC82yZI6t0RAchBLaGJDbmf
php@724a7975@728: 4f32004a7662dfe1aa0af8183d3e5c9e
php@724a7975@729: 17ce1f8b23d3623295241d5cc7729e43
php@724a7975@730: 9960fe52e8ff40867cfeea07480e113a
python@DIYmEROa@770: oQ9Xc3JkU027mDvWVtpjxRMq84CPiGOT
python@DIYmEROa@771: f4AtaJYki16IDwu9UrWv8dNXCp0LFTZQ
python@DIYmEROa@772: 5hey0QoWcnJvHaBlAMzqCjIOi3NU18gT
python@DIYmEROa@773: dIrYBTljzVGLAwHuQ1Fqa0mxX5gCvihE
php@724a7975@736: 7b257784791a26f3692b87c58fd96995
python@DIYmEROa@775: MoJUmSgbr7wEyTe92qiKD3Fd4l6tXZpA
python@DIYmEROa@776: dt8ElWivHorka7P5jAJO69xpF4In3Lq2
python@DIYmEROa@777: FAul2hSbKBpNCds1vTRVi3PWfLnYQgk9
php@724a7975@739: 8f38e980c363113de9ab2a162d04e6c2
php@724a7975@740: 81fbdc9a3c860483eb98e2e4a0e14dcf
php@724a7975@741: 09c35ec7a1b1d979c45b24c36ca0d074
python@DIYmEROa@782: mTb8yWjgwxHe9dcFhkKEvnB1PD2IUoRX
php@724a7975@743: 4daf14bb8303bf640af5d3efeeca3bca
php@724a7975@744: 2274f98ff1ff81ce82bd6f0bde82adf9
php@724a7975@745: 1dfbed6260f2829d9c72b62de28e13f0
php@724a7975@746: 7e6db6b3bfecf682a509674808a11696
php@724a7975@748: d89b731b65624cd88179aca8a8455423
php@724a7975@749: 59c584a454ce36d223d7388a222d75a1
python@DIYmEROa@787: hnYl8ju4ANJMyw5DegCkSR9TbaXQi3K0
php@724a7975@751: 3b4b1774f0947e69da385aa92886a0de
python@DIYmEROa@790: YU2WbwTVyRsXe6uOrxJft5Zn9NLakKpD
php@724a7975@753: 30123c9d6b04b5e2db65d375721932e1
php@724a7975@754: 1d235f2138e8bee98e6ef171dbb6739f
php@724a7975@755: 395531202ffc4bbe60110f988e1d6bcc
php@724a7975@756: 9d1195cac1029b8324a454ea3383ee22
php@724a7975@757: d130eb157d8cbe34fdc681d4f5832446
php@724a7975@758: 5be4bcd1bfb91df07ee4eb86ff70d582
php@724a7975@759: ff105399655851f44581efd699ad2a49
php@724a7975@760: 134934671a14db42fdb3f4759cc7621c
python@DIYmEROa@799: E6XF74Q8k52yBUn3iRIl1MZovHStTJLc
python@DIYmEROa@800: FKpCiABku8WEd9PJf13t5mOZ4xGhHwaY
python@DIYmEROa@801: qXzEe90PNoKa4ucJw2IGivWQDlbdy35t
python@DIYmEROa@802: CRMGn0VabUIjE3i9txwPvZpuY2frA1JX
php@724a7975@765: 800c4d25cbaa1cda9684c87156250f54
php@724a7975@766: d0e2cb1d038069a0e2d8c5ad5dca300c
python@DIYmEROa@805: 3SVjQxsqN2tunvTf6XKH54lCb7GUpIZe
php@724a7975@767: 7c450d7777ee945af25ed05cfc94c392
python@DIYmEROa@808: RzhcKIZvXwjnExA2u4idWfDsYmo0PTBa
php@724a7975@768: 11d39d6230ec399ac1dc4d86fba93b1b
python@DIYmEROa@811: 9rew5S4ILouDCTJK3VYzdkNcAsFf0tBR
php@724a7975@770: e8581d58818333c65c74b05d82fbc79a
php@724a7975@771: 6026a6d46a8c546a2dd739d99939539d
python@DIYmEROa@814: jXtQw1ipG3M6F7uU8SyRYrcbEKDTm9No
python@DIYmEROa@815: eZhMi5qb0tOmASajp6DXzWP4H3uN7TFG
python@DIYmEROa@816: HIrpNtaEW9Osq7DV2jinJoCYSxmUzAF6
php@724a7975@775: 9b2b63f31f632deab937f554823df7aa
python@DIYmEROa@818: THCKpiNSdhr20wFRuaBs5EgXIxlVoGW8
php@724a7975@776: 8d647fc5ac0e815817e90323099d69f0
python@DIYmEROa@820: PzbtWwQkos2ve34URrnhBaH7cXSNCpOd
python@DIYmEROa@821: 6aq1wljkoGKYAnZ0cLmF4TCVfbg53dJp
php@724a7975@779: ace8f3c2e29892f3b02c701d17267ec7
php@724a7975@780: 4e940df44ad318941b24b23bc7a2ca39
python@DIYmEROa@825: aCmVvx0hcIKtLASZYg7EMu6O5dQyb1Jz
python@DIYmEROa@826: byhCKvlagMBkOSdoY0TPiLZA5W4DUEtc
php@724a7975@783: 46245595178524dd03250e0d56f0e642
php@724a7975@784: 324e4b1a677e381e106173899394477c
php@724a7975@785: 5968a5b38ab5a4d7924ac941ed438307
php@724a7975@786: d0f3de379932736cf8ac0f08d60a5159
php@724a7975@787: 239b1d6c799a8e77228682bf7c179920
python@DIYmEROa@831: 1a5Ml3JYpe46gTANDvqrzCS9jFHKxsRm
python@DIYmEROa@832: D7THdAwGhSf1tCgPjUaibL4K8EMZpyqe
python@DIYmEROa@833: tjBzOn4GYobCQR9DyeWm1HMi062L8Ack
php@724a7975@791: 058269151c4b3ea2c3aad49a973ac711
python@DIYmEROa@836: YyfJMq7N8ahi1RWCvUnjHk05dEOesbFo
php@724a7975@792: 67ece527d098426120cc42b8f88f26d2
python@DIYmEROa@838: UHbWKPDFk1SB3jeyfQXEo9Na58m2Ihng
python@DIYmEROa@839: od3W2NTiASmB71XPQHVlE4kZ9bn6O5tv
php@724a7975@795: fc1f88c2e7dd5ff0a7231ff42c1559a1
python@DIYmEROa@842: rX4euvshptEg7UwMcZC5WLHBFqQ0i3DY
python@DIYmEROa@843: uqN82eIaExroP9ftnV7FM4d3byvXW1jQ
python@DIYmEROa@844: BJij9FnN036f4W7EklYtZMesqKxP8vpy
php@724a7975@798: ca0b88756c5907fb9e11a2f758759b00
python@DIYmEROa@846: FyGK0kWEb9Qnw1DeLSP2X8qMoOr5Cvzt
php@724a7975@800: b3f97258ab2dd7cdfe12df9394b0e7e9
python@DIYmEROa@848: sZ9m8lOXGvku5jYnaSorDqCRKgB0wWhJ
python@DIYmEROa@849: F8JuXKjzwI3ZST02pQlCNoYbyvc5mWsV
php@724a7975@804: b0d041f403af5f888a8619aeb09fd68f
php@724a7975@805: 614b6325a220cd702c8008a5c9daef38
php@724a7975@806: 82428f8f2a83ab06abd366d4279f0b34
php@724a7975@808: 9094ad105fbd50057eb48fbf8f700a5e
php@724a7975@809: 75a72ff06ad7cf48996a54d41c6826f3
python@DIYmEROa@854: ERAWo28SsfgjYkvU7mcPhILNXFVJiZQ6
php@724a7975@811: 1391c56ba5f7f6cc8cf06b87a3d23e3f
php@724a7975@812: 5560175ff8317fba695acaad9512c7c7
php@724a7975@813: f776d38520c9a7d05f67686de67acebc
python@DIYmEROa@857: PHkWfMJzQprjcxyh52LvbsZEYq0CVgNT
php@724a7975@816: d224958ec1a46d3dc9d3b83f9bb0292f
python@DIYmEROa@859: eEGcQY5gwLMnmDNvKk7sa4TqUA2otj96
python@DIYmEROa@860: XW7OPKmcj21hkuo5x6EGvi0qTFYbrZ9Q
python@DIYmEROa@861: wIf1vcKTmnsz9jP0Zk5aREUMidtSCJ4N
php@724a7975@819: e1543b7244df6f2dfe99ca42d332c712
php@724a7975@820: 44bfc24389ccad8fe6bbe964e3c1aa84
php@724a7975@822: 7617649bc41cb79c4ff0b190a32b07ab
python@DIYmEROa@865: WBURt29dEHynfmeFhjxs6TgioXQNGzwY
python@DIYmEROa@866: yEeizAXfgPpNUC7aFq31wBvROKrx6hIb
php@724a7975@825: 30ee2e413a5a749ec0bb0afc0f2c4640
php@724a7975@826: 97de2743a0250a6743eb781ba8c28dea
php@724a7975@827: a661c2c15dbd49c57765b3669525a8fb
python@DIYmEROa@870: lFKXtu4jHqcOJ3VTrvShL0ka2bIQD7AM
php@724a7975@828: 2e9d0fdeb9cb7941664ffd015c764041
python@DIYmEROa@873: dNiZtDkCmQReEI1wsVPrXLG0BFuYW96o
php@724a7975@830: da970b4961fc078fa5730b50ccb3d574
php@724a7975@831: 9edad7e7ea1f158f1395f09eba15f6e6
python@DIYmEROa@875: NGLzRbAQY5X0aoxU2IJpnm89T1KDlvZf
php@724a7975@834: 0c57f28e712925fe10758e58fcabf5ae
python@DIYmEROa@876: a5lNPH9bnqBQJtLXVySvrk2DYTixM1KW
php@724a7975@837: 9a07918dcab3c4e9def15300ec82ad80
python@DIYmEROa@877: fKNRi2SCj59dWXGp3ou4mU7kqYQAHhLt
python@DIYmEROa@878: RDpvygaVnq2idUlOZB1E30KkbCxSumX8
php@724a7975@840: 8730659be8dc8de27e279b26f81260c8
python@DIYmEROa@880: VnDmSd5IErupAayfw72ZPL84Bi6cXlQg
python@DIYmEROa@881: UzhyfEikK8ZO23rVNctm0P4oHgdR79T6
php@724a7975@843: a42dec15aa804858f6ecafa4f1d066d0
python@DIYmEROa@884: 1bpe9GwfJtoY3EKPmlDRud56yFXQgiZH
python@DIYmEROa@885: AH5fMIrFaeQ4GJDy9PBtCn3jRKWoN71L
php@724a7975@846: 1f7080c410620646cce34dda3338f181
python@DIYmEROa@887: zWuqo8yI3wrPvHNtCD9ifgKaTmR41UAF
python@DIYmEROa@888: lfemdOEaNJoZIunrGR7TQLXikz6PD5pY
python@DIYmEROa@889: 7LaU0GXFqpzxtIysbDkBQEoA45rweiCJ
python@DIYmEROa@890: xkLgoQaWmCPEtdM9JDTzGr0eUpR7SjO8
python@DIYmEROa@891: 6eNnzG4hAF9C3iwuMHQjXgkYpbI2StJD
python@DIYmEROa@893: Eaps2yvg3TjrROnl60cJKFmtuMGLxVN8
php@724a7975@851: 3ba6819905048c1b4fda736d31aeac7e
python@DIYmEROa@895: g0S2iFAoYP9OX1y7NKQGs4kpu8CE5exB
python@DIYmEROa@897: FCvRn7VHfXxTEY4BPcOKw1yW89QLqkGd
python@DIYmEROa@898: XmZclbV74dhMLpwDxy8kGn0iSU9aBv6u
python@DIYmEROa@899: ZVTdD6cyp40ekrnWilNtYzOJuKLFh1IM
python@DIYmEROa@900: VvNoqnuRWFU2xSe1ZQY0KfmJAI6Mi9Ba
python@DIYmEROa@901: YlHfUrWy2Zvma1wJQNz5X07DosPtnTuk
php@724a7975@857: 6500b8ece96b1f800ba4cc3e34fe993f
php@724a7975@858: 1180f50343032b78f091001a1e412420
php@724a7975@859: 29c43e94e73b2dcdd95d908e54ddceee
python@DIYmEROa@905: mOrNuM2WsUyZgnoSGYEdJXwcRxql3e45
python@DIYmEROa@906: kuhwZc3xY8S0n9VlGpfAbasU5BgjHTvJ
php@724a7975@863: ac4325ce745d4b33b2217e9a39bb4e9e
php@724a7975@864: 6440979cc5ed79f419fb0eb7061ad201
python@DIYmEROa@908: 8LVgMb7stKFoBdCHzj5QvX2G9TJN0SyI
python@DIYmEROa@910: uETB7mQnISzCx49a5GFjOoiVf6lRJpw1
php@724a7975@866: 78e2565f672116b492a1a3ed3b678304
php@724a7975@867: d3c119a81d1213e80bdfe6e218d13c68
php@724a7975@868: 872d391a1f45c55fd55220f543a323eb
php@724a7975@869: e2a6fc3e453e3f1f9766613832436711
python@DIYmEROa@916: qeThBPb0F8DxUAitvl4LdcasQ9ZNn2wM
python@DIYmEROa@917: EAlBFc5xoIGjJZkXysR9M0Wdw3b8rCOQ
python@DIYmEROa@918: FDE1kdfgzlj6b7yXUcKpv84ahYxnT2WS
python@DIYmEROa@919: VU9rI35FLhCGtzXxdJeyWs68oMKB0Rkm
php@724a7975@874: 4239132a98a3d3cf907a53578f1459be
python@DIYmEROa@921: o6X28Y1DAqeb0NQjrG7f3vaVFuMgUwZL
python@DIYmEROa@922: HKN0pe5l4Qagkh6yjJiYEDbsr7TRZ3Pm
php@724a7975@876: 053baa7ddea09d05bf3aee681714b532
python@DIYmEROa@925: pc0HNxWb8tsqDPy5gEwdATaueZQ9rFmv
python@DIYmEROa@926: MIABCbqwRh3Qok5mGOiTZdu1ElLPNtSy
python@DIYmEROa@927: 5iWOaMfAXLBK1hCuxlzEr6Vt2swGPo0m
python@DIYmEROa@928: sUN65RPdFX2iekKMOng3oLthTAVESmcJ
php@724a7975@880: 894d5098b65c63793517f3316a5470ba
python@DIYmEROa@931: 0kQCFPVT4yjxnENdqcoZXrMsf2gGBSDv
python@DIYmEROa@932: R1QphEAI6Ff9j8zwBSuDYlUNM2OktTKs
php@724a7975@882: 297185368710ac511d3cad07af2c3ee0
php@724a7975@883: 8071164954e5c2c646a0d4ed243d697a
python@DIYmEROa@935: CXUIba27JQ150iYpcWsNP4rDg8kMA3nt
python@DIYmEROa@937: GsluqUNPhE3byvOj21LB5HMFcYn7KVAp
python@DIYmEROa@938: s1WxuT24fgUQ5enAt9HZy367Ei0lOSb8
python@DIYmEROa@939: 6eUvjH14AXuEJGwxhldCKz7fTDRrQPbN
python@DIYmEROa@940: w4xPQnSkolmOsWdNKDJh5ZTvuB6tjU1e
python@DIYmEROa@941: lVQWPtXsZ3ybhcOxY8So74k6F0gTziUj
php@724a7975@890: ac74d7f4db1017f4717274af0f389072
python@DIYmEROa@943: BDyavuWOcYCbEjKlzkA8U6sN0Vnt9eho
python@DIYmEROa@944: BW3vQDr2PS5wIXof68e41bOAjnyuq90L
python@DIYmEROa@945: VEk6TOoYv9SUzLrxeFp8R0tubMjcGPas
python@DIYmEROa@946: 2czHKCwAekBMPOxgn15VItu4bEr7GdTQ
python@DIYmEROa@947: aLW2DOhS1In6r9usH8FyK0PwCfxzcqEk
python@DIYmEROa@948: Io95BHqvPN8ekxYRclnMi1w20sKQVu3E
php@724a7975@897: 8ee9b042583e7f9570f69c546d5f04a8
python@DIYmEROa@950: ji64rIeC0QHuOU1nA8wT7m9hKt3oZRsX
python@DIYmEROa@951: 5qWikPDGHdSf0VtQysLnEBO1ZrKhYU92
python@DIYmEROa@952: mlH8j5dOsp4F0P6WfoDYRGLkAiZJ7vhr
php@724a7975@901: 173451e5ec3a8155472795b74bb3a6ee
python@DIYmEROa@953: MkTeJ7YigmwFfX8WHuQxCAVZS1zG0cKd
python@DIYmEROa@954: u1Nmp3SeqF9yklIRE0MgHUjWbKTOCvPz
php@724a7975@905: 41794b43b6a0946750170211dbe6d614
php@724a7975@906: 728238b5f30bdc31578d99720fe75312
php@724a7975@907: 46da75aa58920a6f615f6ee386edd02e
php@724a7975@908: bbe87f040b7e5a51e129c35101b015d0
python@DIYmEROa@958: XhBL4ozmkPRyIHafgD3OcSsvKqpnYbZF
php@724a7975@910: f501f058e1b8990509da68a8288a7c97
php@724a7975@911: 4ded63d7a2badfb6e9e29f096c198675
python@DIYmEROa@961: k8P02zBCTI3rid1Y9WMnsJmZcHE5yRGw
php@724a7975@913: 832bf95cd389ab566eb0ae8285f1f8f4
python@DIYmEROa@963: GQB9Ytv58OPlX4SIZ71dkba6ThusLAVe
php@724a7975@915: db2da819c155938ff14b1291e231e0a9
php@724a7975@916: 9e07216af2c4771c6f0885225bbdbf59
python@DIYmEROa@966: VJN6wxZ0mQjXeiFTkU1dHMIOu83fCrgz
python@DIYmEROa@967: yGWFM4X2uhI96rJzCsf8DnEQkVLxaPiH
php@724a7975@919: a1d055010eef8e9add8c0574c3d74d99
python@DIYmEROa@969: 2NTjh4WB7KPvz8xZbyAH5uYcXwiDS1Vr
python@DIYmEROa@970: joVKi25W6rtqwguY1PLpGDHn4aMJkc97
python@DIYmEROa@972: e0EWfz3a7VJAYs8CTO952goBdm6knUyP
php@724a7975@923: 8144f14fb7446355b6ae5947f0e1dbfc
python@DIYmEROa@973: qXKEYF6P8H2IbsJ3hjv1BczaVZktrCnO
python@DIYmEROa@974: bEY1tDZoVQ6cIwANplUh0ver8OqidRsB
python@DIYmEROa@975: 14uPtQFvckTmwxY3bJgeHVzp56hdZyI2
php@724a7975@927: cf916e0e8bb20c16ea5dc6b0a925e387
php@724a7975@928: 442cb0488c6caa2c4c0d479b75ffaeb2
python@DIYmEROa@979: TEQesGDIbFuAyfj946r3d07pBtMkhqi8
php@724a7975@929: 4dc50e55a2bf55e4d4162f3023453b3e
php@724a7975@931: 3d281f0415ced730ea2c90883884f255
python@DIYmEROa@982: EoIzWS43epJTwl7hQbtdRBPKM5UV8HxF
python@DIYmEROa@983: nfJFlILwkdpAPZ1X5HE04bNQROuMxjY3
python@DIYmEROa@984: xQbU8TXjSH5F0zMhNwrDp97s4CiWflcR
php@724a7975@935: 94970f9b50018c3ebf06d8ce418c8719
php@724a7975@936: a2777f2ef71320ad08e7ee4e3ddbc242
php@724a7975@937: e1b17f69b4681e633bdce60ad5178b31
php@724a7975@938: 2dfa498680d0b6f8bece8fc7bea0ffda
php@724a7975@939: 95289f4b14d12cfc64cce1a0aa367159
python@DIYmEROa@989: oyQOsn4vjSXxwdmVJYB0i5cNH7hKWG31
php@724a7975@941: 36624bbfd6189f3fb21ca5a1a38892d5
php@724a7975@942: f06e44b0b399cb5d4ff867e20791210b
python@DIYmEROa@993: cdaXYUujibJkgERw5elDVvWnBzhmKPr2
python@DIYmEROa@994: QmP3ijY4keTo5zpMqJvdWhfrISy7B8gC
php@724a7975@944: 59eaf6cb4070185ed713d6dd35caa9e3
php@724a7975@946: 70971396cce69288564d2819be91ae13
php@724a7975@947: a376fc3f94237df6730e96a319970e92
python@DIYmEROa@998: Brm4TdgaZkGv6pcEI9QAxlXiYfbsoCSz
python@DIYmEROa@999: h1OS0WfzRc5YPupiNbTFAlCreM6EdU9H
python@DIYmEROa@1000: TyizKPfmdISRJVG3l2LUDhXrEvxBQ49H
php@724a7975@950: 77ad220c1655bf7f4af88480d17f3907
php@724a7975@951: bcef65d56cbcec640529c537cf5c4ef3
php@724a7975@952: cf3b4db2bea852639f64bc5b2b2004a9
python@DIYmEROa@1004: 2FMRDyivZLEcJwGA8zm0NqUs5atHY4SC
php@724a7975@955: 4fac21f96dfb5d864c312d65f86ef15e
php@724a7975@956: 13c64215a36d0f7d5656f9957a4bfc05
python@DIYmEROa@1006: 6L7XqRAfrkcnEGZMPwhQ8oaBtxz9lvSg
python@DIYmEROa@1008: 0DJdB1pfUsxe2ciqmvMwXH5SZYR3l4a6
python@DIYmEROa@1009: UtoRczauyCEnHQJqKhLmwIkYj4M1TSgs
python@DIYmEROa@1010: FTQKpCDSO56x7wvo8lXWzrdbIhnGZjy3
python@DIYmEROa@1011: qdp42uImMeHghNcjB01lR9oyQwY5bAxz
php@724a7975@961: e50d84205cae4e91127e185410117fdc
python@DIYmEROa@1013: qnyA4PRjM0Sh5w2zilQcrgJX8tBTomkL
python@DIYmEROa@1014: JoEl1tgs80QdFiNjW37u4KnGMCALhkx5
php@724a7975@964: cfbd55a0466a433d983bd403d9833469
php@724a7975@965: cb82766da4ca0750a4b7e32f572c34d5
python@DIYmEROa@1018: nWqC8ItcLZuVMNmJzGE2hSPg39A7TO5f
php@724a7975@967: 24ce0300d506b55da9b4ad3d79f7c82c
php@724a7975@968: 35f0f4c53a28f31b71f1770b9b69f53c
python@DIYmEROa@1021: jfqdnUwiXV9HMe8C7162SxDbZk3cuypG
python@DIYmEROa@1022: nhDItkau4wQf7YZx6M8V2BqlCmXsv3Tp
python@DIYmEROa@1023: oVayAblY9Qt1nhX4vrkgPTpcRzfF0dIN
python@DIYmEROa@1024: imyDY9j2oupP5RdKgSWt1qxBz7naXlhI
python@DIYmEROa@1025: XA1zb3LkKaYoq4dt8cMNQ9GOeuZ5p0Tn
python@DIYmEROa@1026: vh1IZEPirg3Db7mMXufcLtaKo8GwB62J
php@724a7975@975: 9dbe2b0936517bc358c8ff497b368b6c
php@724a7975@976: 455972317cdc243f050f8a7c9203e02a
python@DIYmEROa@1028: FhCksJLSQzV4ZRBEoN2p7ruUb3DjvOWl
python@DIYmEROa@1030: BO3aw7kUZIRFXgPthCurzEAYWo8nsKyc
php@724a7975@979: 787ff2d506d1ded8251642ffd063424e
php@724a7975@980: 3982bd281fc9f27b926742876538a162
python@DIYmEROa@1032: FXnbqHIhDdruRpxgBfNW0Si8zZTl9Y36
php@724a7975@983: 436e6e3aa4d6b44c990edb4569100dbd
python@DIYmEROa@1034: Mp4tWzRUJ0wD9GmbQ865jvS17NAHOXYx
python@DIYmEROa@1035: zohV7qHgr2aJn5IAGQiuXxCym3BeFcps
php@724a7975@986: 47fd745f8055f2f6a7dfea81fd5b4aa3
python@DIYmEROa@1037: vpaXfcoD49Huh1UdgzyTQIkqnPreOmZY
php@724a7975@988: 080455fe52e462780ae41aeb65658e57
php@724a7975@989: 75ddb1519318fda4d741fa7b97885151
php@724a7975@990: 59c3dbe493a746f756632232c38ae563
php@724a7975@991: 4b61bba6e05bcf281016d027f0e71598
php@724a7975@992: a445e33981df98d4e5467ab771d67488
php@724a7975@993: 21aec506fb7163435144d7e74904f0d8
python@DIYmEROa@1043: EAh1WaD9V6FKenHICzLulvjYG3wBoZ8M
python@DIYmEROa@1044: oTsxaekLiWU7016XVN3qmD9AFZKhPvpz
php@724a7975@997: 88570dbebfb7ac8f69bec90bb29e2e06
php@724a7975@998: 322ff9567c8b14736ddb9ab6139936d8
python@DIYmEROa@1046: o17Dw890A2IhFNfElBHG3igx6uMqe4ty
php@724a7975@1000: 607fbac88612025daf2493da671c16f9
python@DIYmEROa@1048: OfSlPUpVK50jkG1ceZiN8MqJDsotXwAB
python@DIYmEROa@1049: ZKEnkAtNwzQsprjFmvG1BSJUOYhoI6u9
python@DIYmEROa@1050: hvaCJsAgbSoVtfmEOZknH7Uplr0FezQ2
python@DIYmEROa@1051: 9nL0OCKdhQt2vfocsBbiS8Vgz1pRZNXF
python@DIYmEROa@1052: j8N6MAliYO4PpFctqTy5GkzLafH1hg7D
python@DIYmEROa@1053: KWy3jRkl6r1tCDAigHBheYqc0OznsdSo
php@724a7975@1008: 49b444fb5fde3d0997c336ad79f44919
php@724a7975@1009: a26e36a2398120e1da00504dc55a1781
python@DIYmEROa@1055: Tai2pyGHzlYFAWRewDMKjcS4Etfv85u9
php@724a7975@1011: 5aa800c2c8b43a99a02924be2fc414c0
php@724a7975@1012: 476e3ee0d19d9463fe66cd2460efdb42
php@724a7975@1013: 59d0411d47c171dee55724a51572994c
python@DIYmEROa@1060: bMOrPVTdA1EX97CKkDsGjqNeWlHZpuoy
php@724a7975@1014: 58a275d69d1176ec2f4341970c4917a1
python@DIYmEROa@1062: mTrdtYefchk6KXL1Dq35gJisIZv4W70F
php@724a7975@1016: 56477bc01586819d0633dea9f3f194b7
python@DIYmEROa@1064: chDlWZfqdQi8oxPN9ujTBCmUO5sKr3kY
php@724a7975@1018: 7237e5acfaad1b443427488660ce0227
php@724a7975@1019: 5b2a8dccda511c7431b68a35afdee81c
php@724a7975@1020: 9ce66e2be7789251ccb5f3a7757d47c8
python@DIYmEROa@1068: VrxA06ByWNRZUQXqzj5snSOI1eJF9wLf
php@724a7975@1023: 5ec46661dff0a5a25f1fdd1c022c45dd
python@DIYmEROa@1069: qd75CjHSf9mvO0GKWiMxDZRFrnsoBEhg
php@724a7975@1026: 80154dbeb4e9f8bdb03a905773c6e759
