<python:DIYmEROa@263>: A4WyJr5PONsC0LRDZfat6bio28duzBpH
<python:DIYmEROa@264>: 0tEgdafwVUXzTucJN51pBPDHhqmGZL73
<php:724a7975@231>: 8ec75d7543cc1b99371f956688101371
<python:DIYmEROa@266>: jIvnf8OEMgZct9bHuPlNxUs1QkqG7S2D
<php:724a7975@232>: 39513b2b6aaa1f447e0a6b3d76a4f340
<python:DIYmEROa@269>: A5razjhNPg6LbFJ0pGRXCnDEs8o3UVMy
<python:DIYmEROa@270>: SO5omvBJsMIzinV3EGetLa2FrNDClRfQ
<python:DIYmEROa@271>: dn5HZGM0fpPJD9zb6S4EmX1qQLeNuhaU
<python:DIYmEROa@272>: V9RwhbPp7TlGz4A1uNcHOaoS5diCmnWL
<python:DIYmEROa@273>: TJGadxbZ9k3zusF4RvCB7yYPX5lScVWA
<php:724a7975@238>: 46f4472b2a288572c3ace0fc42c79610
<python:DIYmEROa@275>: wI7suf4RNxgqolODrAWmiT85jPbvEGhy
<python:DIYmEROa@276>: mNS6TrH28lW0kbeVxIgqOXFpRLCcDtZy
<php:724a7975@240>: 48188b08290301ce5ea4401a13a4b82c
<python:DIYmEROa@278>: pIzbLFRO2GvToDeE1kdX9Jgjc6YMa375
<php:724a7975@243>: e5fd54e0d44286c0a99fc6839655113f
<php:724a7975@244>: 60a9af306dd6072558b26ca1f795f683
<php:724a7975@245>: cf63ff4a2a0d9bb063576a8ed83cca11
<php:724a7975@246>: b52561f14d878a51c38025dac93db07b
<php:724a7975@247>: bcd901adeecd051d81718b190c4fa63b
<php:724a7975@248>: 673188149383d9ae372ca7db8424f8fa
<python:DIYmEROa@285>: qRupr3WvzXMtl8m27UOHZ0ScwCFkDGj6
<php:724a7975@250>: 3eb86a90922e30628232d9750ed715a1
<python:DIYmEROa@287>: xK67ylO5LnIsX2GDAk8PVbMFuS3jtQNH
<python:DIYmEROa@288>: UxvYbGXM6h1kgaywrjNp8oS93HIQcVtf
<php:724a7975@252>: 7d1009655a1bf372ae82c9e51c7a7780
<python:DIYmEROa@291>: jkFTvnXbYO5lyd2VCRErP8SDWimQ0NAZ
<python:DIYmEROa@292>: qPoZXOM0w7H4suSLAvyipRWgBV2b9teY
<python:DIYmEROa@293>: hw149GgVK2mDBZeviYxSNRTOorAqlXLz
<python:DIYmEROa@294>: f8bsBQ0c5gRhuGwaJ7WzKevE2FdSCtrV
<php:724a7975@256>: 0c8f6026de6240ff6ad141e43ee69b75
<python:DIYmEROa@297>: akczKflRne23Lhru5t0WIGYEvX9NdsQ7
<python:DIYmEROa@298>: Xvekha14C0P2nELFRQiKBI3V6qdSwTof
<python:DIYmEROa@299>: GjYS3M7VrQxpX9u2IchWLwlPz5OaKHqd
<python:DIYmEROa@300>: Z8XSqdi2OW7Q4u1sCpbHoyxjULA93tlM
<php:724a7975@261>: 863da8d222b1c2510c5fbf01b5c6af44
<php:724a7975@262>: 0f6386da07e1098600e8144da99f766d
<python:DIYmEROa@302>: hi2X0Wcp5sfay3DqtvGmReK7IxwNoJH1
<php:724a7975@263>: 609f35721bf907cec9a97c954fe5fe01
<python:DIYmEROa@303>: Kt2uU0kiGTXbROmhMF7pLcvdCS6Zsy9j
<php:724a7975@265>: 036b229e12601ea71564d581c47bfd1a
<python:DIYmEROa@319>: gbuKLJXIMT9VloY5QZzfehDUS7FRi0m8
<python:DIYmEROa@320>: XSglr5zsp4nLNiyIvj2JRkdxGbTP8w9q
<php:724a7975@286>: 199697653db3130423f5ae52fded4f0e
<python:DIYmEROa@321>: RiUOyEMqGpduxtwVvhrznAH96f8bCmIZ
<python:DIYmEROa@322>: YpHFif4KkLBjaNr16R0dUOvuPWnJl3Dt
<python:DIYmEROa@323>: s8xL3JXIVez0HfSn9wtNPUBC2KRWuvpj
<php:724a7975@290>: 5a7df098cf2a0b676b7208fd164dbaf5
<php:724a7975@291>: f9bd0273dc3e0d892d7985f688a9a32f
<php:724a7975@292>: c149f45d90518ca1f82c4d6a26a33126
<php:724a7975@294>: db1ab99320fbf90d241a7d608e362ae4
<python:DIYmEROa@328>: WfpPr9zg6qxIibXaQAtGDuVLSN0ZRBMl
<python:DIYmEROa@330>: 7WBuXlLC9fveDsFcd01QrU3gzthjV6MY
<python:DIYmEROa@331>: j5uIv1tNCzHrRake3ip2D6QLmx8Bc9dP
<python:DIYmEROa@332>: VDCWqI6TunrYZjPeOBMHRdSfy5UJE1N2
<php:724a7975@297>: 5783afbe78dafa0c18067e84c8fa5c4c
<python:DIYmEROa@334>: k7giSzGleY4W1FCOc5uA3oy6nNIxZfUJ
<php:724a7975@300>: 5d1b27d20c5f33bcc884e8dd56a7503e
<php:724a7975@301>: 2956fa8318b2af5e69bb4fe768b132fe
<php:724a7975@302>: 5c8f85d7df8901f328dea2c4fa44ace0
<python:DIYmEROa@337>: SLWC0fnoa9gA25pBz6bvDVy4lMOZ83qr
<php:724a7975@305>: 001c1acec3384f9193b46a4d1429df71
<php:724a7975@306>: 253141afbf253974942e1f49c6f98c27
<php:724a7975@307>: f956061564565640dbdffeb9b9e3230b
<python:DIYmEROa@340>: eK0YqPbhRWpOvQ4zuJjGCkFLNxcVSH3i
<python:DIYmEROa@341>: lj7gSovuV4JBrU3y8q9xYzGFHiCWbORa
<php:724a7975@311>: f60d6d447fdadeb26f91ffce9b5f3e28
<php:724a7975@312>: 8a6534813009f87a991e90b98482232e
<php:724a7975@313>: b300ca108a5de794b98acefc49aa1b0c
<php:724a7975@314>: 9789f24c393899f1116b81fa48c8e61c
<php:724a7975@315>: 8432bdee3639351287500515b01f6ab1
<php:724a7975@316>: 2dc8c85b64fb1555959703ccc68ffff0
<python:DIYmEROa@347>: aJYdekl40rv9XFAxD1f6m37ZWn5zoSQR
<python:DIYmEROa@348>: pRGU7ybtLaV45oIqP0xOen3lJNXgThuQ
<python:DIYmEROa@349>: v27waIJ0VZijczEe6OB3MqCTN9KfHLGg
<php:724a7975@321>: 1df94f25de59e27de72b2da0c60fe60d
<python:DIYmEROa@350>: cRmpgt5SvNQn01VUoY4k3hWHI2yJq6ls
<python:DIYmEROa@351>: D4TmfIeEonqLPwpF9kxjsMby28QA1lHZ
<php:724a7975@324>: 6fb2a435c4294ddbc274629f5aa7117e
<python:DIYmEROa@353>: dzF7AImDYbe5aUPQK0yfLuc1XBN4oVtS
<php:724a7975@327>: 722e41d394406640ec533751c48c6bb4
<php:724a7975@328>: f601a64aa31e8525cd03c71b2d8ef7ac
<python:DIYmEROa@356>: c2aoYe4suACvngLlt91xETw76FPH0pXD
<php:724a7975@330>: 6c68e9778b9a42dd121c57e7a75fdc8c
<php:724a7975@331>: be394275a9cef1055512a36ac5800056
<php:724a7975@332>: ec051225c93721f7b44095b7603670e0
<php:724a7975@333>: ccbf57fc649787e3deb877ac3384a34f
<python:DIYmEROa@360>: YKf3594FTCxZIHostO7ydMiXg1QcUAr0
<php:724a7975@335>: d3795aaa64ce228f72da3654eb7b84ec
<php:724a7975@336>: 15baaa58ab5726ab1f17cdc6256b345e
<php:724a7975@337>: c622c6b27f6c56dd5d52762817c8338b
<php:724a7975@338>: 4658ce4eb13e0ec582e3ac0a5e15acb0
<python:DIYmEROa@366>: 2vy6hklmHVzRs4UfWOCTc5AbwuFS8Mat
<php:724a7975@340>: 3fcc75ef2ab50b9da7725cde519c155c
<python:DIYmEROa@368>: sRBYc4MjEq1orfFnkX7V9mUG2eQT6vW8
<php:724a7975@342>: 0a13e5282cd690e33fd05d86c0961e71
<python:DIYmEROa@369>: T9q1FXPUgh6B4tYl32LkVe0EJovudbpC
<python:DIYmEROa@370>: h4pV6UBcJQyGzZEdwYqgMPtCDomLbleF
<php:724a7975@346>: d33dd9e47d9c2a5fea01bba04c17432f
<python:DIYmEROa@371>: j6wmBPyAVkrKsXIvE5h2GZtQJodO9fcn
<php:724a7975@348>: d532615396614aefe045ab2891b99776
<python:DIYmEROa@374>: GivJh6RQWNsuOPp5Dt4B8AyI3VdL7TMS
<php:724a7975@350>: 7c678c77f0bae0c80798e228a5cb4d73
<python:DIYmEROa@376>: gO9YfUlKo51pkz40yFPH3s6BbWthSmVq
<python:DIYmEROa@377>: mECV7GNQdnsMR4bj3o8xkc1YThfXiayD
<python:DIYmEROa@378>: 0qCRYrt7pKFciJPwMS2Un19dG6VhNxeI
<python:DIYmEROa@379>: IBjmGCVyh6onPe5pL8lQWicMYfU9rEsw
<python:DIYmEROa@380>: 31u6qbOvywIHot27d8MeDngGfQhJKTcL
<php:724a7975@356>: a1a947cde66322644eebc9b61e9ae96c
<php:724a7975@357>: 3915a174eb5021421bf032a883150490
<python:DIYmEROa@382>: proA0zWZU7cdIa5qeG4N36PS9iwLFBj2
<php:724a7975@360>: a09c3b4734a70c27c320ba796cb9b8fa
<python:DIYmEROa@384>: aMyg6G0UzSnLwOhj93otxQmXBeE7PZvA
<php:724a7975@361>: 0902ad3df9345ad4c4d52587d25e5657
<python:DIYmEROa@386>: MuFdlDgC9Zkj4RIoqrvTps3WL6UbAwJi
<php:724a7975@363>: bfb5a5ca6e92e7ad74b936a61c29561f
<php:724a7975@364>: d126aee9fdce8a6e00cdf457395ee444
<php:724a7975@365>: 2a2e098b1d6d69d33ffa9e434511fccd
<php:724a7975@366>: b0e20ea84ea3236fecf5888b0929ac06
<php:724a7975@367>: 322956cf7b777f8c222240590fe43593
<php:724a7975@369>: 893a55ddec4100bdf6b67c9b55e891b8
<python:DIYmEROa@393>: Xdy28rb7CPDFNughYJ4GIinq1Aj09okt
<php:724a7975@370>: 4ce2ebd9cc2412bd48f31d5d2bdbef2c
<php:724a7975@372>: 6a6f132c8758cf83973fb41c71c566b8
<php:724a7975@373>: b957ac9c9686d10dbb86f796971b028e
<php:724a7975@374>: 1a39d7aa2639b31ca0c96803da445807
<php:724a7975@375>: 51c63e149c23078c3aa930c8acb5e152
<php:724a7975@376>: 9e0bf426bcd7a4d054f8a4d44b434691
<php:724a7975@377>: aba5bb7feb77935f6e20e64584cbb95e
<php:724a7975@378>: 2d11ec1903bb2a4b24562f87c909a61d
<php:724a7975@379>: c58b3a6eb3f384848ce017b40c060c88
<php:724a7975@380>: 84cfbdfe6d34a8d0b6a76831490a2962
<python:DIYmEROa@403>: lR7KeNxp0mPrJcnvZht5EdXqfbwHaWUj
<php:724a7975@382>: d056bee14e7246318023c923b4f431be
<php:724a7975@383>: aaf7d842092619d3b04087c3452a8faf
<php:724a7975@384>: ce303c7a7c188ee33ad45aafbfcdc74f
<php:724a7975@385>: 32d6178b0b01c611591149217fed1608
<php:724a7975@386>: 093631a0a23ff2f3681fa1470e9d41f5
<python:DIYmEROa@410>: o0MabUq2tQcjsvumEJ58FZWCHVkiXPLe
<php:724a7975@387>: ad21a900dea73c27c6755bcaa1227631
<php:724a7975@388>: 9ef5bdb9fa30823f16f1e83482506e66
<python:DIYmEROa@414>: oVBgrMevOX01kY9xC4D2lbAciGRJL5nQ
<php:724a7975@390>: c3b251ec7c3701b551259e27e751fbae
<php:724a7975@392>: f0531f1f35c57d2c1e268f53fb86433f
<php:724a7975@393>: e40b4b7edef86dfaae626451d37862b7
<php:724a7975@394>: c838487db7e4671316acf7034bcbf3c6
<python:DIYmEROa@417>: T6MOa49d3BoFSQNeu1JkqGwmPvfbAhsX
<php:724a7975@396>: ee70a5a19e4e5cf757b8d69330e26cda
<php:724a7975@397>: c46ddcd3c230d78e1b4c9bb071688c1e
<php:724a7975@398>: 1d417360da096741e814495e673c37dc
<python:DIYmEROa@422>: VmvHnNQY7B9dhRLsKe8kXuT3ZU6aMCpG
<python:DIYmEROa@423>: nm9B3FqsM2uZyLvHRfUprwN7TOk6Qhxz
<php:724a7975@400>: 155610911a2c473a56bfc9f46745064b
<python:DIYmEROa@425>: QgVz7XdSrJf1bUB6cGDP3oaIZCuEklAH
<python:DIYmEROa@426>: TEMcf1ihwIjnaU9KPqSrZleo0bt4CkB8
<python:DIYmEROa@427>: j64whcRWPBYxZlmzotaHdIuUsF93OXEi
<php:724a7975@405>: 258a78a093b4f215eb7dd5cd1cdf2899
<php:724a7975@406>: d6fbffd3e2940d351f18cf186a314a3f
<python:DIYmEROa@429>: KHpks4YOQXFiSWbr3VDPARamTut7yLlo
<php:724a7975@408>: e6b647e5ad248091005b0690d65ae55d
<php:724a7975@409>: 64a58d517ba1c905f0e5eff327b61b28
<python:DIYmEROa@433>: ITLAuqMkz97EnvR6GHNdoeUWXBhjc0Ky
<php:724a7975@410>: a99f2ae62b9bab5066d00efb70eb8578
<python:DIYmEROa@436>: kJINycnl3qHbXhFG8ag5RWSdKEVij4YL
<php:724a7975@411>: 30ea8b69ccc1952d37e5341e8611cf30
<python:DIYmEROa@438>: iHSDyTvZ9EqcmYK5UAex0laGjg7wdhtO
<php:724a7975@413>: f2d3fa9a95939752483aff4bb0143019
<php:724a7975@414>: db63442d6b3fe49ab39299f63726c440
<php:724a7975@415>: 07f5fd5f71fba2bf64863d9b1dcdf672
<python:DIYmEROa@443>: OCtYprN1VbSKFGeyqgjh9vxWuXEfz0Q3
<python:DIYmEROa@444>: 4z5IkG8h30DLmiOeBAq7pl6bUrvyQa2E
<python:DIYmEROa@445>: MnXGaWoQmqHfxuTtYEl1CwRcJU9BhsSr
<php:724a7975@418>: 623798f844fff12b5d82edd3f1c283c5
<python:DIYmEROa@447>: 6LbtkqJ7ZPay2heo19vuTMHwVCgc5GWY
<python:DIYmEROa@448>: vuxM7iWc8epjLl4X13hHqYJBdUrmb9kR
<php:724a7975@422>: f476d77a97f94830a846822f0843eb3e
<php:724a7975@423>: 8e004c4a2f64c93727bc9f50eeb3a57a
<php:724a7975@425>: caa585d811a6d4f9e4d7e0fa7ef3a478
<python:DIYmEROa@450>: NMGy3b5TK0Hxn9qmXPpZieEfos7Rh1SF
<php:724a7975@428>: 04e3c3c4d56bf8fb765cf73a0a86a700
<php:724a7975@429>: f547a403a52fdd3d32e8e892e459a09d
<python:DIYmEROa@452>: ABNae9MPxo8OHuGhjz4b5SwKYUgIntm7
<python:DIYmEROa@454>: 2tdGgwTnMXfaS5OkuzYBIbPZr8Ll1e4y
<python:DIYmEROa@455>: wzbVZq671K9LmfI53WoOPSaEBMgvsXHD
<php:724a7975@433>: 9926e101dbc3b3bdd0f79bc66137ab41
<php:724a7975@434>: 2d85e3ef6ebc81bf1317aeb43cb64b75
<php:724a7975@435>: 6f90cf3a7d65e3ac3ea8fa0cfd0ed2f7
<php:724a7975@436>: ff16559a2e241b351b2dd5b4d0a0a691
<python:DIYmEROa@459>: WspKolzyFqXxi2cdT86reRH9VJwZNQv1
<php:724a7975@438>: 263514c45ac9c58fc14e52552b1d03e1
<php:724a7975@440>: 46df06e9a567b31fa9b497738029aeef
<python:DIYmEROa@461>: b1mOqSFw8pJZWnKPTIsX0RAQx6fe4Ho2
<python:DIYmEROa@462>: G6ZAiEPbeayDtxQrNmJOjXW80d95YTSF
<python:DIYmEROa@463>: dZEe7Rq1iVMPrx6vy4DFOjfJglIzuXUw
<php:724a7975@445>: 77f0fdb54ab240b2f19a06b01b50293c
<python:DIYmEROa@464>: 5yi03CUMPcauGjQB2goYTtIE6xFvXhd9
<python:DIYmEROa@465>: biQAKmHdpzN4B8EaJRGYvZrT50w3e67x
<python:DIYmEROa@466>: R0S1BQnwT9DMhzbKU5cNqEAufjYkLOaV
<php:724a7975@449>: 7553807ded571a988f6d5a8ce376dd3a
<php:724a7975@450>: fc4f8581dbf17874818081b1bb7166ee
<python:DIYmEROa@469>: tJkOAvViHnUCYG52ZPKW0bsjacmh9fNR
<php:724a7975@452>: 21a098d0e9928e7713144c615abb1c79
<php:724a7975@453>: 5ee545145c34487ddd25df65d9450909
<python:DIYmEROa@473>: BgtAS7vXxecKWC2L3PVrHbpiuzslhaRk
<php:724a7975@454>: 3583ac26f94ca4ae888e50d44f4e0a1a
<python:DIYmEROa@475>: 60ODf2PbWJ89NterSzmk3EuwoFMqUXlj
<python:DIYmEROa@476>: tOLDKAcIXkpaYlbBTjn1MN5VQ3x6PwRS
<python:DIYmEROa@477>: QPeKmVzjGW705qYMoOL3ipISdwDBnJkt
<python:DIYmEROa@478>: zIcr85tKPVHswOZ2xB61i9MF7phWl4an
<php:724a7975@459>: eadfd819a38af72e928e1810f59a1183
<php:724a7975@461>: 077385047ca0163c5c699d341a633369
<python:DIYmEROa@480>: dU48BrJ1VkugEvitZAhpKMRPOlyWoz5Y
<php:724a7975@463>: c9632262b441b07b1aea3a006c9845f2
<python:DIYmEROa@483>: 7h6VwonJuKtv9NyMmWbfPe0YXFDAsaci
<php:724a7975@465>: 08657f35c36dcc7154aa468fa1b6d6ab
<python:DIYmEROa@485>: QvoWc9N2lBx1MwEHieGVUFIa3hjRdOKJ
<python:DIYmEROa@486>: enviYRs24H6l7qZFkPoQrXCAGwN8UjpL
<python:DIYmEROa@487>: Nr3HjyxzPOAXTY50no8lgMR2q6VbmWKw
<python:DIYmEROa@488>: PdNyxIHvX8YRfSoFelZi1bw7jKMCrp95
<python:DIYmEROa@489>: W3i5cYdq7Cu42GzapekZgJb1FOSfIMmj
<php:724a7975@471>: 3b14a701db4547bf7e0cea8d1d0f2c0a
<php:724a7975@472>: cf4bab27aac689d5ac4bd56819996ca7
<php:724a7975@473>: 171f60f6df225a6a2c3d39f851ff787d
<php:724a7975@474>: e46b9062730b2df4dd203adb4cf49316
<python:DIYmEROa@493>: DjzoXZ9MeCTuAmH6JkIayUs7bx8OFEV4
<python:DIYmEROa@494>: 1omXI3U70xvVZ8lwHuRzPsTY5OGpKh4Q
<php:724a7975@477>: f479edc1045d40ee31782fcfc2f03b3c
<python:DIYmEROa@496>: eRAxGUyo2jBgJEO0hdqzu81p6bWm7wca
<php:724a7975@479>: c8348e4542e1f7acf98bd57a8853372a
<php:724a7975@480>: 8767b66eb0ef195243a84b1f8c1b3634
<php:724a7975@481>: 027e6d4bc2b64ad7761ac588609524ad
<php:724a7975@483>: 0534b9a08fda55bfcc1feb9d6ed24758
<php:724a7975@484>: b103dd96e93fe3a86da9f59d656ee2b4
<php:724a7975@485>: 37cea73a57aa6f0771c48ecfcf7fd436
<php:724a7975@486>: bb24b23f3e12bdeaa88fd0d0a9b94bfd
<python:DIYmEROa@504>: iSrFvNsjh8wKWVAX3BRIfOYkMz2UndHD
<php:724a7975@487>: 0bd833f59f9771751584e615b26d6b3a
<python:DIYmEROa@506>: w2xIFP3D7eguKz90XVUdZSvCk8tRLnGJ
<python:DIYmEROa@507>: gZNSJ3kjUD2RCG0BY46TrMK9Izmn5xqf
<php:724a7975@491>: 3a853241f78745b3229936a10bf94357
<php:724a7975@492>: af20bafe8357cb153b8198b314624734
<python:DIYmEROa@509>: KpQGBU7v3d4T6fNkcxlamRseIF8VCgir
<python:DIYmEROa@511>: xsPFX7yfmbtALUQgWu96MjYOVh0crD24
<php:724a7975@495>: 66f1f2576c509ba5e84244c5515fc5b6
<python:DIYmEROa@512>: eaw2QPVMzinAvy50lqKXjGLBf6bJDhZ8
<python:DIYmEROa@513>: N2FbYUV8AcfxQSHv0ypRIhEDiqTZCraK
<php:724a7975@499>: 6b1aac8cb7e5b8e0ce65e800a42d0d8d
<php:724a7975@500>: 0166f9a932db1dcab88c0af5ca8761e1
<python:DIYmEROa@516>: lPmcuevZY1bFtdQkoBqKJ9Vw7gHaLE3W
<python:DIYmEROa@517>: d71nTRU9ute4N3B8jrs0AlJiHOoEfY6M
<python:DIYmEROa@518>: X5EtkcSrsQnguRv7p38MeLyAx1ahYwmJ
<python:DIYmEROa@519>: 0tdE63mLQkqgMp5OGUhoySx1vl4FjCeb
<python:DIYmEROa@520>: NeaLir1hFtzI6unsXvAmHTKDoCPMWlqb
<python:DIYmEROa@521>: cijyO5WSfvT9Pex6Va7FuY01LAldJ28E
<python:DIYmEROa@522>: 3B485OXm7CyljtM1dNTbrnSu9EpHFQKz
<python:DIYmEROa@523>: Cpt6HGfOr7a92dPLFb0Zm5DASMku3BVX
<python:DIYmEROa@524>: jbrLof0Xm7IeRDE36yVJO4aiqpgsQS8h
<python:DIYmEROa@525>: ChcyN3a2ftWuPkDXqVRITGizjv6eopBl
<php:724a7975@510>: 7b67b69b7badb83565cf72d2235d6ad0
<php:724a7975@511>: 9883f05ce34fffe211d724dc43cffce5
<php:724a7975@512>: b5b5be3a833f47047ea7548bc5e670a3
<php:724a7975@513>: 98fa7d5a26525f8815e0161c760fef34
<python:DIYmEROa@530>: wP6g75B1a0SprvyUuiEXYtmojQlqeOnF
<php:724a7975@515>: 887b54baf6838ecb0fb5ebde980ec0f7
<php:724a7975@516>: bc7726d958017d9c3d97c475b18fcd03
<php:724a7975@517>: 31c06fe40687e1b4da16100f2e044aed
<php:724a7975@518>: a2a93a1a40de42d771060b813ed60fc7
<python:DIYmEROa@535>: FQMwhPumIcWfgHKNVybiYJno64jB8Cst
<python:DIYmEROa@537>: 3mTqnlC4c9ZrVku7EFopas1dSBtfDb5M
<python:DIYmEROa@538>: 7bZE8CnPi0VQefqgmozrwaS5lcdhLJF9
<php:724a7975@521>: 4ac28bad073c961eeb465a87cd37d8e9
<php:724a7975@522>: e8b72ee0630c3171b13851b608417e42
<php:724a7975@523>: a6f726a59895d77ad3e78f9f1a35cd3c
<php:724a7975@524>: ad02c35b9a2635d9371dabd423b45ee8
<php:724a7975@525>: 2ed37516eb7d8fc50b603c579b2df517
<php:724a7975@526>: c9c0505cc25cbff5bd2cbdf5f940236e
<php:724a7975@527>: 1da8e31936db93b97c6d74f971ec76cd
<python:DIYmEROa@547>: s6wzf9Lr3OtS0ahi4VycGCBQ2lTuDN1x
<php:724a7975@529>: ce98071b30dd58b7a86d0395ca89b97b
<php:724a7975@530>: 76f1987978d90ab7fb9abbd7de8d460e
<php:724a7975@532>: a46f77ac289a263da7dfaef7083cb375
<php:724a7975@533>: ef1e2896413286d84751565e17a09ad3
<php:724a7975@534>: d05907cc5771961d15f44c26e7c7a075
<python:DIYmEROa@552>: z9o30GbflyBksQPhN8Tp7Xxc5qAevjH6
<python:DIYmEROa@553>: 1BfPOUeibE8Mnk0t3xA2XdhLjCIV7zaW
<python:DIYmEROa@554>: kgmKh06pYa9CRtNTO1o4n8UyJWQ57dVl
<python:DIYmEROa@555>: Iqzvdgk5ZPJOFiHKGpheQaSou2lNATr1
<python:DIYmEROa@556>: GKWah5NBV3cDoSniUAyx4XMgmrzRf796
<python:DIYmEROa@557>: pR7GWIlPHdqBE5z1KfFveC26iubNcjgS
<python:DIYmEROa@558>: cMs7SByUjlaH6beXodCAfD9iLwtTEFzu
<php:724a7975@542>: 4b1582ddb292c798f17bc42691c0da16
<php:724a7975@543>: 80188961f5ae1c3c5853e62ac67e32c4
<python:DIYmEROa@561>: ZE0rVIyWFvBlJ7wNcQxjd3ifThusCpzS
<php:724a7975@544>: 3c4ed045956f7976ee315c2555c81848
<php:724a7975@545>: 62c0b3f1d9b4cc1232e51f1d31bda72c
<php:724a7975@546>: 63dae52aac35321aacc1bcbb4b796601
<python:DIYmEROa@566>: OYayidtHxTzUBnPwqAumfJGo395rkIX7
<python:DIYmEROa@567>: a1xOrozgQGKJIkt3Wq08bmiyuwUA6hEX
<python:DIYmEROa@568>: SpUX9bCoOHaqA2yc5VkP3dzMGmDI6f0w
<php:724a7975@549>: 2127cfc3b475c4fad9df438df7ffaa07
<php:724a7975@550>: e86debc50c072333e8b71ec696ff9345
<php:724a7975@551>: 02f92728310315ba29f0312c40008eec
<python:DIYmEROa@572>: v4y3VAQSI6MuxPz8mWtlrsKaHFYOkqJ7
<python:DIYmEROa@573>: aWU7t2C1cZorH3sAiMhd8EP6yuDlmY9O
<python:DIYmEROa@574>: 8YIf21LmJxWMTzXObqeD5E6N0ntB7RVo
<php:724a7975@556>: be922f589984e754977b4c435ce9e685
<php:724a7975@557>: 9e5f280f21533e786638d47cd02c8375
<python:DIYmEROa@576>: ixhX5uf8lz7296aMdnDcWoOAGFIgC4Pe
<python:DIYmEROa@578>: nC1sibK0l572WUZTPgyML9kHvIur4EfX
<php:724a7975@560>: 2f336b2dba41038e9fb532d0f28ccd3d
<python:DIYmEROa@580>: tkxapNLFM62V15Yys8Q4XUjoTgJCBGHu
<python:DIYmEROa@581>: kLSUNMReHZld2Vcmuyh91wKQnDAb5CaX
<python:DIYmEROa@582>: kvqdKAZbOfsPuJ2owiQUI8B4EhRNa6Mm
<php:724a7975@563>: bab519cef6c14b92785e0220533ba7a2
<python:DIYmEROa@584>: FKQzHB9kiMqJOGCPtcxo5L8eUmWfarIu
<python:DIYmEROa@585>: vL6TkwRgxPzHOXDb4FU0eNsifMm9rlKE
<php:724a7975@567>: f7ebb3e39cf29f48c5b997135e373777
<php:724a7975@568>: b5564c917e2479f14cf18a5902ca5f47
<python:DIYmEROa@588>: Ve5hXP907uqRcIMivjpzQUml31tCyw4Z
<python:DIYmEROa@589>: YPk5NCL4WgKpljqZxwyeco0vfMrH9OX2
<python:DIYmEROa@590>: 5KZS7beTE4AD2tkp3xO6lNfmM0CYqGQH
<python:DIYmEROa@591>: lfKphLmYj9cgeUAGV3z2QZ54ESrNPsTC
<python:DIYmEROa@593>: gePXS5rR9Qsp0zCkmDqNbV1aIWOTJKf4
<python:DIYmEROa@594>: qR93mtvpjJT40gy6lzfSKurAok2nwMeV
<python:DIYmEROa@595>: xsl0Q9fKpi3oJXRbWAMIrqG2HcB76tyF
<python:DIYmEROa@596>: HKNOVayUDFZrWsLbko0edpYT1m3ivSwA
<php:724a7975@575>: ed478654430a19bb1c7e52bde2198177
<php:724a7975@576>: 3e3f5e53814a8406b162d7db7ad918a2
<python:DIYmEROa@600>: Jpkij0dQN3ecvILn7KMAq2DyU8hGHEgX
<python:DIYmEROa@601>: dA7uKFkclh9Hf3C8YrUOgp1QsJvMejR2
<php:724a7975@579>: 86201efb059787ad89c189e008c783bf
<python:DIYmEROa@602>: DE7hiLcGCHRsJY2dWqAla9Sp4Nx6umZn
<php:724a7975@581>: 53bdbdfb006ce0db6a579281ca2967f1
<php:724a7975@582>: 30ad8915e0bb056c05b79bfe1078bf88
<python:DIYmEROa@606>: EbzcKSOiva7oWXZLyDBsGlp6kNeYHqTQ
<python:DIYmEROa@607>: N30gZk9F2xQtuoKmE617r5LXMYOTibzq
<php:724a7975@585>: 4afe0b862a7f22ae2974f0068af0f0be
<python:DIYmEROa@609>: pJQiRcDEvfZFblemyzH8BswU1WKLNOM0
<python:DIYmEROa@611>: rQ2ASpHCGxlJeDNoUPcajBVMFEXL7ghb
<python:DIYmEROa@612>: x3HyA8uBQhK9w5dzRWmalFCtcoP67Tne
<php:724a7975@588>: 2781153d86b915a9d29566c086c7b330
<python:DIYmEROa@613>: KfaRFxAvrdsuwEOC3DSzlq0WgIY4yhn7
<php:724a7975@591>: b5228607dcd423194f5b403695629d27
<php:724a7975@592>: 5974a5256b999ecda0e4736e9f3b7497
<python:DIYmEROa@616>: dNtuVkKJ4wMUmTRY8yp7WiIexaOzGr5C
<python:DIYmEROa@617>: TJCVy7NkoijGdQZFz96whU3Eefpsg1n4
<python:DIYmEROa@618>: iNAVTFr2LbOBfJReZYzdKu5p643Qs8mv
<python:DIYmEROa@619>: wvdLRQTxNemZhKrfVJyA2pn1gM45H6PO
<php:724a7975@597>: 98f2329a82faca5e906d9b906cba993b
<php:724a7975@598>: 220d218e4019d85b071bddddb036e596
<python:DIYmEROa@622>: CJpk5DiMNQtLhmExTdUbvIySlGF0en6r
<php:724a7975@599>: 8a4803baea791354fcbf6159d84f0340
<php:724a7975@600>: 633314eaa971708dc78e3dae3d8eb662
<php:724a7975@601>: 3a591810c50f2587078a60037bc9ddff
<python:DIYmEROa@627>: og4XdrJhuETy5bOWSsleFApNGIDtC2fx
<python:DIYmEROa@628>: IBakKtLzoPgSTUCnXedGANiFsQ0x3q8J
<python:DIYmEROa@629>: E8nG7lieLTWsfy6tAqrpCBxIKkmYSZO5
<php:724a7975@605>: 68a41381a417c6b02b29330112388488
<python:DIYmEROa@631>: qMFgTeE2nJ9Ds1yAZjLmYRXINkrduUip
<python:DIYmEROa@632>: n63TNuxkIDw9lfOK4FG1AHsmp5geYydz
<python:DIYmEROa@633>: v2O4UnkPxFErboCNAVH0wcKeq3BTtMzp
<python:DIYmEROa@634>: 4Zgscr5vL2ztU3Ce0BOl7DEPfWnbyVMX
<python:DIYmEROa@635>: oITGEWB8YJ39zqg6F4bOR27wDUvsLy0P
<python:DIYmEROa@636>: a0eLM9JrXcFzGB1SsnwDl23Pf64xmkNV
<php:724a7975@611>: 7b528d3d016ecf409c0da7115f62e98d
<python:DIYmEROa@639>: Ybcpah6unmQ4tRXIzxLFSMyW5sEe13gi
<python:DIYmEROa@640>: ZinYIzaRqKVJW0CFLtEk9lAcbUxvoryj
<php:724a7975@613>: bd1fd90ea12eb48ee6b9145456bfcba4
<php:724a7975@614>: b933b714783a15aac006b9c7410f7f49
<php:724a7975@615>: e20ff30fe1ec4dba4d30a891458ee9e6
<python:DIYmEROa@645>: WORMYxj8VohHCSILmUqbp9P6TaDQNdGB
<python:DIYmEROa@646>: z4NeyqR6OQiAsj7fWmXuHUPBwSMhtEFT
<python:DIYmEROa@647>: 4Cm6jwOYVA9htcqn702oXuFirJN8sQab
<php:724a7975@618>: b20556503684a2d99251d7bb2b5179e6
<python:DIYmEROa@650>: km07tRbESaWAisH5MnoIc3plyXvJzP6u
<php:724a7975@620>: a96ab0f28c358c735ee7cc23275e38d8
<python:DIYmEROa@651>: ldNmBL5Df9n6WoSIsgyEaGX3ZUQeu8FP
<php:724a7975@622>: f01d8a107f8663b4b08b94151d556f62
<php:724a7975@623>: 7797d1a8ee4df4e009cb79922677bf31
<php:724a7975@624>: 9c51d73001e1b7da4d7707240fc7f2c4
<php:724a7975@625>: e52559d9a895a6f139a8f4ca2b0e7a7d
<python:DIYmEROa@657>: T4HR0VvUPGQrAIXMiB6LeY921maKzWFn
<python:DIYmEROa@658>: Hu2oOYI7x4aM5qBZXjT1zVLwkSsnflNy
<php:724a7975@628>: a8c3d567a00e1bcdb27374294620fd00
<python:DIYmEROa@660>: 6vw4TDKJOajSqlErNu5cpP3XUmR1t8BL
<python:DIYmEROa@661>: aqypf0InAj64SKlUYCOMTtzH9XiEgrWm
<python:DIYmEROa@662>: AJx98gZNwEq36OBF5ubypfYojsQlW7Ma
<php:724a7975@631>: 931e9323fe13afc8f15dfa833bc2c13d
<php:724a7975@632>: 7c808b65a10a41cbc3a274305501c8b1
<php:724a7975@633>: c6d968135ce49faf55d129c60a4e69e2
<python:DIYmEROa@667>: KWdEHSNmh0T2lx5GjiCuY3e1wXDUsFJA
<php:724a7975@635>: 777959aca70a410c6ba4a1450e3c3760
<php:724a7975@636>: 9db3433bf384afa6080c16fb09411a81
<python:DIYmEROa@670>: wuGxv2BRJp6dynKEF8h3TNHU1cXesaqb
<python:DIYmEROa@671>: lGo5a1UNjeVtf4Kr2mMHBksgQLFx3iwn
<php:724a7975@639>: 92cadb6c20535c7a2ad3972756f591dd
<python:DIYmEROa@672>: CmDEPs9qJb2x0jk6pVdXHn38urSo5a14
<php:724a7975@641>: 9eb12d5e03150cf2b16860e4ca88557c
<php:724a7975@642>: ac0ce95d144700a7d1c85e7a0e709e71
<php:724a7975@644>: bb62d6b683c22205c909a08b9396a2d5
<php:724a7975@645>: 40e38482873695dd0db7bb598cf0b14e
<python:DIYmEROa@677>: YbJw28qGXoyQIDv91xHk5LWOjAdZpBiV
<php:724a7975@647>: 4cf6b57868b5a8429fce4e771707314f
<python:DIYmEROa@678>: drSi0qxFVaBcl8tW5jOoAH2RhpzkQNTn
<python:DIYmEROa@679>: AjhDIY3gVK9TBqsPiEMG6OLStvZ28yd7
<php:724a7975@651>: 78df4725a8a35bb4c8416e6a57b0b638
<php:724a7975@652>: 534067acca89aa8acecd3dcb94d5336d
<python:DIYmEROa@682>: a2bhf7NsnI3MuC4QZPvGWeOcLtmYgH5K
<python:DIYmEROa@683>: RXat2vnNEwy1bFfUzSYG9eiQHuxV7L5k
<python:DIYmEROa@684>: NhRPw719mFqidJurCaGl8Egj3OSWxDnz
<python:DIYmEROa@685>: oTeyJ8MbprsBvPtEGD1UKkSFO4zf7juA
<php:724a7975@656>: 986d2cb87a59ef33f04213e57b5c373c
<php:724a7975@658>: 20bb003aa8ca670c7517f9068c88d73d
<php:724a7975@659>: 34178ea7d3cd7f53144b47818d3ae9ef
<php:724a7975@660>: 469bbb628c010ef146a32acaefed1826
<python:DIYmEROa@689>: zExaM9XKy74YmdsTg3GtrkiObRPhwDJL
<python:DIYmEROa@690>: xmw06G8unXHqjvQOVfIREgJeZ23BAdD9
<python:DIYmEROa@691>: BnaxfDvyiuAKEZNz6UdmJ0RQcb4r1CXT
<python:DIYmEROa@692>: Nl36smpV1BDHadTAY5roWXC2tEZb0wjh
<python:DIYmEROa@693>: D9pPLQ3vUMikuFSBgWXVnIReTto7fAy0
<php:724a7975@666>: 4d28fa9306b2af92018193a6dbcd2b09
<php:724a7975@667>: 1d2f02a74e04666b2862070e292f8e4c
<php:724a7975@668>: 873ff57215a58dbdffc2646fb8934e93
<python:DIYmEROa@698>: N0J4HnpcXmwGkKrFLE6Q3YPTlu1ZofV7
<php:724a7975@670>: abc8c3c96e152a5602fd921e33cef397
<php:724a7975@671>: 3ead1479dafe23ddb92b6f4e8b6c2a70
<php:724a7975@672>: 6c7b44f081307dc7f4d48a78c3f90e96
<php:724a7975@673>: a13f5b1c0246f3238693956acdabb4a7
<python:DIYmEROa@702>: 7SQRENYFPrmbkunfhtviWT3AKwUogB9y
<python:DIYmEROa@703>: 4qw1buszUiT5gRoemyHcdMJvp8Q9Gn2K
<python:DIYmEROa@704>: WCVDBYnKaA9l3PiTSj6rmgGQu0cOheUE
<php:724a7975@677>: c82da997b56c9d3156637591868edcfb
<python:DIYmEROa@707>: zKG2kSbTdreFixAD9hj7lLfJotNnscZW
<python:DIYmEROa@708>: aP2XWcBREFL8YizxuIfJpwSCeZ3rnAlb
<php:724a7975@679>: 0ac0f5a714a99ee6a162ee850d21d6ad
<php:724a7975@680>: 417005b73164f89c1cb789aa0dd8622e
<python:DIYmEROa@711>: T6SrjCLdA3Wwb1tZEPVFNBYIKM4o7sXJ
<python:DIYmEROa@712>: d0luYFWP8Gj1aIQNiBce6Lwhxq3tT57k
<php:724a7975@683>: 72c9ec24eb82f93a8174aa7af823b45e
<php:724a7975@684>: a66fdd0e677599f66ce5d761eb177c97
<python:DIYmEROa@716>: QlPybmS8pc70iEegMj9TVkXCsN3YKfFt
<php:724a7975@686>: 480ce83dc141b9957ee92287fb88f0d4
<python:DIYmEROa@718>: SFwNe8ZRsfh0z71DKMQVE2IcbGTuqBlm
<python:DIYmEROa@719>: DzLu1FOUh6Go4REnCQYpw0N8lWxP7rAS
<php:724a7975@689>: 741c534ed889e0dfb1556859e5526946
<php:724a7975@690>: ccf209329b272a8c977dc94efb816c96
<python:DIYmEROa@722>: cZ35DNkUbPWg6vyCw01dhRQMSHOaInGu
<php:724a7975@691>: 926030b9c41f22dc4e488d23b2ecd372
<python:DIYmEROa@724>: rc61xEojdG25HQLR340Ju8SYtaKqNTCg
<php:724a7975@693>: 99e147751abe0a166734ca5c3c48f9a9
<php:724a7975@695>: c3f9e199b782848c02c47fa44b1315ea
<python:DIYmEROa@727>: qFA4iVbvOk70dl2JsTRrUefBjKE8GYPZ
<python:DIYmEROa@728>: 07FoNLDcUKmTCGs8S2M5yW934QAbXwgR
<python:DIYmEROa@729>: oqEPgWmlKcM8DiprB7HhNvdeCYR59sGA
<python:DIYmEROa@730>: pxtwDsmeCrYAgioVEjR4ZPa60hkub8B7
<python:DIYmEROa@731>: WIlTeA4N1ZSfz9QYPjguxGtqHdawcVK2
<python:DIYmEROa@732>: XlY7MDgdwtZuIB9rCnqVTz0fUExHRKQN
<php:724a7975@701>: 5e6b0d6ed6587d0b1888a022e4fc1ec2
<python:DIYmEROa@734>: stnv2i9RJSlk38up4Q5dPM7m6IYDyzZb
<python:DIYmEROa@735>: aqoOnSkGRe6g9mFUAjwDy08bZsKTrMBi
<php:724a7975@704>: bc5342bf48de6cda60681d702411ca8b
<python:DIYmEROa@737>: QSh61CWBHpG7ZYXVnEyRNw4kLl0qrtz3
<python:DIYmEROa@738>: omz8bFVesrjJLXklBAU4EIWy5d261NSx
<python:DIYmEROa@739>: 4Gysvw3lV1pWa7QPqYhe2XLzojdSEunA
<python:DIYmEROa@740>: x7owMUabziIdRQ4cY2BHOp6tkgN8Ee0h
<php:724a7975@709>: a463279e1ba4047f8f3bbe2232e02750
<python:DIYmEROa@743>: pGHP5ZTDjR2USk6lXMIsmVQdorN9aqEK
<python:DIYmEROa@744>: xtG3a2RZLAfPnq7wUYNQSK8oImVEOWyF
<python:DIYmEROa@745>: xVhHtSFQ3ZnWfIcisygYzuovMb82EpXB
<python:DIYmEROa@746>: vp79I4ldFq5oUZRnQb3GShKDT8cj1Ngf
<php:724a7975@713>: f9990a5f3ec6053e0d67b60db1a817c9
<php:724a7975@715>: 39ce7a96733ac7374205cee4f71f37a6
<php:724a7975@716>: 441da6c44b0f655fda248e16d615906e
<python:DIYmEROa@750>: k1rbp8e2OPcB7s6mTXahSACD3xQywURv
<php:724a7975@717>: d81c2f37f3d6f8b8e72b5eafba759457
<python:DIYmEROa@752>: fNVkDd9uCb0rWjKInhELB4tZ8HQp613P
<python:DIYmEROa@754>: Dn7dvbuTio6gtELGsPe5I3YV9zOFJB2x
<php:724a7975@719>: 2f5ab71c997a0b96e035717bb41d9b1d
<python:DIYmEROa@757>: AyDgsKE1Xvm9f8wiUFc5pZJneIYNo46C
<php:724a7975@721>: 9cf49dba63f2baa7830e4551c36f0dac
<php:724a7975@722>: a96ba518b368005bad16c9150757c46b
<php:724a7975@723>: 24bd48217ef6c468268bdde88a1cb00f
<python:DIYmEROa@761>: pREbcNKDHw0m2rO9Y5oM6C7leudVZvPU
<php:724a7975@724>: fa8731b7c1bb6f3875ffa922c732352a
<php:724a7975@725>: 28ef3ad4bdca9d4edd1da206fdb354f3
<php:724a7975@726>: 5ab5dc6deba12292202ed978624df8c1
<python:DIYmEROa@766>: 1hSMnC792sXf4r0DPwQk6ymTtAxeIiFK
<php:724a7975@727>: 83a960e9208e2a3dcdd1a7fb65c2f322
<python:DIYmEROa@768>: 3Tbuh7xKjmWzpcysZdlvXaqtfJCVGDQ8
<python:DIYmEROa@769>: ekMby5AaWlqZH90OtDn6gVGdQ4N1wJ8v
<php:724a7975@731>: ebc8d7f621afd259e876bf34a977ce5b
<php:724a7975@732>: baf7d516de6d7ed525b1877dff315f96
<php:724a7975@733>: 325c4a75ef69cb07a3055b447cd23016
<php:724a7975@734>: c87d68d10131516030e4ca5493e52ac2
<php:724a7975@735>: 24cbb3c48140270690c6f9a6698c4e7e
<python:DIYmEROa@774>: EdHDslyPCGKkVqOvwUite74xLSNr53RX
<php:724a7975@737>: 58b364ec5981dd65cc706038f1cd2dc2
<php:724a7975@738>: 35c3337a311d7d6131b82cfa4a7958d2
<python:DIYmEROa@778>: gbAcNWtqkFKvyndXGRT1D4oSzsC5uOVi
<python:DIYmEROa@779>: Pl0b4C1t7fB5virwnaJmHgDUxs9FqMW3
<python:DIYmEROa@780>: vXuBKzCbI0QYGcxFNfSyLiJt42rjPw9k
<python:DIYmEROa@781>: fzTRCGtEj75lgsHF4IB3dmU8Mh2kN0ix
<php:724a7975@742>: 6f1c745f3a10504bcc51071dab111ea1
<python:DIYmEROa@783>: hk3CBQFD2sJwvZL5pE0RPOMH7to8ycXi
<python:DIYmEROa@784>: qAbkcma6CzJ9HZ1noOX0N5GLB7rTxQiU
<python:DIYmEROa@785>: 35Ejawi7K240TqkPXGNDCr9gtdQzxbJu
<php:724a7975@747>: 5462419a5fd45a28d3cec8d3778f1278
<python:DIYmEROa@786>: RlHYN1Eix4ZWAu5OTqjXaUfwtyprFhgP
<php:724a7975@750>: f6e33a1c178bef697cd9e960a2b3eaee
<python:DIYmEROa@788>: UFSHtRLVMu3vfaX7dTAcg9q5kEzo4C6K
<python:DIYmEROa@789>: Ju94YqHUnL3oQz2lbywAxfWdEXeMFkBs
<php:724a7975@752>: da921afd988e5b8734f23e046d142696
<python:DIYmEROa@791>: 7EvYwVzDUpFcgeG45u6SXHPCfNJ8qro2
<python:DIYmEROa@792>: 8BoKcObgqyZC29VjQzW3HnlYuIkNEFpt
<python:DIYmEROa@793>: UzPDJCln36buEmT0Zt9L2xIhof7kpMwe
<python:DIYmEROa@794>: Qjt4E8ukmf0wCBTRAgGxdiaXnNcJMeZv
<python:DIYmEROa@795>: WJKQuHkgOEj87PVBTfFZmbirSed4taqA
<python:DIYmEROa@796>: sNcEBZauKT4QpeR2Axo6X1gPkqFOdC5V
<python:DIYmEROa@797>: oCFLf9uMt8SniPvl5qHZT0NdOQ7zYhw1
<python:DIYmEROa@798>: dJIazZU4Gr7EbsvY93MNiABgDw2ocP1f
<php:724a7975@761>: 7b8c627e8cb55fde31d36e9359c6c094
<php:724a7975@762>: 7c27b118b7c853af46f119bc908b9dae
<php:724a7975@763>: 407dac56eedcf3bd37213402f48c09f7
<php:724a7975@764>: 67d1147536098dc5c35255576ea050c2
<python:DIYmEROa@803>: TAEiNFVmKZSu4GRHb8DCdcx3ogyP6LW2
<python:DIYmEROa@804>: 8WsrSJ6vmDPH745fVjTgtXKxQBwhN0Zl
<python:DIYmEROa@806>: VKvFyqrIUTJleM194Ldk3bOjwgHcNAa5
<python:DIYmEROa@807>: XgUcA3Fl4sWTzq2LdPQjkmuSEi9aht6D
<python:DIYmEROa@809>: qOYZ0NfDPQwyBA1CVnjkgr2dmo5bG8hM
<python:DIYmEROa@810>: UYhtjeLygJOAq2Z4waTCNf6uVoKWrSIG
<php:724a7975@769>: 75a725b4e8b72c3544e0fbe5d501a7a6
<python:DIYmEROa@812>: EnCSkiK8FptJHgyY4hPUaXORvu1zoTNx
<python:DIYmEROa@813>: 21Se8NAh50dZnTMIPVQqrk4gwfCiOYvG
<php:724a7975@772>: 5671c04ff9ce2948d100f3a9f97f2af1
<php:724a7975@773>: 8a11e0b2737da315f7a1424628dd3b69
<php:724a7975@774>: 6d33fac232058a06c28c8d929bc1b58b
<python:DIYmEROa@817>: 49ZMz7qwtTAyE3NDvJRm5OfIgBY1alWb
<python:DIYmEROa@819>: YEsDMIn7SvlcojRJTX8g3bGma4rQ6xHO
<php:724a7975@777>: 0891522a5c99f9a8c7938372d958aec8
<php:724a7975@778>: f9df23d9305b6721f01123a3a1f4df49
<python:DIYmEROa@822>: 9OfsB8x7CGY35wFQuSAPLmgK1WcjiEpb
<python:DIYmEROa@823>: fkcPoGuOa3RECnFsIq4We0AmbxYNlv6L
<python:DIYmEROa@824>: Lo0xwMHCtsd7WmquhQV5yF8NkzZ9AvbG
<php:724a7975@781>: 1cdd7f1f5a0128e7037d9aed86e2bb54
<php:724a7975@782>: b173970e2ca1d0e21ab8944dc60d1eda
<python:DIYmEROa@827>: IMzvhSBdHOp1W6ugJNctLq5RUx4Xn9mT
<python:DIYmEROa@828>: nN8sKWgLCcQizXHMZfedpbP7OxYlITy1
<python:DIYmEROa@829>: Fh2SG7JAIkYrfUdjRtmbZlpPnxuc8ME6
<python:DIYmEROa@830>: jLiJDpQrUPuWao9X5sMdOCtkV7fyA0Yn
<php:724a7975@788>: d31ec07110d2a6002a4163acae01d132
<php:724a7975@789>: 208905b1afa22ae0b435e270f5ac9831
<php:724a7975@790>: 4cd4254c775416025a4d55bb21db4fd7
<python:DIYmEROa@834>: i6B3zp0kGqgYrLVuO8veaHJw7fyjKAmI
<python:DIYmEROa@835>: aKPGcbCny3BLDIRwJTiMd4rgeXWQoufz
<python:DIYmEROa@837>: hUvi9sVpuFTgOmbSyeKIR4aNqMZd1koG
<php:724a7975@793>: 5bbf9f79448ffc27bb0db046945c5ca8
<php:724a7975@794>: 46c631574d44490a7cc9cb312d8d93e2
<python:DIYmEROa@840>: oEbhafJFyuTVpIt8cZi1AemGWjzM7xDY
<python:DIYmEROa@841>: yHXlW3BMngb2VjJ4OuqzxdIwkYFtmi89
<php:724a7975@796>: cf5db60c83732bb04807771a48309410
<php:724a7975@797>: c957ee74fd7ac0ee694a6f17ea309a04
<python:DIYmEROa@845>: wonxXVkWtqB5cTFOfAm4HI6Mu7d0CZsY
<php:724a7975@799>: fc1e885b2a487c225c2549fd7cae9107
<python:DIYmEROa@847>: 5fG9uLAyFt34vUwioBpIn8hqX6jNmcrS
<php:724a7975@801>: ad3b401931bf717fb570ae604a224555
<php:724a7975@802>: 42e2ba5320711470b34a2cbd89b3fce7
<php:724a7975@803>: 38866620e1ffa8ac7b4592cb243a86e8
<python:DIYmEROa@850>: HSFCbPcajiv0QhJnwIf9RN4ZB76KyLdX
<python:DIYmEROa@851>: GK3dO0Catw7FPxNmES1WjcqRvu5sBekz
<php:724a7975@807>: 92c92a41be971c8f8343f90ea7c9b0bb
<python:DIYmEROa@852>: Gw4VhRMPdAD2lzUCvOy7rbWSKJosjqpB
<python:DIYmEROa@853>: mCG0YDSQoxeVz15brLcFIj7wKTWOUk3d
<php:724a7975@810>: 237b7148d6ff794fa6093e96c5f7346d
<python:DIYmEROa@855>: YWsX1nbA0JOiZGIv2ogfTdLD9c4Kt6wh
<python:DIYmEROa@856>: ThJwUjk0ABlKyZLIFHif7XcqDsp8gdNV
<php:724a7975@814>: fc176fcf6bfd4ed7cb22f06c0c5af3ba
<php:724a7975@815>: b48d964bd9abcfd6ef29a257ab8fdf26
<python:DIYmEROa@858>: q0x6QbepIGHPW847ZcDaNzg1iCLTOwfl
<php:724a7975@817>: 949c4e49db7658b8d7a7d7d61e379ada
<php:724a7975@818>: 87357d316a1854d927edaec97d56b603
<python:DIYmEROa@862>: bUQ1n89EOHaIrDgGl5Xs0iz7tRkVycC6
<python:DIYmEROa@863>: OCgpE9u8zRfU2qT3KJx6FbyWwlkV0N1H
<php:724a7975@821>: df9dab8e7f2ad83f8b6864e8ce1a14ca
<python:DIYmEROa@864>: rk7mPeEwBGNoCzOt83jLsXxvUnIlZb1T
<php:724a7975@823>: 5a16d142d07102853e0db86e05bcad5a
<php:724a7975@824>: ba8c15bfe3a74427e3f433c64f95ec68
<python:DIYmEROa@867>: 4jwX1gexSTmLPZrJfvWCpBdD0hYykM23
<python:DIYmEROa@868>: Uu8o5lEYrwafvpmFA4NTkt0S1zHPMQDR
<python:DIYmEROa@869>: XvG5KeNmiQyMtZDR2LblHxjkhATuFB0r
<python:DIYmEROa@871>: Gy3aJdx7hoCpM9m8f1V4uPbYgsBLeITc
<python:DIYmEROa@872>: 8BrHWxyzXoASpZsNlKULEjg7qOFiu3md
<php:724a7975@829>: 01f7806822e1b807c842cd079cd57622
<python:DIYmEROa@874>: fXzAgZItmTQNweCphWS8xylHjFcMv7rk
<php:724a7975@832>: 417039777805f48e7a68af8aa6916f50
<php:724a7975@833>: cd106032e003ae3f20ee75f3b972f17e
<php:724a7975@835>: 4a8620789587b6e889a34d77e481020c
<php:724a7975@836>: 83e8937d0b9d0bf26f93d4740f46289a
<php:724a7975@838>: 684c4b229e8574231e39f9d3dc517838
<php:724a7975@839>: e8158243eebf365be6606b4304fa5391
<python:DIYmEROa@879>: kXHfvmcEtDZL8w0A56WK1S3z4pBOxqog
<php:724a7975@841>: 1f1f06893ad6a7c51b754d9aa5d11b9d
<php:724a7975@842>: dddcd7d143829ef84e10d79c32332ac7
<python:DIYmEROa@882>: PRfs3A6k8BtynXSQ1uLJ0vZgEIcUDxGK
<python:DIYmEROa@883>: zLjcJeMNtowTyOx8AE5ZIDQpGsHSlPFi
<php:724a7975@844>: 1f7819a97579b246ff06962c6d70f522
<php:724a7975@845>: 0ab3a8b9b8190817fa3184568acd7e43
<python:DIYmEROa@886>: F40YiApzNBr2xLWtjTmheoUw8EJSfqKZ
<php:724a7975@847>: 88708b405a6c4f679b4da5f6cf97cb05
<php:724a7975@848>: e56a85bf7464b7a8b3ca9f03f6ffd5e3
<php:724a7975@849>: 8ef2a3edd46f386d7a78aa02564d9cac
<php:724a7975@850>: d4578cc7fbb5feeb400a4e3df83fbb7e
<python:DIYmEROa@892>: HRZrBcK3QvCLqyMWfET4t9dAihjDmsP2
<python:DIYmEROa@894>: ksGNAn942mB3cZbYMLx0ph5ejUHStCTu
<php:724a7975@852>: bff1996fdc84434c4d66e72a63162ad2
<python:DIYmEROa@896>: 4LpM9Al6TX1xfcaORiSrYyUgj38BqQ7N
<php:724a7975@853>: fa87562ab38b7befe84be3d60c35d0ce
<php:724a7975@854>: be0438612906624c4b19fd35a4556b40
<php:724a7975@855>: 733709fdf212dc6e7d7226a77201659a
<php:724a7975@856>: aee560f0aa67bd7081f05fd5a5ac2125
<python:DIYmEROa@902>: 8pdcynXlgS7biq5VzLGPmvC46RuwJfoK
<python:DIYmEROa@903>: XPRApSjUHdnNfODb2kGs30xI5KZ6VYu1
<python:DIYmEROa@904>: OKtERSFDHIjdLZqhV6gwAxca8Y9emGbo
<php:724a7975@860>: 0b5009a4b22e819e098caf1eb13b6976
<php:724a7975@861>: d4a7a7df3ade72a381189493f46b22dd
<php:724a7975@862>: f5d0cfd78706e7c2593b4dd7d628950c
<python:DIYmEROa@907>: YrDgfMWRhp17xvyX5inIHNaETBU3SVqc
<php:724a7975@865>: 5410f2a1290a18c22a40702453195df8
<python:DIYmEROa@909>: cTorFwEUgxAhKOYPVNbfiBpJD4q1QS75
<python:DIYmEROa@911>: vky2jq5wnYdNIDfztCHXrOpalb6QLeAK
<python:DIYmEROa@912>: cbFVIC3Gl2n4ZhKXfg7WAJuPy8EUarST
<python:DIYmEROa@913>: 6Aq4fsrXmyeRBnVYOHg53WhPou17DMU8
<python:DIYmEROa@914>: VIv4yHBn2j6SoQt8DlRZAPf0bqUTNGcr
<python:DIYmEROa@915>: 7Y9R3JMF85sdijgXzxpWq02UtVIvbfNk
<php:724a7975@870>: facb6e98956b7eeaac6d6d920285a0f2
<php:724a7975@871>: 3e4ade2dccc82d42cd126291477102f6
<php:724a7975@872>: 5af492cce24024c81b733e46322285d8
<php:724a7975@873>: ecfa1caa7d9f7336635c429cf14681ec
<python:DIYmEROa@920>: gXHs9xAPVGOSvRL6CE1YFUaJwiu5npNQ
<php:724a7975@875>: fd13a78c97f9c1cfb275d08b73027150
<python:DIYmEROa@923>: dFlSgVasZvwQpOrBikuUnIyxDXhcob74
<python:DIYmEROa@924>: ugQOrIJRS9k284lpvC1UjhowFnVETWAc
<php:724a7975@877>: 746938974a4a52fa47898d22739ba35d
<php:724a7975@878>: cab8a0fd509e7d0f7c111a1728881e9b
<php:724a7975@879>: c2f5b4a6aa8dab0291a7222db2307f4b
<python:DIYmEROa@929>: iOZBC4WmXE5unKx3cpekhYqPwvGHdlRD
<python:DIYmEROa@930>: e5ZSGwHbrnAqyzDRhaOMXJxfjVLC4Pdo
<php:724a7975@881>: cf23ae443cc5727fa4f34f9e8e7d1031
<python:DIYmEROa@933>: OIXnmtc0Fa8TRBWyh3CKpkw9NYGS1ouJ
<python:DIYmEROa@934>: UgrSETsVNeQYAGWZ9yfbO7oi4m5zRn1F
<php:724a7975@884>: cc6512256a0dedf2bc9d79b03b573f03
<python:DIYmEROa@936>: fRwqZvigJN8hbUd1LTISCoszQ0Dy79HX
<php:724a7975@885>: d713c78beb3e10423038bca13ad81acb
<php:724a7975@886>: e10cb6821eec7e2ad09c4483d93adb08
<php:724a7975@887>: ab978c2c7d6c43942f002ed7636431b5
<php:724a7975@888>: 5bdbe530687d3dd6bf8085ba66361dbf
<php:724a7975@889>: a16f66d09284b54c0d812138cddc40a4
<python:DIYmEROa@942>: ijzHIpJNBf2vD95VuPqSsn40K1maW8o7
<php:724a7975@891>: 75df60e69c77b986f2e2d6d902bf6bc0
<php:724a7975@892>: 72aa5657b1122069d89e9055c792798a
<php:724a7975@893>: 8deb7abe115c683067854e01d9abc342
<php:724a7975@894>: c9bed9d8187597ee6f03c2447b647965
<php:724a7975@895>: c5203732ea335739202e442cc2b54fce
<php:724a7975@896>: b004aa0c177c6519a9f15883f613ab44
<python:DIYmEROa@949>: OrMXBYNFdQZLRPKsvq1oJzmixgtC8jne
<php:724a7975@898>: 6e7641e1a7b55cbd4e3537bc8cfa1aaa
<php:724a7975@899>: a4145a5b3c4f60d20c51a7804a7ae517
<php:724a7975@900>: f4b0b8ee6fbc6943c571029b0a49065b
<php:724a7975@902>: 250106c70e5ceef8e358cff6e6e7e6a1
<php:724a7975@903>: f8717101f9b4265842b8b03d0ecbf1b1
<php:724a7975@904>: 0fadfc21a9beea912cf3ffdeb78118ab
<python:DIYmEROa@955>: dc56FVOzI31WAQJplkbZtU7m2vKShy4N
<python:DIYmEROa@956>: ze8Ycvm2Jotap1WZ3GxOMB5fk0Alnr4j
<python:DIYmEROa@957>: Qkf9JsZ4tHcOx28AEIiRzDrm0gCVSqj6
<php:724a7975@909>: 07fb0e656a51a1eab463b023b3d91f0c
<python:DIYmEROa@959>: ezB0oa8lmuJXP1Mr4d76kKcYgQtqvESs
<python:DIYmEROa@960>: bUJixokv03Wgn9QRCTGHFB5Nys6uEYcI
<php:724a7975@912>: e137b070ff4b11723791157efae27148
<python:DIYmEROa@962>: dVj0UqBgZP1lL5wFTeMCz68mXsKhYnAu
<php:724a7975@914>: 150d906c4bc70c7f1f91dc3f24ac713c
<python:DIYmEROa@964>: fUPXQDTWzdK7GlVMcjqpwZF9orRamxHg
<python:DIYmEROa@965>: rB6QMLRfKjsNgxX9kwSHEiZ50bdoUy7G
<php:724a7975@917>: fc6630321c2de7aa88f2a194fcfa97bf
<php:724a7975@918>: f37820672ac66b3c428b09680d86e023
<python:DIYmEROa@968>: EC9zvDankRFLJtHAImlN18ZUoscVMWTu
<php:724a7975@920>: 070abe8a7f2c6548cfb7d8b4f42862f6
<php:724a7975@921>: 4092a598e7a35ec922c4cdbd559b24b0
<python:DIYmEROa@971>: xIJ7R68mUGqKWE3Qc4aniyV2se5fFCl0
<php:724a7975@922>: 77a3145636d0177b31b5b544ad3266a4
<php:724a7975@924>: cb80f1d6476f3106676a9ecc38210db5
<php:724a7975@925>: 3ce1029bf44194a1df4e444d17ca1311
<php:724a7975@926>: 5100d05440251acf2633830032c4392a
<python:DIYmEROa@976>: VluEg9tQ63KZX20OcsdUqTArBYxh5W4o
<python:DIYmEROa@977>: tbKNvOGczrn2gA3kuZlQW781XLFjeRsS
<python:DIYmEROa@978>: CAfFu65ynzTpkGaDU3KrWZ1Q2RJgxwoV
<python:DIYmEROa@980>: hTpcKW7O0ILMProS6sexfRyVXG3EQjCt
<php:724a7975@930>: 9375218dd52e92d9877a336ab0a4668b
<python:DIYmEROa@981>: K3pokWVdwEMz2lga54UqBGbRQ1hIZD7H
<php:724a7975@932>: 4403f7d55029a659f9827ee6b79df66a
<php:724a7975@933>: feac1586a6c59fbc602216a2ac2794db
<php:724a7975@934>: 8d22b792039ec939a1ca3430c7e4b6b4
<python:DIYmEROa@985>: FdCnYGtf6XKULpum0vwiql5AOzDWENHy
<python:DIYmEROa@986>: dPecYIjQ4azJRECkt1g3Xl6FyiGsANSK
<python:DIYmEROa@987>: RXChYyZLzV4aiDTxneg6WUw2BP95tEQ0
<python:DIYmEROa@988>: Wms3r0w9JFP6lUQpRTakCfXtBdh8iuDH
<php:724a7975@940>: 1dfa9a6e08ba5b470c6595c3c22cf17a
<python:DIYmEROa@990>: j8bMz2TRpxJABQZyKhqr6tlGnUeuSP0D
<python:DIYmEROa@991>: w4cdMgJyQAoCKUilWzv6OVDEupbL0GkZ
<python:DIYmEROa@992>: TzQr7oLpNAaw5uhtkHSv1ejDGqYiWsmB
<php:724a7975@943>: a6897258c149bc025c5dbad0989feb2f
<python:DIYmEROa@995>: gCh2kzN5VYF8KbHrqwmAsExQ6noMOT3L
<php:724a7975@945>: b93d84f51dc8dded00726bbf9524a685
<python:DIYmEROa@996>: 07jUfGDTMyaEzk4wA6rIPsvSYOoFtng5
<python:DIYmEROa@997>: mbXhDPFvLAJ9qHuNKR0yfe2T5SodIYzi
<php:724a7975@948>: 22fd0ddbb727dbf21736f7601e0cbbf3
<php:724a7975@949>: 4e3a10e9a46507ac22ac78120433db22
<python:DIYmEROa@1001>: lfLwROY3GDikCr164vxsqHeSIdaBc59j
<python:DIYmEROa@1002>: PukOTC7RH16IibvfjtFY3qKlsWczXx0e
<python:DIYmEROa@1003>: DYRumJH7jbPsBkAxMhaQrn51UivtWXc4
<php:724a7975@953>: 01c45dc32ea9771ae316c669b7dc6da8
<php:724a7975@954>: 95fa98a2ba0e592b4883f171c0fe83d5
<python:DIYmEROa@1005>: ATH4t0SdhazkXc5QOCrqgMLu2P8fpln7
<php:724a7975@957>: 6d68111308ebcfef5a7416aa82ace134
<python:DIYmEROa@1007>: xF63yCzQqharvZuXVBI0kYWeLmMJfcPG
<php:724a7975@958>: 49310a07731946640c19e4b4dba0e2ea
<php:724a7975@959>: c6706a967055b560fa06ec6605296f39
<php:724a7975@960>: 2f682ab449407537898589d109a44669
<python:DIYmEROa@1012>: VIQTxZ9F7q2RrXL5duKp3mlO608jbNet
<php:724a7975@962>: 1a928d7489f7892d7e1bd6aad8da924a
<php:724a7975@963>: 55a1e6e33551781b81030d2a18c98d91
<python:DIYmEROa@1015>: 48oVbnfdvCRpgikuqc3FlNzHMLjUAE7x
<python:DIYmEROa@1016>: q0fQpOErjt1h8B3niYPHzAXDlxeu7W5d
<python:DIYmEROa@1017>: dXyucgKUMnFZ4YNSVoLD7eC0Aq5kIs2P
<php:724a7975@966>: ebf1347cbbfb9830efcd79c9e8642510
<python:DIYmEROa@1019>: w58nJUN1FSXolxMVeHBKzLgDjYZm6tcs
<python:DIYmEROa@1020>: 1k3ZAsqfJYTc4dgnXQ2SytoUhuC0BxVp
<php:724a7975@969>: 62ef9c374ee505b82f2951202d26853c
<php:724a7975@970>: 93e092a4bae16d44dedd7a63ca3184e0
<php:724a7975@971>: 66b53ec34a0d74cea40de140d37ddf97
<php:724a7975@972>: 76eb5d5611c7fca22a501373e3c9ee84
<php:724a7975@973>: 26e6482491ef140df7886fe182da4904
<php:724a7975@974>: e8ae2b80bdefcd513d9db82514b75a92
<python:DIYmEROa@1027>: wuMZRbSskgtOWVl1ECqNyjfAp6BdLX2P
<php:724a7975@977>: c3dac2ec182c50aa4434595284e50e18
<python:DIYmEROa@1029>: s4dOqkbmXUvgVJn7DfWitlFxhoezRNP3
<php:724a7975@978>: 017cb4b933436d4909f6aa9220ebd9ed
<python:DIYmEROa@1031>: IN27SyePLj6sZpgFzH0fxMUTXl9cYkuC
<php:724a7975@981>: 8f7131f761ec36e9d80ef1b64d562530
<php:724a7975@982>: 97b4f5a579310505966dad57e12be805
<python:DIYmEROa@1033>: hnoqe9bUPumczrk8G6i3NBZ57p1JO0w4
<php:724a7975@984>: 1558f1f647eee072415488101459261f
<php:724a7975@985>: b90d290d2551a86ee9699ef39a464cf2
<python:DIYmEROa@1036>: QgVnaoZ2hDcHd4l9e5NuyLi3IfmEwk6p
<php:724a7975@987>: b8a413b25159d7b4028ce7557bd175cc
<python:DIYmEROa@1038>: VI2AhejfB8Cmd7KqOSE0XQrcw9pkgy1n
<python:DIYmEROa@1039>: Mdq4Sk0CcrXpR5NIaxzE7FVHZhL9JUuv
<python:DIYmEROa@1040>: tdfPqr3v84JXp1hK5auS2TwnNFcGzRMZ
<python:DIYmEROa@1041>: oEjcI0CU2hbNQgwfGrXaBuYvR4nS9HDA
<python:DIYmEROa@1042>: rd6ixwQNuVaKfHXIZ97sEgbODGYqhtm2
<php:724a7975@994>: 92adac24851ee8c73744bb66d1bb1083
<php:724a7975@995>: 6322ba5494696070bcb85477a4d27870
<php:724a7975@996>: f96442a9db3ad432a4de59710e0f2f9e
<python:DIYmEROa@1045>: DEuPQVZpqdozNRaJH9OSMfvUIgC4Lbl3
<php:724a7975@999>: 8c6a4fc5c8cd83e71ed7e188b0b93e35
<python:DIYmEROa@1047>: BG6qkQ1CLselaIx89mNb70A3KijJZXuW
<php:724a7975@1001>: f5982eb73c961de1e718b8f3fc4e6b0d
<php:724a7975@1002>: 383accbd619a9f77b5f3e31811a68c6a
<php:724a7975@1003>: 19a5f971547f1c31d51f5299a8a14237
<php:724a7975@1004>: de7bf7c62f256104eaa75e322965d8fa
<php:724a7975@1005>: d2640a4312e08ca4522404fccd62aed5
<php:724a7975@1006>: 2886754ac64fe2e78394a2f89f70a260
<php:724a7975@1007>: 5279b869075679053065fe5ed1008834
<python:DIYmEROa@1054>: rfh8aT2mo1npCGAEsVzD5Lgt7OBy3Wej
<php:724a7975@1010>: a4d7c7cdd7bd38ac9d781bebaae24665
<python:DIYmEROa@1056>: bhP1u8YJiCzsGx3OatNI7MSkHvR4j0KA
<python:DIYmEROa@1057>: kFMRKjXGH8uVw7xf0WODTmoe4sIELtUv
<python:DIYmEROa@1058>: EBgfOX3biFcpP8raRmnIUSu09ZtKJhkC
<python:DIYmEROa@1059>: nP2qdfibNOBo6FH03aWlEh7tXR8MwvAj
<python:DIYmEROa@1061>: cdCK9kZvVq3g6A0yL4F7nzXReSuMwY81
<php:724a7975@1015>: fa0dadecadc4a723cd66b313d4d421bc
<python:DIYmEROa@1063>: Wal1TI85tvBOCdDVsopbAReGy76PrKQE
<php:724a7975@1017>: a1fd37a4e24d2ca18c94b7e0742ff081
<python:DIYmEROa@1065>: azX6YWiZ1hgdcSTD9NwPnx4ry7J2vuOf
<python:DIYmEROa@1066>: NfwsK4oWkT8yj0hdtU6EJpeabCPLl2Gu
<python:DIYmEROa@1067>: tRx1OfmG6LE4TZJekA3QyWFVhCgIibKD
<php:724a7975@1021>: b591c6d3155340a10b79e06d92b529f6
<php:724a7975@1022>: 761afc04c2a9d17d51f6909887910ff4
<php:724a7975@1024>: 3dda6fa451bece2a04246de60b5739bd
<php:724a7975@1025>: 5dc82119733286169f1f5b59dd8f9e2c
<php:724a7975@1027>: 742118a84eede7da0a22f948e85b66ef
<php:724a7975@1028>: a6132dfaa2a3dbe78e404b3914fa967c
<php:724a7975@1029>: 0f75ab2b3732be1f1953fdf674cf69a7
