python          @ALTud3SC        @6   @error       : sbjCyo34euvRWhPc1UzlXkGgBY0HKdJp
python          @ALTud3SC        @12  @error       : ynvb15gO8tm0s9CB2XhzeFo4jcuaZGqQ
python          @ALTud3SC        @13  @warning     : eRnVjOagW4Urp0Ic78ZPQftyxviBlXTK
python          @ALTud3SC        @14  @error       : 7emxflyzYnU9gXrIQkMoPuZhHjdON4FJ
python          @ALTud3SC        @18  @warning     : lXRTF1SOYUnubgsHK7Nh4yJ3cDdmLiCA
python          @ALTud3SC        @20  @error       : w30WVTjn5mFN49xDzXucRHClPsbiqp1y
python          @ALTud3SC        @23  @error       : 85nCXJKNEyoSIsBLHi3eQRZbPpz4Umv9
python          @ALTud3SC        @24  @error       : Ap1GVg3lBjCqSvcu0Jmf9twFy4POI8UN
python          @ALTud3SC        @26  @error       : xHD4vyKMVPtrN17GBXW3RaYcZ0gfmnbl
python          @ALTud3SC        @28  @error       : oRxUjwQphIiPGc7MZ6O2TzveVgXSqlA9
python          @ALTud3SC        @33  @warning     : Ppv9zxGSDjal43M7UJqb5g6Nydt0Y8FV
python          @ALTud3SC        @35  @warning     : eynAQzmbTqIvsDC8k0U7ES3WltVYc6jp
python          @ALTud3SC        @37  @error       : K83YwPEkpRMgxSVIDarfe4LnG5boFX70
python          @ALTud3SC        @39  @error       : a3z7gJFPuZbIWpNHYXGMmeLV65cOvnyo
python          @ALTud3SC        @42  @error       : RvAekLm7i59NWJgGXEncFyKMO21Dx6tz
python          @ALTud3SC        @44  @error       : 8sjzK30oGLyuXE5cWBUbqvJkiAZMC79O
python          @ALTud3SC        @47  @error       : U8C4DfkmaLMyBGcoYdlXgwS75RP0AtqZ
python          @ALTud3SC        @50  @warning     : Ay2DkbtoEs0g6nx1fP4LpM5j7THwX9RN
python          @ALTud3SC        @52  @error       : irnJ2IX7NbKS1ZCfADaoxcEVhz0LR8d9
python          @ALTud3SC        @53  @warning     : 38Eno7YhqjVTZAx0LOUzlCQwMcKWIkad
python          @ALTud3SC        @54  @warning     : rfm5TOgEIny6iBMPZbJxsAdeUap28ctj
python          @ALTud3SC        @55  @error       : nyxiOt3lQwHD4m7UCLVTj2bSkeZ5IPrp
python          @ALTud3SC        @56  @warning     : LMKYySQ8JhPElqRrfGu3CxDIv1ia5koZ
python          @ALTud3SC        @57  @error       : Vac20nBOKmgZyzGNboF9IMA8L7fw5T1R
python          @ALTud3SC        @58  @error       : 5tVNz7dEBIGASjqYnJk4v1COMmUZHhQr
python          @ALTud3SC        @59  @error       : cy7Y4MgvrutHzpGLPWq8hUEkIDfaNCKx
python          @ALTud3SC        @60  @warning     : 2MlqfzgHGrwEFojbYinNORmUs1Zye9B4
python          @ALTud3SC        @61  @warning     : ncNT62m5GserDudKUVoRbHZESgtwka3x
python          @ALTud3SC        @62  @error       : M3ogYJIG6t4HjPLi8c5QvDaX9heRlpNF
python          @ALTud3SC        @63  @error       : cSfLKHlMdbhnrgo0XO59mxVskRv3QCZu
python          @ALTud3SC        @66  @error       : yhwKQfHp7sX9veG0ncjD8bxFWPoua1it
python          @ALTud3SC        @67  @warning     : 8EUF2kqN0xCY7re5Ljhuda3iWz4SDKBv
python          @ALTud3SC        @68  @error       : aLlCSPisf1KBdzmgO6M4WQTVHejDpuFw
python          @ALTud3SC        @70  @error       : E3quezHFVyt1fAimgbJwSMTQoxROB5kC
python          @ALTud3SC        @72  @warning     : R8cuXU9rhyKl1t4M0obiPDBLpqjT5e2C
python          @ALTud3SC        @73  @error       : BR8TAM0edUVEaOtDwJCzyhmLvpQ3r1Ii
python          @ALTud3SC        @75  @error       : 4j1bfonMxClehdpygDqN8VB3WwuEL7ic
python          @ALTud3SC        @76  @warning     : MaP2Gc8s7DRmfU4rTvN3tdkz9hwiEJlZ
python          @ALTud3SC        @77  @error       : Ea96liGtZb85gXMdfScLjPIomvYWTkeA
python          @ALTud3SC        @78  @error       : LRHm9EBPFSCoY3ODQkqVIbK0gcrUyWN5
python          @ALTud3SC        @80  @warning     : vHePfgdxzVZCsou4KJn0QcthSLa7D9Fk
python          @ALTud3SC        @81  @error       : PwlmOvuCMSF4XzqKskWYaRViDdUxnNyc
python          @ALTud3SC        @82  @error       : qwAItxyD1ogYJQOvc69asVlBkfUFP732
python          @ALTud3SC        @83  @error       : iLDeA6WXwlIEZmBp5dzgF37Psn2x1YHO
python          @ALTud3SC        @86  @error       : YA8TyGhU9Kdp26LRbmfWEsCw53ge4Mzj
python          @ALTud3SC        @92  @error       : 5tpzoE6mHFfrD9AiVwRxOZejMCI1SQ3K
python          @ALTud3SC        @93  @warning     : pri8KBGl2WqzNbgJT4j9kfAuh0Zvmewy
python          @ALTud3SC        @99  @error       : D6jhb8ENV3aPvULQzoFcrKl54HqGetMi
python          @ALTud3SC        @100 @error       : fLrCSm6Xi7jUPHMh50kEAJtK1TRudVq8
python          @ALTud3SC        @101 @warning     : M9K4xOTPngZskehVUlrv1HXW0fSdbYCL
python          @ALTud3SC        @103 @warning     : 87PqzNpRiMoWuafIQn9EU1cYe5CATXFS
python          @ALTud3SC        @110 @error       : 43EWjqdAnxsztvc18SgVbFUT5R7XHlm6
python          @ALTud3SC        @111 @warning     : HIRLy5NMbnGcv2l8hQ4KaeUYtszZm3SX
python          @ALTud3SC        @112 @warning     : extfHOvn5J8EcKdZl9P72Whya3jwT0ND
python          @ALTud3SC        @115 @warning     : 0bW3IwfnrSmc5is68peYPRg1LCQKOTVX
python          @ALTud3SC        @116 @warning     : 1R058G3dMIN4ilbsHYDKn9XL2CZUvqBy
python          @ALTud3SC        @117 @warning     : YmJOikZ4vU0jy7ofIgwWFSE9APqzCasQ
python          @ALTud3SC        @119 @warning     : OmtJFcY4GvEW1yLoMSexlg7ZVsC6zRh0
python          @ALTud3SC        @120 @error       : yU0RAiz2r7EISlxnmvZOcwdXHfNgjCGs
python          @ALTud3SC        @121 @error       : gnClsqa3xD2YTuZfzvGkFRUheBiypI7c
python          @ALTud3SC        @122 @error       : CNa6RcZVBQ1oJwdrTEnzblqA5FG7syuW
python          @ALTud3SC        @123 @error       : 9SAuFbOigYqVeKHyCQv1NwMJLsrxWX7U
python          @ALTud3SC        @124 @warning     : LDMydSY5oXTPNB71G8e3tcQgp4VA6ziH
python          @ALTud3SC        @126 @error       : JXz4h1w7gpLlZbFNkjCOKtsV38QacE5v
python          @ALTud3SC        @130 @error       : ckCSA9Qnd61vJaqL25M4NOGXUi3xVEYs
python          @ALTud3SC        @134 @error       : eCr5v3GWXpx2OtKAhYEHsSjNl91LzoU4
python          @ALTud3SC        @136 @warning     : r25zkTZwGcxb3VtaegodOhWEi4YImDvU
python          @ALTud3SC        @138 @warning     : 0H4zBuqJtFRUl8mnf2Keh7P3AGi1yYdC
python          @ALTud3SC        @141 @warning     : wfE7aU51JrgDiKpoOehzjtS8VIlYynBc
python          @ALTud3SC        @143 @warning     : iO1CHXBSEoV0wYZ7J3I6KlsDLmNjR4Gk
python          @ALTud3SC        @144 @error       : T1Ud5m3BXt4IlfsGxyVReEZJFz7aMQ0r
python          @ALTud3SC        @148 @warning     : Mpg0iR1EGTshoa2FermOKSA9fU7QzjLH
python          @ALTud3SC        @149 @warning     : FufUmdgCn2KIybEJQVR6GOWZ3qztc7YD
python          @ALTud3SC        @150 @error       : zrZ8i2HdpUqCfOEwXGB7xYs415QVeuSD
python          @ALTud3SC        @151 @warning     : lhGVeoYPWDzgdq3XIaRMfrUJOQy06Zpx
python          @ALTud3SC        @154 @error       : fS0NFIjvwcM8RCkeGyVHWdnLB4KJmOho
python          @ALTud3SC        @157 @warning     : f9tkPyTUdqaB6lMWe730brKO2YjwIAh4
python          @ALTud3SC        @158 @error       : yU2uglHnpBqeG4EJ6mj9DWdtxsz81wP7
python          @ALTud3SC        @160 @error       : fXumPNZxWBs3E1Roayc8TO95jlvbztFD
python          @ALTud3SC        @162 @warning     : RHkBCNKAmb2v5ZhqsiaYlc8Qzdr713PV
python          @ALTud3SC        @163 @error       : az90CQqsf8lOSU1hXrYgRxnpFBykdKA6
python          @ALTud3SC        @166 @warning     : h9c8SGaw2DxKIRMQmuUJq4PVgL5nZv7k
python          @ALTud3SC        @168 @error       : bsdiPfIHyGnaEZSKm4AuChUQWrY6oOqN
python          @ALTud3SC        @169 @warning     : VRL8Xb2DcaiHFNoYM7vU3QjrZ6EtyKm1
python          @ALTud3SC        @170 @warning     : DmdgSrx8BcEa5vRiC0XwtQnKTuLe26yN
python          @ALTud3SC        @171 @error       : LbZJu8dTgYSnNmkoRH35IV7lMDwqt1Of
python          @ALTud3SC        @172 @error       : Oj3a2UBxiZ81RcIXA96fGqlE7LHJVuMF
python          @ALTud3SC        @174 @error       : WbZsAp14IrnXEFchto2jTuNqCBR63JmS
python          @ALTud3SC        @175 @error       : ik9tpdSEH2V7Qu6bByoIG8WOvnJg4NF0
python          @ALTud3SC        @177 @warning     : vEdzfA45nroDkZJgO061Bp3GUXxaj9We
python          @ALTud3SC        @178 @error       : JDidSyzPmBrwnUOqugftEA0sVZKXQM6x
python          @ALTud3SC        @179 @error       : Cek9KUpQ1TnGslVc72iH8xquDy3jNMX5
python          @ALTud3SC        @180 @error       : QaRUpO6YfuZr4jHv0SyFcq28PeD7KmMz
python          @ALTud3SC        @181 @warning     : 5Anv49Iu6omYgRSHbpMQsl1BTxVf3DGL
python          @ALTud3SC        @182 @error       : I9VfYludMgeLvAnXzoWCkmaSycJEOUR1
python          @ALTud3SC        @184 @warning     : Nrjv9hxgfTVFkJ8npb4ze0Z6IXmqGLHR
python          @ALTud3SC        @185 @error       : aLmwDpSuqFx3v1lKOGWMJ6ryPVfZ0gjd
python          @ALTud3SC        @187 @warning     : hwsVL91l5zRH7dPIcSJ4DyTtZMOQKFo8
python          @ALTud3SC        @188 @error       : lodayp4VnezA5hHTS8KIXkMcxGw3D1rO
python          @ALTud3SC        @192 @warning     : TAOvZwegk3jnMmFfRQUy50Pp7bJ2L4ir
python          @ALTud3SC        @194 @warning     : 8JFryeE6Lk4fvxtwVIpo0u2mHciKqTbM
python          @ALTud3SC        @196 @warning     : MwqrRdtnIzOa4Y7f3ygvXsLxcS2GJpUb
python          @ALTud3SC        @197 @warning     : fqOBmlo6CuGJU0DQKeXZEF7wrkcbz98I
python          @ALTud3SC        @198 @error       : NBt2R1HTLJX7g6V0PyEDUqScOI9sz8pQ
python          @ALTud3SC        @200 @warning     : lB40YSEUaIcqg3WJRV9fjkH6Kv18TXxL
python          @ALTud3SC        @201 @warning     : iVzCOY1ajTngJpwWPRqcX2eUmk6dys38
python          @ALTud3SC        @202 @error       : a59WK6bXPu2ZnGABgEs4qwtJkpvND7If
python          @ALTud3SC        @204 @warning     : GasCPYgSFK4nDT9WfkVt5bI6zHdlcjNL
python          @ALTud3SC        @209 @warning     : mEiZvwhJFWsn50jfLxBu78PXaOqrK63z
python          @ALTud3SC        @211 @error       : hALaHqK7sZGTPIXSzy8FEkONJDb3BWdt
python          @ALTud3SC        @213 @error       : NPwWlokUAmvxDubd6eEfXjQ87FKCSY1Z
python          @ALTud3SC        @218 @error       : S7w4Ol9Jn0CTD6scgvzBurmI3XqF2hke
python          @ALTud3SC        @220 @warning     : w8BIG3o15cClbJ7gUt2SjxPhyZvdMRFq
python          @ALTud3SC        @221 @error       : tvQPqyxNjCadSFuLY8bRXKwlUO5TZIp6
python          @ALTud3SC        @225 @error       : vhtPzCV34ZXkMFaylOKb8qGs1TpYLjuE
python          @ALTud3SC        @227 @warning     : 7MONmEL6kFCYTyj1PBrIbdz2chxvnXAl
python          @ALTud3SC        @228 @warning     : pxnOTgo0BNZVCKSU2w5AskI49DfvQLhF
python          @ALTud3SC        @231 @error       : U3HeWnDrdxJwiFyg5BzIk2C7SANR0oVl
python          @ALTud3SC        @241 @error       : RQsT9Xu3JWodftgzYrk25eZxUCj1SNAH
python          @ALTud3SC        @242 @error       : 3mMzUDp9L5wKYP80sNo2WrbFeJTvi14y
python          @ALTud3SC        @243 @error       : 4obUl7j9nQeRZk1h03WyL26TrgvSXzsd
python          @ALTud3SC        @245 @error       : pUBKXCq1Yv25bDh9TZuxG0FA8sImnOrg
python          @ALTud3SC        @247 @warning     : BSI3o6kQyZJGmlagK1YHO2X8PsiwRrvF
python          @ALTud3SC        @248 @warning     : 5UJWyOCtBfYKRc0grwIAheNq6MLjmsHF
python          @ALTud3SC        @250 @warning     : gYUPNRItbZr9ld5KpiXou6nLcBe7fjEq
python          @ALTud3SC        @251 @warning     : MNm0dhKVyTGFDwsi79JBuvpS8H1r4fUA
python          @ALTud3SC        @252 @warning     : o4YeEHZvyfzXAJPaxh7O8gILjtsWMirp
python          @ALTud3SC        @255 @warning     : RAtLKFNC0gzdeVjQlHpGMkOSBZhxX38v
python          @ALTud3SC        @257 @error       : RNe5alcIpvMm4HsKUdW3x0iVOqnhtZEz
python          @ALTud3SC        @258 @warning     : ruNXHP1wFie6t9YK3JdSlvanAR7xGDsL
python          @ALTud3SC        @259 @warning     : QyflGoab0v4LqORNYht82X9zUnDAxFru
python          @ALTud3SC        @261 @warning     : NRaQpe6s2MxnGVSUfikb9wrPDBlTmv5g
python          @ALTud3SC        @264 @warning     : h6R7zKTmoAxcrQlEeXFnd4UikV0BpW5S
python          @ALTud3SC        @265 @error       : TGx78sSt3qFpYXMC2eJEBDINKjkLragf
python          @ALTud3SC        @266 @error       : Vfns9AtUaWZDBdq8hkO6HM3cl2Q0Kzue
python          @ALTud3SC        @268 @error       : k8svC3VXjSWfRamtPzMZwe7lOTDHNnYu
python          @ALTud3SC        @271 @warning     : 6DjOhCdMlo7XmSQqtH3JY1UIk5vPWV0g
python          @ALTud3SC        @273 @error       : UbDkMf0mo1Y3Xtl6Z2KEdxPLwWeRQAqp
python          @ALTud3SC        @277 @warning     : RroDVTN5vPJEFLUhjWi1KydnAYfOxQgC
python          @ALTud3SC        @279 @error       : l7A96ho8SZqrabeXBQDCznpFUjRfcy2M
python          @ALTud3SC        @281 @warning     : IgTBu28pqzMhOaArVNysiJ6mXWGSnQvl
python          @ALTud3SC        @283 @error       : bDYxKc8zRMC6voHhNZImVSs3T45LPula
python          @ALTud3SC        @288 @warning     : JTHxZNjm9o4ga3vDzYIsw6kB85VPb1Kq
python          @ALTud3SC        @290 @error       : Mgy6hvl1p3KcXHbEdPsexGZnJFzWDwkC
python          @ALTud3SC        @292 @warning     : Gw3ZUPArTm8lxNIS5FcROgdhnE6X71ji
python          @ALTud3SC        @294 @warning     : oagKs96ZJxm4Y8N2hE3cG1AMXkRti0Iq
python          @ALTud3SC        @296 @warning     : RXmE63DuHvV79Ubc5K4qAeNfLgMsPIBn
python          @ALTud3SC        @297 @warning     : 9xkhMJiOqtQ3YCule4AGmvISo12dKHLw
python          @ALTud3SC        @298 @error       : Ruz9DC3bHdgkJPt0NXZ5W2npQBifL78s
python          @ALTud3SC        @299 @warning     : vu5Y4grNpoOaKmdlIRe0LWUD9MZnfs6T
python          @ALTud3SC        @301 @error       : cOwr495RyT7VStHgbmZqLfY3zFxepWXu
python          @ALTud3SC        @302 @error       : HUqVzyJ49CS2Pl7bxNhfr5YZIkXoa1uG
python          @ALTud3SC        @306 @error       : WezgbOR4aJvc3GMwhT6FNQtSfxLuKXB5
python          @ALTud3SC        @307 @warning     : eoQEMnfidcNSL8hpyXu2R5D10OZaP7WT
python          @ALTud3SC        @311 @error       : ZOd4PjemC23YH7sykJB8bwW96SuXGVn1
python          @ALTud3SC        @316 @error       : oAReEOIhwlQZFyuVY8gfNSbkps159TDt
python          @ALTud3SC        @317 @error       : GHbNw6svBXme7Vuc9tk2IMPnjAJdzxro
python          @ALTud3SC        @321 @error       : 23eRbYPtlKNcuEjCgGmXJp40FiyZDsQI
python          @ALTud3SC        @323 @warning     : 6HqcYIMBihomtT2l7abxZEQCOr0NK4Sd
python          @ALTud3SC        @325 @error       : aJwkiYz31VOSylfNGp7b9QHIExA58DZU
python          @ALTud3SC        @329 @warning     : yWrAogP5jwpJS6zf4tQsLU1qdk0mKiY9
python          @ALTud3SC        @332 @error       : a26Eg75pA1GHSUo0kxbBPTrOJnVvNIdq
python          @ALTud3SC        @333 @warning     : 96JQ2qtNHSBwEWK5v01UC8XlzPuijRhn
python          @ALTud3SC        @334 @error       : bfGZT8M0W9zOqN7etKPovYyAgmprdFCX
python          @ALTud3SC        @336 @warning     : D2YyKMLvmQb5IAFqcE6pPhONl9eW4XuH
python          @ALTud3SC        @337 @warning     : CdybVA7r01FD9QZsH3BcWmKXiPoOE5eI
python          @ALTud3SC        @339 @warning     : iGP6CB8FE1D2NZUXlcaAMWgh0YzjOx7d
python          @ALTud3SC        @340 @error       : nAXgCSWLBUxr50R1I3JsckGD7duf9yT6
python          @ALTud3SC        @344 @warning     : qGvcwW4JTnCX5p1baK9yMeNIk6ij8FRd
python          @ALTud3SC        @347 @warning     : NPI19E7g8aU5HYunjsofBD6bmyZvLA4q
python          @ALTud3SC        @348 @warning     : RnBclPkWtuFmZKT2ofepjXL39IAzsiH6
python          @ALTud3SC        @349 @error       : GhZKrME6egTixQF7ytlmIOL10VN3fWzu
python          @ALTud3SC        @351 @warning     : aZo6huCl2zkBTdxqm1A8vr0W7StL5wpR
python          @ALTud3SC        @352 @error       : LEHPNn3ifrw8u1FsZkyYG9pgIbV6SxlR
python          @ALTud3SC        @353 @error       : 0OefMYXCzhPqmo8pa9TJs2U5KAZHnVlQ
python          @ALTud3SC        @354 @error       : q4rNK6tdQ71ezawGhH3sWbXfPvTD2FEM
python          @ALTud3SC        @356 @error       : vC0nxwAP4GS9c8QYqlL3sJ7OHrtDhfNk
python          @ALTud3SC        @357 @error       : ZuIC9oRV0wPM7lNQdpEA25qntkKc3WDX
python          @ALTud3SC        @361 @error       : aHzW3htSNmbPDIfRBCwLgyM5T2Uvr4eK
python          @ALTud3SC        @363 @warning     : zxO54wemXL0MHUWDFC6Jad7s1f3pIrAh
python          @ALTud3SC        @365 @error       : tDNFs3Tw6dUaSxI54EArjg0JyqhX8B2l
python          @ALTud3SC        @366 @error       : bmW2FfCNpcXQxBv9uMJUKElZothH643y
python          @ALTud3SC        @367 @error       : 8uJPRDkmyjYB19beXWnQtSH6UxLr4O7s
python          @ALTud3SC        @368 @warning     : LSoZRuQ2mX5rNzBg9EaVdWqDMylUIJc0
python          @ALTud3SC        @369 @warning     : A0wUgS19DPVGCEztqbM4ioLfa7ZRIkQH
python          @ALTud3SC        @370 @warning     : pS8DOZv2FhnHLNgWRGBd7Eyja5okbsTc
python          @ALTud3SC        @372 @warning     : 7uQms5CDrRNA61wUilZY9znWdtGokeFB
python          @ALTud3SC        @375 @warning     : 0SD6NA7GkOmVlPfizZ8IywUpsbBcT92t
python          @ALTud3SC        @376 @warning     : 8HqJxCWTpYlg2Kiu3BNrs4ODj5cvPb61
python          @ALTud3SC        @377 @error       : 315sZYPCmIN6UQMhcXfvFT9tzrwldkex
python          @ALTud3SC        @382 @warning     : RJIPs8tYxmMuof7i1Ey5hpXjD0zZgScn
python          @ALTud3SC        @384 @error       : MkW806vZJBNdhY2XeOVqyfGoxaUHwbtc
python          @ALTud3SC        @385 @error       : 5Mf4zK2mGqQIsRZBhAWp7vFu31ajd8YJ
python          @ALTud3SC        @391 @error       : s6rtUYwTVPAbpFzR1ojd2X7MZx8EKeH4
python          @ALTud3SC        @393 @error       : o1KG2tJWbinj0w6uHNpPIvgCMXRy8Asa
python          @ALTud3SC        @397 @error       : OsLEl0Cgde3c4XhP1KH5ZVyn2BR9ijYb
python          @ALTud3SC        @398 @error       : ewi8JqGgDEorT42ZHsC1K3zBjXQxFLac
python          @ALTud3SC        @399 @error       : bMicvkuz8F9HtLOyQjfdmRE6D1X374sx
python          @ALTud3SC        @400 @error       : Tmq16sZYF7yt02uSEbiLfz9KMIOoh4wd
python          @ALTud3SC        @402 @warning     : wUnzmFt0GkaKEIdJ6oBv3pu4CArWPR51
python          @ALTud3SC        @403 @warning     : jqPxzGw2mdgBFID4l0O7r3eiLVHS1ME8
python          @ALTud3SC        @404 @error       : i8eY5ShED4zUWjkC96xtwaZ0lrNGIPnB
python          @ALTud3SC        @406 @warning     : bzhdUneroDp0xYIB2vskjNLmQOwHRPE3
python          @ALTud3SC        @407 @warning     : qRwMhUn8FGoAsOW4e9IuKi37V5rxQ6jy
python          @ALTud3SC        @408 @error       : rnGZN3BwTALCD9Rh2oIc6FfgzW4xPbMp
python          @ALTud3SC        @409 @warning     : p6h0HMDOW9lUjrw87igAXz5uYTcPsNBJ
python          @ALTud3SC        @410 @warning     : 6fkUK2oluBeSy0Pj1MpiQ7RCvDW3cmAx
python          @ALTud3SC        @412 @warning     : hlXakc4rtiyfEuQLI2KUMj0oYnD95wGT
python          @ALTud3SC        @415 @warning     : 3JRf1E0zM475DtGqunQaNIHSX6exCWmL
python          @ALTud3SC        @416 @error       : DQ1vZLBoM7Vi4g8AEjcxFGpkfy0IW2al
python          @ALTud3SC        @417 @warning     : 48v6kBZctKNfX5ja9xE01AGyHsTDOleq
python          @ALTud3SC        @419 @warning     : Yz4qWd6E2OxjyHFZCDA5i1rbBptwonsU
python          @ALTud3SC        @420 @error       : roiQcvlhHS1ngX0Zqt6D9YIszk5up7KC
python          @ALTud3SC        @423 @error       : w3WNXxDpycrOKks01jvbgiJuH429qhtP
python          @ALTud3SC        @425 @warning     : FJulgx1dD93rqceptRnbQZLzS7jwvKEP
python          @ALTud3SC        @426 @error       : 3rvP8t4Nz7gAo0GaOxkRZ9eUdpHwELXf
python          @ALTud3SC        @428 @warning     : PDjhLUfG9HX1VlnNyk23mqirEYpoSbxJ
python          @ALTud3SC        @429 @warning     : ul17Q36pviNXYcrOGm0TPVRkbHFSxds9
python          @ALTud3SC        @431 @warning     : OhQw54dZsaLncDgpiEvWxSjtlF89B6kb
python          @ALTud3SC        @432 @error       : CpTzXqFjfeIxuE7NDgB31KHWMw9Gacr8
python          @ALTud3SC        @435 @error       : 8hsiJbBYOCLQTlcPuUWgq1FfvIRSz29V
python          @ALTud3SC        @437 @warning     : NDHbWwzy0KXQtUkgSORZMoGCpjJ352i1
python          @ALTud3SC        @440 @warning     : XjdMTlNLRgiQ0yS2mhzrYG17x5uJC9DW
python          @ALTud3SC        @441 @warning     : Xbv9Dtr0hMOnxKYziLRu7NUBAwPcVSFa
python          @ALTud3SC        @442 @warning     : g1PXlHoYUf69kOq0R4smMDvndjcZeaBA
python          @ALTud3SC        @443 @error       : QVAlmkH0bietcDh9gCWSdx3NGJzYBKRv
python          @ALTud3SC        @445 @error       : 4RfmjpxAg2BMOh0E1Gl3crnW8DNKTsJX
python          @ALTud3SC        @447 @warning     : VPmbZYhWN3yx10OoftDwMck8rEpzsKqI
python          @ALTud3SC        @450 @warning     : DSZiefrYzbjsqI5WE7NQt0CRvF934MXu
python          @ALTud3SC        @451 @warning     : sEYiLcQnNM13TZ5hePVB7RForIw8Apvk
python          @ALTud3SC        @452 @error       : qjNlmDaheWKMuscFvnf94x5ipQRLYVB8
python          @ALTud3SC        @455 @warning     : yjvTWDzHSfcQoCGJxMg32nhV05mt9qPk
python          @ALTud3SC        @456 @error       : SvVUjtbrT3ILWgQauEclGN47P9enMKXp
python          @ALTud3SC        @458 @warning     : yTQHdv7lVAFYLcWaES4iPKJzC8ZopUG5
python          @ALTud3SC        @459 @error       : fP2ihjbyOANJacxCKS8d7Ep59IBZDlQm
python          @ALTud3SC        @461 @error       : 3plehIOWRVZzay6rGk9mMft4Ld50oPHQ
python          @ALTud3SC        @462 @warning     : WKvldUr5C0MHehE873OQkoG49BbqZfas
python          @ALTud3SC        @465 @error       : sLqIwpm2OHVNQMdbXl7JRvh8r69EFoxc
python          @ALTud3SC        @466 @warning     : bSgdx35yHfQqPRwMsTYJoaLch4EXK9pk
python          @ALTud3SC        @467 @error       : 6AzxmjXWa8bIKUwfelS2Dig7GRTd4sNV
python          @ALTud3SC        @468 @warning     : KAkhCUSwzD8bX7062VTWtyOFHl4mvin5
python          @ALTud3SC        @469 @error       : SfL0eZaWRr2c4V9gOEI7l1hJKbPvUjFy
python          @ALTud3SC        @470 @error       : 3F2xIM1K6nhaH8rpSwcjVNkvoDgs9lYt
python          @ALTud3SC        @473 @warning     : JjTM9SniVeXNAUOgbHo8pvhLcafYGE1m
python          @ALTud3SC        @476 @warning     : FwpSO0QMm5ED3CbVK74ofq9PkAWdlg8B
python          @ALTud3SC        @477 @error       : 9kxKcOYVlU2feRLHJdavNtAg5QFGP4rS
python          @ALTud3SC        @479 @warning     : fmv6OqRI3sr9MJbEYiw4Qa5CckWKeup8
python          @ALTud3SC        @481 @warning     : m8v40xAWEC96ITVr1jkSqOZsRdyYGLwM
python          @ALTud3SC        @483 @warning     : UWQVnL36aBmMAfjPRKiH27sgldDbztxE
python          @ALTud3SC        @486 @warning     : 3kOR1gDUCGfWyhXY0M4HJP8nlxLIw7FE
python          @ALTud3SC        @487 @warning     : Z7dPn9ohVEyqOCSMzgLwlmu1KQGA36Nr
python          @ALTud3SC        @488 @warning     : z17G9V56FWPXfdIOAxjDJHqentkr0oL3
python          @ALTud3SC        @490 @warning     : 4TykIQqaM7idxHSUKPRrzntJXCAWjbGh
python          @ALTud3SC        @491 @error       : gnxZt2bSHQqP4dMlkrD8I3zajv6GeVFR
python          @ALTud3SC        @492 @warning     : Fse3xCHJQj19MygoYXaS48Arti6BKhkL
python          @ALTud3SC        @493 @warning     : yPZ6BtpqGDXbzsTl37dAjkOwoMVR4HLa
python          @ALTud3SC        @495 @warning     : kgUqEM8LNQGfCeWi4PyD2h6nFtwsuJTX
python          @ALTud3SC        @497 @error       : dDAwhQ9y4XnueogRp2FrcsPaikSO5fvl
python          @ALTud3SC        @498 @error       : YdUFxt8eC64ZIqLJODAlGyP1mHnNp752
python          @ALTud3SC        @499 @warning     : mT9SpxnfzHUbPh3ygJIqRjGvXA5ZOWeu
python          @ALTud3SC        @502 @error       : 20fu84y39UkL7iPtBCdb5hWvcHxIrjOo
python          @ALTud3SC        @503 @warning     : g3tPkx4QAlyTvZuFJz89aBOiV26SrqDK
python          @ALTud3SC        @504 @error       : ZR5MB7gvkUYXpj1b4KTciwEx8N2dnFPu
python          @ALTud3SC        @507 @warning     : 0cBtzjp9DQGvnHAS4WEgIaT6m7qePbUs
python          @ALTud3SC        @508 @warning     : 8skMntA6ojZcUOID1JePEmxza7v4XLKi
python          @ALTud3SC        @515 @warning     : Dsaj6i9QfOv0zTXMZAdFpnCKNmBGH2Je
python          @ALTud3SC        @518 @error       : PocLmbYFGSNnutVe7ABrRCKHOIwzU6gh
python          @ALTud3SC        @519 @error       : UjAm6eCfBbL9QMPZRo4kcYadH3vD8Jt5
python          @ALTud3SC        @520 @error       : p3RiNsEg64STravKnU0FmjIuAd2XzOt5
python          @ALTud3SC        @521 @error       : 5E9bhUuD6z14Aecg8s2OLB0Rw3GPHZFq
python          @ALTud3SC        @523 @warning     : RQyLZ1Iqcwihv8DJOpfX7NMgW65T9zoe
python          @ALTud3SC        @524 @warning     : zaoImZH59JelBYP1qNRGcTXOt3DAygSk
python          @ALTud3SC        @526 @error       : Y4xS8auobKpqAhrZgnEH7GwIUBNXjWVT
python          @ALTud3SC        @528 @error       : yHq2ecg79TYlMjDsJpI6w8nrzEQ40Bdu
python          @ALTud3SC        @529 @error       : EHiGr9pTUef8P0QcAyV31CdxlItvwuBs
python          @ALTud3SC        @530 @error       : DmdO2uy8KgaUbn3rZx7MvEkiG4zNIjtX
python          @ALTud3SC        @531 @warning     : KL9IeZ3XJicUwybx1nDVj2vNPl5ghkqB
python          @ALTud3SC        @532 @warning     : Wde7scrmwXHU6PyDjGfaKNzu01L4xY8F
python          @ALTud3SC        @536 @warning     : gS0PirvCAhqH3LUJj51TboFNR2YuVKtG
python          @ALTud3SC        @540 @error       : 9TmBxiPMfeHsDCpkSzA2cbJg6RQ8VWuO
python          @ALTud3SC        @544 @warning     : Tk6MZdOE1j8nwShVIKlJxL5acUBr72mC
python          @ALTud3SC        @545 @warning     : W9GaR46XQYUqy0sDPmKt2xCrMgeEpwHb
python          @ALTud3SC        @546 @warning     : HGIwUqEPkt6zcTu5N0r783o92gfxVhCY
python          @ALTud3SC        @548 @warning     : fENGoRIYTstyWmBhSHMexwvZC89OVbuF
python          @ALTud3SC        @552 @warning     : KXA0DjGNMHki83e6xnrqpOZv7UBIzCma
python          @ALTud3SC        @553 @error       : 7Nj5EHQAxd4gnkbRGOitqMm8DYVKB1IC
python          @ALTud3SC        @554 @error       : FjsGvYViIQ67eH5fbKDUCnOLAWE41kwm
python          @ALTud3SC        @555 @warning     : KTRQq05lcoYhFvAG1SeZB4Wia9J8fVXs
python          @ALTud3SC        @557 @error       : NuA74cVh6gO3jqLwKMbexJsf9zTmXain
python          @ALTud3SC        @563 @warning     : NFcUAB41pTH89PConORaleSxk0w75KXz
python          @ALTud3SC        @564 @error       : W1MNVjhKHI5rLfx2o6gulzvY83mSXiaE
python          @ALTud3SC        @567 @warning     : kvimVjF1KqPhHLyousa9ndX7E4wUtef6
python          @ALTud3SC        @570 @error       : Y4i8dcvBDnRSWswmIQjMX3hP2eKLrzqf
python          @ALTud3SC        @572 @warning     : rDgBzfuF1O5GdhlRSJ4wIkPy2E0tQjxY
python          @ALTud3SC        @573 @error       : vXTcIKyQf9gPJoNupDML8xYO7GzSn6BZ
python          @ALTud3SC        @580 @error       : VqBzZmPCptLwh3do8DjXnH9v7bIR5Ugy
python          @ALTud3SC        @581 @warning     : HR7Nr51k0fzZe9gDExYSOjhCTnm4uqMb
python          @ALTud3SC        @583 @error       : c5j1qltDYPgGeoL8fzrS4JIFEVsk2n0A
python          @ALTud3SC        @585 @error       : 9n60XhUwOsW4cSbkEoKxCJFQVy2N5DZi
python          @ALTud3SC        @588 @error       : Qyaq1IbMNcnt75esGU32EO4pWu8KxzH0
python          @ALTud3SC        @592 @error       : XnI5KFS4Hu2b9zJLpaGg1eECsWh7YDZi
python          @ALTud3SC        @593 @error       : ngoWN9eDuQw1Akp3Edz4YjUMqIG7KHVl
python          @ALTud3SC        @595 @error       : r9vKzlVqJoMRAgdkH7yn6pmBNt3ceUh1
python          @ALTud3SC        @598 @error       : FVNd3Abz5GU6DYjkgcxnSsuWTaR0orwH
python          @ALTud3SC        @599 @error       : 3jdT24imS1Du8XOvf0hM5QaVFGHYJgIL
python          @ALTud3SC        @602 @error       : dwtjy7eA2SzclHXp4mZ1N9q6vYFkQ0D5
python          @ALTud3SC        @605 @warning     : GBscL6exSP7AErX5wqM4HthYvyjRW1Uk
python          @ALTud3SC        @607 @warning     : 4jWHCRrYVwmdQbI2GtgepFPB8Ja65zMq
python          @ALTud3SC        @608 @warning     : dKjM31ZDVRhu6kpPbnFiy4EQ2GglcLCH
python          @ALTud3SC        @610 @warning     : aO9XrZeykFLh0lc2m3ixb7vnpIsKw6Vt
python          @ALTud3SC        @611 @warning     : qS8aMkmCt7je0sWivU2nfuRVgp3Nd15D
python          @ALTud3SC        @612 @warning     : HB2Y6qtLGRk8A1zwZf3aiJMsDg7SFKoW
python          @ALTud3SC        @613 @warning     : wL3lpE24cviQNAsUfoeChFxZDyXRdnmg
python          @ALTud3SC        @624 @warning     : CwVatniobzNusgX4emh2AWMRZY6PlG8H
python          @ALTud3SC        @626 @warning     : 6OuKGqmsfiFT8l9hJCBE3WnbQ1RIapMx
python          @ALTud3SC        @628 @error       : rCbfVGRXaZzSmpY085OxN23I9wW7cjQq
python          @ALTud3SC        @630 @error       : B6jfQztWHh0nPSvpxGUu5DgKTiemOY28
python          @ALTud3SC        @631 @error       : delJX98STtuEn56zP7FQDkLjxpNY0IRf
python          @ALTud3SC        @633 @error       : IlGwbHJLjO1tgPTUoDVzn0y3CYq79S6A
python          @ALTud3SC        @641 @warning     : HvahxFDlXkGc4I9egj0mNJ8iEuOWwn6Q
python          @ALTud3SC        @645 @error       : g4wtVb5PBLo8dxulSenpiRs20vFk6jAD
python          @ALTud3SC        @646 @warning     : nITd4j8yilAzCr57RwNFStVhpZHbaJYg
python          @ALTud3SC        @647 @warning     : Tg0IO9ntfHUSdiEcqpoGhr8uvALDN12m
python          @ALTud3SC        @649 @error       : lLs03DYoVxnK4Uvagihu5y1eRptIfXB8
python          @ALTud3SC        @651 @error       : ftFNqGs5pwQyS1Pahku8rAxDOzMBgi69
python          @ALTud3SC        @653 @warning     : 0ub63qCRg9Pa4yUevlzpKx8XV1FhGZwY
python          @ALTud3SC        @654 @error       : SWBCmyc7VIj3fnZhToMNprK0vg5E46LU
python          @ALTud3SC        @655 @error       : 0VWYI1tde8PRgZ6H4ySxLarsnhXibpQK
python          @ALTud3SC        @658 @warning     : tr9sIxaDJh1ilnSFBP0AevEmGRXbcpL6
python          @ALTud3SC        @659 @warning     : lC3n970jgA14MmBIfxbTpGar6oYiHVNy
python          @ALTud3SC        @660 @warning     : WZ1eGL43Rxrycu2wUYzFikS0PEpn9ojT
python          @ALTud3SC        @662 @error       : 0rCaXAbyO6i4Fcxde9t1BGf3vqkWSJDn
python          @ALTud3SC        @663 @warning     : THagzYO9yermfXP6NAK4C5Fcp8ZWswx7
python          @ALTud3SC        @664 @warning     : DvRr5xdw8EC9zujFcSfI0GWlZM6OqbBU
python          @ALTud3SC        @665 @warning     : AR8PrjtK6hdFH5NkQ7yoBUsWwqZ4DC3I
python          @ALTud3SC        @668 @error       : sZivPmdQ0wkOTlohg6n8jAxEpzGK5eUq
python          @ALTud3SC        @669 @warning     : IeZhaHc9dqVTnmuAitNLF8J3oWY7SMKy
python          @ALTud3SC        @670 @error       : rtJzEy52ujU0KlVdoqepDwikh6Ls9Xva
python          @ALTud3SC        @671 @warning     : 81vrMYHQWcZSKVnU9uXw3eITyphd4N0L
python          @ALTud3SC        @675 @warning     : CJ9n35Ld8BxXDfrc2hNWjkstQgMEYRPi
python          @ALTud3SC        @676 @error       : X0ynaGr8hSsglUWP6kVeO2JmotAYfDuB
python          @ALTud3SC        @678 @error       : Eq8Vd1yG6WigHzcJClNrA4vbO7jheaDx
python          @ALTud3SC        @679 @error       : aGWRNiJAnrZYPgE1LedK0uUmHFhOpS9o
python          @ALTud3SC        @680 @error       : GziXR9FxV5P4yYsBA18LOnb3dgtEkTQH
python          @ALTud3SC        @681 @error       : krHsi6MpGY8BORxDeuUlvmA7o4dPN2Xq
python          @ALTud3SC        @684 @warning     : BcSmuGFtpN4bDdhgPMsfH6OYRrJ3e70X
python          @ALTud3SC        @690 @error       : 8SU2FipLEoM5Wh1vbJKQTGgzcqOC0rlt
python          @ALTud3SC        @693 @error       : FB7AGt0lvPZnTuoNcQWLrymqM23sh4Up
python          @ALTud3SC        @694 @error       : usTwNhO7CeyEkH8pPdrl1j5DibGWocMU
python          @ALTud3SC        @696 @error       : FxIwsuPNEJnR2LgOt1MhomB9QdT7a3VH
python          @ALTud3SC        @698 @warning     : 0MDPQz5Sr7v9Kq3EAflRay8xCVknI1bp
python          @ALTud3SC        @699 @error       : Gn8F2cD5VULxKbrfEoie0ah4I7mBMpvz
python          @ALTud3SC        @702 @error       : kY2Hfjg6KDCdiu0vE5AZnBVbx3UpFGeI
python          @ALTud3SC        @703 @error       : ibX9txdjPARISC8V7FMcYylgm4nT2B5k
python          @ALTud3SC        @706 @error       : zYZ4tpRdhr08bmx6TDKMWy35cfgioHCk
python          @ALTud3SC        @708 @warning     : N2Z843EFae7nubTKtJmBXPGlAprMQLqz
python          @ALTud3SC        @710 @warning     : n8yJcMYEBwCklbqvQge1uhjzIHVUo3sZ
python          @ALTud3SC        @711 @error       : 2cOHxrNCs9dDhAqpS7nbluYz1Vja0ZUw
python          @ALTud3SC        @712 @error       : Su4lRWhJV3wYUzZDOqnNdpTrFBy1jtfs
python          @ALTud3SC        @719 @error       : 1ZU0obeVz4WyYGcmI5xqwgRtnShDKEJC
python          @ALTud3SC        @721 @error       : UYhagE0AfqlJzDO26p8uBcXmvwdsNIK1
python          @ALTud3SC        @722 @error       : Rij4tNZIhu35EozWw1rPsLagKVDQvAde
python          @ALTud3SC        @723 @error       : kT7s3cvfuq9Iyh1YRMjD0W6Q2gaVFxlX
python          @ALTud3SC        @726 @error       : vtk4027luijHXcTGIqaSxDbrMUpZmsKW
python          @ALTud3SC        @732 @error       : ztTja3XB16mCGRUOJyKQ4fk2cnEergPs
python          @ALTud3SC        @735 @error       : HmbopKjEiZq7dJNeXxBzRV41skfIQPru
python          @ALTud3SC        @738 @error       : gXc8wCJUHKDpzGPxiV0YdA3qOrtsIZk7
python          @ALTud3SC        @739 @warning     : 6CLhD7VgTGMxZNoPt1e4lujYFrBbvznI
python          @ALTud3SC        @742 @error       : nF1alNhK4fiBUb9yOrHmM2qQds6zcuDo
python          @ALTud3SC        @745 @warning     : 1TwltAuS2LXb3CkyWBfZUoqMc4insG80
python          @ALTud3SC        @747 @warning     : hmfYHN5EKuWJMLI23nxaV6RlU0ycr8tS
python          @ALTud3SC        @748 @warning     : HUrK6g3EnD09eqLXiVspIGFYxPcbRwmz
python          @ALTud3SC        @749 @error       : eF5JLRAKo0Ssc7GPMiV9wDXfHWQdZh1z
python          @ALTud3SC        @750 @error       : ql3nPXv2oE5a9jreGcI1UFORyCAuKwf6
python          @ALTud3SC        @752 @error       : 26nO5wm3CVSQ8uAcsitfYURdKxh04IrZ
python          @ALTud3SC        @754 @error       : ngIUCGjb1HfidNTkS9sZ73v85DPzB0uy
python          @ALTud3SC        @755 @error       : ZMvg5P136yaTkdBmXiOSoKIDYbHfEFzC
python          @ALTud3SC        @756 @error       : rMFausvdIqbENo9gUG1SYyH8T0c5mzVW
python          @ALTud3SC        @761 @warning     : WOU3ZL8siuyBDKpth7zfQlIrGbTgMFmP
python          @ALTud3SC        @765 @error       : 0KJDbg1PeEihLsrYNO5xpGHoFv3VjT2X
python          @ALTud3SC        @766 @warning     : NFx2XyTO0g7PVs6WHwmpeIE5KDcknSQf
python          @ALTud3SC        @767 @error       : ym6OElfhGqSgzdMFVRuQieoZkP4XcT2K
python          @ALTud3SC        @775 @warning     : QYKTUiAv7jGhV0Nb4fEPz62yMsBF5c1a
python          @ALTud3SC        @776 @warning     : emvId5RSFG7hBtTEQoL9ljZVbDCH4kg2
python          @ALTud3SC        @778 @warning     : lgFXhsZbEqRpm18KV2c04t3vIrTke9CY
python          @ALTud3SC        @779 @warning     : pakRvt5OzUrjuNCXW2P40EnweTS98iBb
python          @ALTud3SC        @781 @error       : 76EMGXBT1qmstPJxlg3dA8baOYQ9f5oc
python          @ALTud3SC        @785 @error       : XGWocPJhLO2aA03nbjE1UFZ8xNSrmglv
python          @ALTud3SC        @787 @warning     : dPlTyDj3ok8Rs5cIXKAfLCHqOZniEuJb
python          @ALTud3SC        @788 @warning     : SWrZFRlq2ah8EKOowNBXDc1Lk56UfuYb
python          @ALTud3SC        @789 @error       : 2vc5XWZS8qLRmp6iDnfKOs7dhGTkluFx
python          @ALTud3SC        @793 @warning     : N4bcs8iYmnXk9JZ1ptUHvqwjr07x3IRG
python          @ALTud3SC        @794 @warning     : b0u1PyZx9vXISV3WpTwkO8sBamcAfChJ
python          @ALTud3SC        @795 @warning     : smrQ5RPiMFxHwJ8192hpqCzYtcXaoebg
python          @ALTud3SC        @801 @warning     : byVFZgxMwdoAvYpSXi93ctDP0NqkLJIn
python          @ALTud3SC        @802 @error       : rE2PUzvge7sLy0G81fQK6mu3ZtaMIdD4
python          @ALTud3SC        @804 @error       : YUXATms3n59NgGDfbdzhuPJ06SBr7Rqx
python          @ALTud3SC        @807 @error       : uEelBSDfdcFrPGAU2TbsjWVig915vyaJ
python          @ALTud3SC        @808 @error       : r12vmiDLadTljkoRyZg75FC4P0Sxt8UE
python          @ALTud3SC        @809 @error       : tzAX8q9wGRgxDJ3fCsuahVZOl6ykMSQH
python          @ALTud3SC        @815 @error       : IVaPlikcFOUoJ5RzyhL1BZHeXsW42TY7
python          @ALTud3SC        @817 @error       : 5iEA82X4afvJMhscI3yxlkFYCg0LHpVG
python          @ALTud3SC        @818 @error       : SPIqwXpWmyJ0F8EQx5N4hn2vKzLa6UM7
python          @ALTud3SC        @820 @error       : 8eqDhRPiUEusVy94bKWBkpfImcO1zFMg
python          @ALTud3SC        @822 @warning     : ojDJC9ZncHu3yErf6O8NthXPx7VQa4eM
python          @ALTud3SC        @823 @error       : Ey46CFkhUi3qlR9Kc80AjJITanmPp5NV
python          @ALTud3SC        @827 @error       : Kw1mhWU8XitqQHSDe4RO73p6rnTBYNzA
python          @ALTud3SC        @828 @error       : njivAeOZXWUhBR9pTF03PYu8xyNkqCVE
python          @ALTud3SC        @832 @warning     : rWEOyVhHtb1C5Xezd8LlcPBUZQIGg93q
python          @ALTud3SC        @833 @warning     : aOEyh83omsW0kpUzuVnXD4TceNdJH2rA
python          @ALTud3SC        @834 @warning     : UqISlN8z9LOmuKZ7Rpja6oHtsdYw2B10
python          @ALTud3SC        @836 @error       : e8uA6wHkJ4VDqyRdsPMf7Fn25hQLrjIz
python          @ALTud3SC        @837 @warning     : IGNpzntOsT70y4rw5qMhPuLWlcBbeaiY
python          @ALTud3SC        @838 @warning     : WQ5G03eZ6hrDVUvBwx7iJmgOEj9zlPMp
python          @ALTud3SC        @839 @warning     : QEqm2I8i0OhJU7sWjT1BHMDP6NXYCoSe
python          @ALTud3SC        @841 @warning     : JFqBmg6dTbe5ECVUWAG9Y1LsvrjQoNPI
python          @ALTud3SC        @842 @warning     : MtKHXbgcZVGoQC01esYNnp82r5yTuJwR
python          @ALTud3SC        @843 @warning     : IeBArRpJDy6WP0wKUSmZcFL1EsTltd9z
python          @ALTud3SC        @844 @error       : OXA6KQJ0Ft8mMD52ijshLIbzfndVoNl7
python          @ALTud3SC        @848 @warning     : tZpMTLnD1z9HfcGVUqyvrsl7OWSNAimu
python          @ALTud3SC        @849 @error       : MbWI9aZFoT0l5gjkVCe4scBySRwUnmKt
python          @ALTud3SC        @852 @error       : QVDvliMoAnLw36xd1uXJy2eIF4bCj7GK
python          @ALTud3SC        @853 @error       : wlbHYjrymNBscQOZL5WIkT3DXaG812zx
python          @ALTud3SC        @854 @warning     : Q68AgSHEYrXy7GUvjCZtNBflksO2qI5o
python          @ALTud3SC        @855 @error       : FkiDVc43PswnKGxqJ0By1jp6RUXME8d9
python          @ALTud3SC        @859 @error       : OoYt5cWq7MasGPV3B2uZFHQrNw9ymJkI
python          @ALTud3SC        @864 @error       : 1RJu75OoTnwaDdWFY42VQjeszU6LtryE
python          @ALTud3SC        @866 @error       : JKbAcdRu2WCHmp0PwYv5qoN1GtTyV6XU
python          @ALTud3SC        @868 @warning     : ycWSJk2ZhQbUBu4X5FRixrg7lKVT8dCE
python          @ALTud3SC        @869 @warning     : GPfbwYCsXVErgRaQxDj795kKH4o28LJy
python          @ALTud3SC        @870 @warning     : ilgXOeos4ctMz7Zq2V615wIamKBAxDkh
python          @ALTud3SC        @871 @error       : 4XVH0twgEQUTuNqzaMvsbiF2ocGP8eK1
python          @ALTud3SC        @872 @warning     : asvJ3ZkEXcrTye94F08CK2NYuxH5ILD1
python          @ALTud3SC        @874 @warning     : Eg7ywCWYi0cQXZN9vP2e6IuDknqAbJVM
python          @ALTud3SC        @878 @error       : rGwRxySg1AmEI49FLuqbCzD7akjTH32O
python          @ALTud3SC        @880 @error       : ELTslWS1Vj8G7B4kaNeUHZb6ArCOyg5R
python          @ALTud3SC        @883 @error       : jGLWHa2ORedstuXfSmExQvw90UK7TilP
python          @ALTud3SC        @889 @warning     : z6uZU3nBayj5NKXJFTQt8scPkCGV2hHY
python          @ALTud3SC        @890 @error       : sgjDEnVCp1ORiLtMomBy0dZXw2NG8rIk
python          @ALTud3SC        @891 @warning     : KXFZCydSmv1MENzRPWhp6fQqOGL7U49D
python          @ALTud3SC        @892 @error       : DS6skRhTZ9v0rAOCIUGi4fY2QcEdWBbj
python          @ALTud3SC        @893 @warning     : DrFsukN8oPO4vc17BAXf95IhZnJ2xlmw
python          @ALTud3SC        @894 @warning     : qy50Nu1Yk4OgBwi7hvTIXp9VH3ojfPJS
python          @ALTud3SC        @895 @warning     : QbDN6s7MkpJIfd5vYaKVHtPhTw0xiCgA
python          @ALTud3SC        @902 @warning     : csBJWkDIrvqpTNK1C6OozRawQ5MlLFZn
python          @ALTud3SC        @903 @warning     : im9yV35CEfvjHW7z0e62qGtAuDgXcxTQ
python          @ALTud3SC        @907 @error       : msTrSiWwA918QdqKfCLcNa4DEM5vPRVB
python          @ALTud3SC        @908 @warning     : ydVLnKZRUO9GAm37ue2xb8lrFigT5tzq
python          @ALTud3SC        @911 @warning     : pX95WMFLVzUtPK2RydIObrnxkfJoCHa1
python          @ALTud3SC        @913 @warning     : izIT0wn9GFXE36ChvNrBMVxmQsKYWSly
python          @ALTud3SC        @914 @error       : xlo2vJc5zDNTOHMeqyKWCLRbAYiUEGFm
python          @ALTud3SC        @915 @warning     : 7qWNbxTSfkIrXlw1z8uQoZiF9AJ4tEOG
python          @ALTud3SC        @918 @error       : LStR0APjO5dKaxD6QzFMT4HlbZ2pGBkC
python          @ALTud3SC        @919 @warning     : d5m2Ep6u3nJrRVoHZKjOcUy4GNwXI9QS
python          @ALTud3SC        @920 @error       : m5ejEWgofut2wB4PC9QTGaZ1kA8hSF0K
python          @ALTud3SC        @922 @error       : wMZA6EDH0Q2Lyra1PmSoWFIVBsxqp4ng
python          @ALTud3SC        @923 @error       : m1gL76qGUnAjtehVaQI20PSzyTpbHduf
python          @ALTud3SC        @924 @error       : sAxCUL2qf7kjBh8KHS1pmQnbtzwgJeYy
python          @ALTud3SC        @929 @warning     : HwdI7a0cxuPBYontK2A63NjXeGy5VFmk
python          @ALTud3SC        @930 @error       : ZVMnXrY9i7tUyHaGsqg2TwBQdILuOjWv
python          @ALTud3SC        @935 @error       : yRB2lS0UWuQt9KLNYrscCnpqOJGe5Fjz
python          @ALTud3SC        @937 @error       : EDFxSMamLBsnHZI8NCKuvJpfQG6k4clw
python          @ALTud3SC        @938 @error       : 1ezL9lXBbqRcrWyvgP725FIZhNwmdxAT
python          @ALTud3SC        @939 @warning     : y4W2GusoHTUMSC5zBfcaXqxFNgEQDbOh
python          @ALTud3SC        @940 @warning     : 38RNChgKnX2fW7ADTM4yGVopztQHlZLI
python          @ALTud3SC        @941 @warning     : wVoFOEfLU2hkHSlx8cYKzGMbT7pqBiy6
python          @ALTud3SC        @942 @warning     : X1SrQwclADPzjquFt6B4NpMEihd5xY3O
python          @ALTud3SC        @944 @error       : Swmv8ZH95O1PbXKLEGecsnTit4lY3xIU
python          @ALTud3SC        @947 @error       : 27wRMh9yYIEPpXWumTDBcakrzOdHZVLj
python          @ALTud3SC        @948 @warning     : i3z1eSmLAVE2kGJDUf4awh7Yy6CtclsT
python          @ALTud3SC        @950 @error       : rBtRmXgu3Di76plxjSaAfVOzeq2HPJUo
python          @ALTud3SC        @951 @error       : KifAkwQahV50E3v6yDuWns1YqMgCcJIt
python          @ALTud3SC        @952 @warning     : PxtJ9AlmIBK3pHg561cGaNvYsfFu7EZ4
python          @ALTud3SC        @953 @error       : ZhFzt75A3cD0XdVykNr2SQmBJoUWYMLE
python          @ALTud3SC        @955 @error       : BTRf7MLISPExt1pV8c09CgWmr4kJvdaH
python          @ALTud3SC        @956 @error       : gQh0pVO8ybsGkRWJXNY5Evurq6Bi73LC
python          @ALTud3SC        @958 @error       : 9uMORcX2voCkb4nS0pxw1LTJjY5edWtU
python          @ALTud3SC        @961 @warning     : lGCiQEMqApKYbXcy7rwe1oaOU9hxfz5R
python          @ALTud3SC        @962 @warning     : 1rymWdUYPeQRajTvSC39pFsMbt5wo6Ng
python          @ALTud3SC        @963 @warning     : X7Ha5xIocQ0LdOkiKyAfT1esWNUEuDtb
python          @ALTud3SC        @964 @warning     : bHML67hNe24GjwcPBa9sTFCYkxoDqJ3X
python          @ALTud3SC        @965 @warning     : VYs4TjS9gLXupIJ8KnZhF16fGiQ0mbE5
python          @ALTud3SC        @966 @error       : LY8kim7rQT9DHJGfdFUw0pXntRuy2bOz
python          @ALTud3SC        @967 @error       : G34LkH8eRd1sIh0YU72ZKxiPwEgnjlQF
python          @ALTud3SC        @969 @warning     : QYdUamik5uEBcC0wIxK9gDjq8PSfhWFN
python          @ALTud3SC        @970 @error       : Y5gpmtKGwMTLhn0lZjEFdVf36i4syIOJ
python          @ALTud3SC        @976 @warning     : I0fTVobdencXQWxRCypSO2Dtwhu1iGqF
python          @ALTud3SC        @979 @error       : easl9F4oSPdtZw2AKMfqcIV0pCzEXmLy
python          @ALTud3SC        @981 @error       : iw5CyN6lQmkO8K2BGv7FesxpqUHIWRat
python          @ALTud3SC        @982 @warning     : 4jYItrTRZFxKGwgfhJQzpLbmHSk2dDav
python          @ALTud3SC        @984 @error       : r97DEUiqbOjyg08YdXZKoPQlSTvGNA4L
python          @ALTud3SC        @985 @warning     : msTcg6l9tqBhNoC3nOrdHILW0D8XzeP1
python          @ALTud3SC        @986 @error       : RsgpzQN2HCyTDPIZwx5fFjKVeB6o1GqJ
python          @ALTud3SC        @988 @warning     : gFIZD9tEXMqSTNnzhkw1LuKjQvx7oOUe
python          @ALTud3SC        @989 @warning     : 1NWRdEoPvMg9imbn28J60kFlp4fxUjZt
python          @ALTud3SC        @990 @warning     : yNSCAT9dhFpVn1qLuIOw5YbzMJvc0UH4
python          @ALTud3SC        @994 @error       : o0Gzl2uDMOUh9evIdjJi8rERksAcQPaf
python          @ALTud3SC        @995 @error       : FP9IzY20kyb7KURMpenfHQNSTum81l64
python          @ALTud3SC        @998 @warning     : zHgGVAZca637dhtf0OvpboKUr5JSxq8X
python          @ALTud3SC        @1000@warning     : aUqXkhrdEAYySzM54xIjFNZuwRT3CveV
python          @ALTud3SC        @1005@error       : XRaQl2VihTHSJKcwqoGnB78mp30edWAC
python          @ALTud3SC        @1008@warning     : pf9DB5suM1cZnFCQdiJPby3X2eG0zImU
python          @ALTud3SC        @1010@warning     : ZQUXlOK3pHrG4JjItBhgAaTcSf7dPFe8
python          @ALTud3SC        @1014@warning     : MeYZEToKcXGA0SdrvVPRgalwk8nI6p1U
python          @ALTud3SC        @1017@warning     : Zhfx8mcbVjTn4puKy1lzXs3HwaFiSNUP
python          @ALTud3SC        @1018@error       : DJAL3avXYtw1zod7sF6umjiekgQh5lSR
python          @ALTud3SC        @1022@error       : VnGOdwYJaRhP4Mzuk05g9rcZsA7UCmS2
python          @ALTud3SC        @1023@warning     : iK6orXd1Au3BnI82cEqj9wgC5a4eFPVT
python          @ALTud3SC        @1026@error       : EobSPsvNI2yx63hVDUYGcF7lRk8aKnQB
python          @ALTud3SC        @1027@warning     : yDL5hXlfgU9iokQ1TxVObjtPpHSBz0n4
python          @ALTud3SC        @1028@error       : NqkUBIy5M2Q1z3f4iEmplabnPxDWor6d
python          @ALTud3SC        @1029@error       : 1gYyTpjNqbuih69MzfWe4DE0UJamIVSO
python          @ALTud3SC        @1030@warning     : zKRys0vLAJHxgIeobt56ncNYfXUDC9F7
python          @ALTud3SC        @1031@warning     : H36OzyhWMwgSkuIL2v8YmDFU9f7AqGNR
python          @ALTud3SC        @1033@error       : uHoft1w4qnO80vBTMIKpGAxR9miSFdrE
python          @ALTud3SC        @1039@warning     : R0lFOWvP4HUpn7Kf3eajuCX2tr8g5M6D
python          @ALTud3SC        @1040@warning     : OLvbj04kVKNytF1CUemYTfXRqw3dn8AM
python          @ALTud3SC        @1042@error       : EZ7OcH0FNjq92RBXiG58albDWI1PTeCy
python          @ALTud3SC        @1043@error       : 2bhMEWKi4qLkT0Ja5OIZFHB3vSdDrnAe
python          @ALTud3SC        @1044@error       : Ip4rNQxq2Est6YoizORTJGDPLmfd8cvw
python          @ALTud3SC        @1045@warning     : yMrU1OS8zKWJ6a3tm9RowQPZp5dvj0Vc
python          @ALTud3SC        @1046@warning     : FcMIm5dD1l7pP2NqQi6avjJx8yHbTOL4
python          @ALTud3SC        @1049@warning     : ismxBD1FLRuzbNqVXG6YpEnac9eCjM5U
python          @ALTud3SC        @1050@warning     : aATN70qHsFCtDmESzk4WBO6UYJV5wl8Q
python          @ALTud3SC        @1051@error       : 2sbLCxgXNEQJORYhUydGTe1PzA60klBm
python          @ALTud3SC        @1052@error       : pyd1mn5QXWI7cHhS3tLb0j9CYfKzVUuw
python          @ALTud3SC        @1053@error       : eoHxf6YPOhJv7pjGTua9gEU8z3FKi4N0
python          @ALTud3SC        @1054@error       : 6QXBx5YbAqoluEW3St9nKM7pwvjmRePs
python          @ALTud3SC        @1055@error       : UK6QJ0tsYqVDioCBA9Puv3Xrljgh7pIa
python          @ALTud3SC        @1057@warning     : XEDsYwHb6kOM51jTt2VdraRWJy7Zic90
python          @ALTud3SC        @1060@warning     : 5E3krFXaRUvjPMgK6Bbux19OAwSLl87G
python          @ALTud3SC        @1063@error       : jMAxBOG2ENdCm1kRn6qPZtfr07lpIyuT
python          @ALTud3SC        @1068@warning     : SxPrb7pOCXfj4MIo0T8iLBh6VdHKEyq2
python          @ALTud3SC        @1069@error       : glKuiR92qeYk7nHGbdFLIpcxoCa4VtBN
python          @ALTud3SC        @1070@warning     : U3GIiHt2ElBsSLpCnNcDK1Jx8YMVba9e
python          @ALTud3SC        @1072@error       : hdRuYWEzVw9kcrNJlAX3q1OKDv48BLUx
python          @ALTud3SC        @1073@warning     : B8lzfAyq0I47GJujre1HT2SFbXc5O3os
python          @ALTud3SC        @1074@error       : 6P2FEz3nkDwGV1MvC9lxjyUbOHm5Y7qK
python          @ALTud3SC        @1081@warning     : UigdFMhfWPDQckexOGEHbYAXV60N3js7
python          @ALTud3SC        @1082@error       : fC6qSl9PVyr3eHsnphLUZ8RMKGcYJzFd
python          @ALTud3SC        @1083@warning     : cH9gr8U1L3NWZwThm6DMyuIon2jAJFzf
python          @ALTud3SC        @1090@warning     : kUNVcRvqoe7ymMGgLBZhfuw86IrCFzTH
python          @ALTud3SC        @1092@error       : VgjDsp6cxYtSahqTH9rABMkWvPboin3I
python          @ALTud3SC        @1094@error       : gy71mIYZqBWAV6huKfUoM23wpiSEaPev
python          @ALTud3SC        @1095@warning     : K7bwi8QDo4gsSC6Mxk5AtFqVfOlaWGvJ
python          @ALTud3SC        @1098@error       : 9dufcT0SOayKQkgLrNqnpwG6Re72YDAj
python          @ALTud3SC        @1099@warning     : jQkKJbH1NxyDTU752Lm4h8epPciaCruv
python          @ALTud3SC        @1102@warning     : 3Vx0D7h5yEdZCfIH1sbpNOmWn8jRGaiM
python          @ALTud3SC        @1105@warning     : DukSJI5lBbQv6q3ZNjeK1xhar8UTtEgL
python          @ALTud3SC        @1106@error       : yHAvD01Z6G9QTjt8bXf2KNJLkhcrognd
python          @ALTud3SC        @1107@error       : PsKm8TSiZO1n3p20lNJgoHwUryIx9FbW
python          @ALTud3SC        @1109@warning     : bdnEOLqJxu0WVZ5N6KfIrRDX9sSclAGH
python          @ALTud3SC        @1110@error       : OKi2JZ0wE1dXpS8Y3BqHCfIAlQtRDcPm
python          @ALTud3SC        @1111@warning     : UVjFtIwMbKuEs6okRD2gyv4e1acShXdJ
python          @ALTud3SC        @1112@warning     : QRxhmKBWMXLNSUIu2leHOtV0w9q4bETy
python          @ALTud3SC        @1113@warning     : rS6TNo4ZlP1nLQJMDXCGxuAti83w2OHY
python          @ALTud3SC        @1114@error       : evKh6tjyGIQPgSYCcJElfH1nN4aMVO2b
python          @ALTud3SC        @1115@warning     : 1NYxnWIXTRAePMz9s8FSEidmfloraH56
python          @ALTud3SC        @1116@error       : xtXeRAFa1yrIhdNTJMZClzQmjUPO8b42
python          @ALTud3SC        @1119@warning     : 0XTbDqKyfcdtLAM1Y7oCaI6xlBmWhHwv
python          @ALTud3SC        @1120@error       : tzBj7JDYTWVE463ZiuomNawgQCeAydLX
python          @ALTud3SC        @1122@warning     : oGm5E9fpgBzhAjUv2t0L6bVkwcQyFO4X
python          @ALTud3SC        @1125@error       : TWr8c1j4inEZ0aqYSkQfuC2OzsbyPeBp
python          @ALTud3SC        @1126@error       : AP8gWucdQKx0jbhYOaV6NHB93pk5TS7D
python          @ALTud3SC        @1128@error       : 9uTeCAR4DZU65K0jSEhGVo3vIzFJHaBM
python          @ALTud3SC        @1129@warning     : kH7V26AOrYXZ1nIxEl3vmPUGJqBeaKt4
python          @ALTud3SC        @1132@warning     : Q3HNYCP1Fv9EB7w0zyVMnRZmkg8OIuXS
python          @ALTud3SC        @1135@warning     : qNsW5niE4eL27vFIUdbOxJ0ChRuAY8QS
python          @ALTud3SC        @1136@error       : hPMYGRKUoS631lBy2XrfbJDvwkFe5jis
python          @ALTud3SC        @1139@error       : QkyhatjizFJYEKwLpoXBI6Nn53vSe1gH
